Start auto log messages stack - Iteration 1.	[MsgId: MMSG-10545]
Action.c(211): Notify: Transaction "UC05_TR01_Login" ended with a "Pass" status (Duration: 0,4804 Wasted Time: 0,0003).	[MsgId: MMSG-16871]
Action.c(214): Notify: Transaction "UC05_TR02_Go_Trending" started.	[MsgId: MMSG-16999]
Action.c(216): web_add_auto_header("Priority") started  	[MsgId: MMSG-26355]
Action.c(216): web_add_auto_header("Priority") was successful  	[MsgId: MMSG-26392]
Action.c(219): lr_think_time: 7,00 seconds.	[MsgId: MMSG-15948]
Action.c(221): web_url("slaReportProfile") started  	[MsgId: MMSG-26355]
Action.c(221): Downloading resource "https://dev-boomq.pflb.ru/static/media/arrow_down.6be88730f13ef3a159f4ef4438670da1.svg" (specified by argument number 10)  	[MsgId: MMSG-26577]
Action.c(221): Downloading resource "https://dev-boomq.pflb.ru/static/media/arrow.659530470e6be7b696f0d3d15a3179f5.svg" (specified by argument number 13)  	[MsgId: MMSG-26577]
Action.c(221): Error -26612: HTTP Status-Code=500 (Internal Server Error) for "https://dev-boomq.pflb.ru/test-srv/slaReportProfile"  	[MsgId: MERR-26612]
End auto log messages stack.	[MsgId: MMSG-10544]

Start auto log messages stack - Iteration 2.	[MsgId: MMSG-10545]
Action.c(211): Notify: Transaction "UC05_TR01_Login" ended with a "Pass" status (Duration: 0,4949 Wasted Time: 0,0003).	[MsgId: MMSG-16871]
Action.c(214): Notify: Transaction "UC05_TR02_Go_Trending" started.	[MsgId: MMSG-16999]
Action.c(216): web_add_auto_header("Priority") started  	[MsgId: MMSG-26355]
Action.c(216): web_add_auto_header("Priority") was successful  	[MsgId: MMSG-26392]
Action.c(219): lr_think_time: 11,00 seconds.	[MsgId: MMSG-15948]
Action.c(221): web_url("slaReportProfile") started  	[MsgId: MMSG-26355]
Action.c(221): Downloading resource "https://dev-boomq.pflb.ru/static/media/arrow_down.6be88730f13ef3a159f4ef4438670da1.svg" (specified by argument number 10)  	[MsgId: MMSG-26577]
Action.c(221): Downloading resource "https://dev-boomq.pflb.ru/static/media/arrow.659530470e6be7b696f0d3d15a3179f5.svg" (specified by argument number 13)  	[MsgId: MMSG-26577]
Action.c(221): Error -26612: HTTP Status-Code=500 (Internal Server Error) for "https://dev-boomq.pflb.ru/test-srv/slaReportProfile"  	[MsgId: MERR-26612]
End auto log messages stack.	[MsgId: MMSG-10544]

Start auto log messages stack - Iteration 3.	[MsgId: MMSG-10545]
Action.c(211): Notify: Transaction "UC05_TR01_Login" ended with a "Pass" status (Duration: 0,4734 Wasted Time: 0,0003).	[MsgId: MMSG-16871]
Action.c(214): Notify: Transaction "UC05_TR02_Go_Trending" started.	[MsgId: MMSG-16999]
Action.c(216): web_add_auto_header("Priority") started  	[MsgId: MMSG-26355]
Action.c(216): web_add_auto_header("Priority") was successful  	[MsgId: MMSG-26392]
Action.c(219): lr_think_time: 7,00 seconds.	[MsgId: MMSG-15948]
Action.c(221): web_url("slaReportProfile") started  	[MsgId: MMSG-26355]
Action.c(221): Downloading resource "https://dev-boomq.pflb.ru/static/media/arrow_down.6be88730f13ef3a159f4ef4438670da1.svg" (specified by argument number 10)  	[MsgId: MMSG-26577]
Action.c(221): Downloading resource "https://dev-boomq.pflb.ru/static/media/arrow.659530470e6be7b696f0d3d15a3179f5.svg" (specified by argument number 13)  	[MsgId: MMSG-26577]
Action.c(221): Error -26612: HTTP Status-Code=500 (Internal Server Error) for "https://dev-boomq.pflb.ru/test-srv/slaReportProfile"  	[MsgId: MERR-26612]
End auto log messages stack.	[MsgId: MMSG-10544]

Start auto log messages stack - Iteration 4.	[MsgId: MMSG-10545]
Action.c(211): Notify: Transaction "UC05_TR01_Login" ended with a "Pass" status (Duration: 0,4831 Wasted Time: 0,0002).	[MsgId: MMSG-16871]
Action.c(214): Notify: Transaction "UC05_TR02_Go_Trending" started.	[MsgId: MMSG-16999]
Action.c(216): web_add_auto_header("Priority") started  	[MsgId: MMSG-26355]
Action.c(216): web_add_auto_header("Priority") was successful  	[MsgId: MMSG-26392]
Action.c(219): lr_think_time: 12,00 seconds.	[MsgId: MMSG-15948]
Action.c(221): web_url("slaReportProfile") started  	[MsgId: MMSG-26355]
Action.c(221): Downloading resource "https://dev-boomq.pflb.ru/static/media/arrow_down.6be88730f13ef3a159f4ef4438670da1.svg" (specified by argument number 10)  	[MsgId: MMSG-26577]
Action.c(221): Downloading resource "https://dev-boomq.pflb.ru/static/media/arrow.659530470e6be7b696f0d3d15a3179f5.svg" (specified by argument number 13)  	[MsgId: MMSG-26577]
Action.c(221): Error -26612: HTTP Status-Code=500 (Internal Server Error) for "https://dev-boomq.pflb.ru/test-srv/slaReportProfile"  	[MsgId: MERR-26612]
End auto log messages stack.	[MsgId: MMSG-10544]

Start auto log messages stack - Iteration 5.	[MsgId: MMSG-10545]
Action.c(211): Notify: Transaction "UC05_TR01_Login" ended with a "Pass" status (Duration: 0,4834 Wasted Time: 0,0004).	[MsgId: MMSG-16871]
Action.c(214): Notify: Transaction "UC05_TR02_Go_Trending" started.	[MsgId: MMSG-16999]
Action.c(216): web_add_auto_header("Priority") started  	[MsgId: MMSG-26355]
Action.c(216): web_add_auto_header("Priority") was successful  	[MsgId: MMSG-26392]
Action.c(219): lr_think_time: 11,00 seconds.	[MsgId: MMSG-15948]
Action.c(221): web_url("slaReportProfile") started  	[MsgId: MMSG-26355]
Action.c(221): Downloading resource "https://dev-boomq.pflb.ru/static/media/arrow_down.6be88730f13ef3a159f4ef4438670da1.svg" (specified by argument number 10)  	[MsgId: MMSG-26577]
Action.c(221): Downloading resource "https://dev-boomq.pflb.ru/static/media/arrow.659530470e6be7b696f0d3d15a3179f5.svg" (specified by argument number 13)  	[MsgId: MMSG-26577]
Action.c(221): Error -26612: HTTP Status-Code=500 (Internal Server Error) for "https://dev-boomq.pflb.ru/test-srv/slaReportProfile"  	[MsgId: MERR-26612]
End auto log messages stack.	[MsgId: MMSG-10544]

Start auto log messages stack - Iteration 6.	[MsgId: MMSG-10545]
Action.c(211): Notify: Transaction "UC05_TR01_Login" ended with a "Pass" status (Duration: 0,5130 Wasted Time: 0,0004).	[MsgId: MMSG-16871]
Action.c(214): Notify: Transaction "UC05_TR02_Go_Trending" started.	[MsgId: MMSG-16999]
Action.c(216): web_add_auto_header("Priority") started  	[MsgId: MMSG-26355]
Action.c(216): web_add_auto_header("Priority") was successful  	[MsgId: MMSG-26392]
Action.c(219): lr_think_time: 5,00 seconds.	[MsgId: MMSG-15948]
Action.c(221): web_url("slaReportProfile") started  	[MsgId: MMSG-26355]
Action.c(221): Downloading resource "https://dev-boomq.pflb.ru/static/media/arrow_down.6be88730f13ef3a159f4ef4438670da1.svg" (specified by argument number 10)  	[MsgId: MMSG-26577]
Action.c(221): Downloading resource "https://dev-boomq.pflb.ru/static/media/arrow.659530470e6be7b696f0d3d15a3179f5.svg" (specified by argument number 13)  	[MsgId: MMSG-26577]
Action.c(221): Error -26612: HTTP Status-Code=500 (Internal Server Error) for "https://dev-boomq.pflb.ru/test-srv/slaReportProfile"  	[MsgId: MERR-26612]
End auto log messages stack.	[MsgId: MMSG-10544]

Start auto log messages stack - Iteration 7.	[MsgId: MMSG-10545]
Action.c(211): Notify: Transaction "UC05_TR01_Login" ended with a "Pass" status (Duration: 0,4900 Wasted Time: 0,0003).	[MsgId: MMSG-16871]
Action.c(214): Notify: Transaction "UC05_TR02_Go_Trending" started.	[MsgId: MMSG-16999]
Action.c(216): web_add_auto_header("Priority") started  	[MsgId: MMSG-26355]
Action.c(216): web_add_auto_header("Priority") was successful  	[MsgId: MMSG-26392]
Action.c(219): lr_think_time: 5,00 seconds.	[MsgId: MMSG-15948]
Action.c(221): web_url("slaReportProfile") started  	[MsgId: MMSG-26355]
Action.c(221): Downloading resource "https://dev-boomq.pflb.ru/static/media/arrow_down.6be88730f13ef3a159f4ef4438670da1.svg" (specified by argument number 10)  	[MsgId: MMSG-26577]
Action.c(221): Downloading resource "https://dev-boomq.pflb.ru/static/media/arrow.659530470e6be7b696f0d3d15a3179f5.svg" (specified by argument number 13)  	[MsgId: MMSG-26577]
Action.c(221): Error -26612: HTTP Status-Code=500 (Internal Server Error) for "https://dev-boomq.pflb.ru/test-srv/slaReportProfile"  	[MsgId: MERR-26612]
End auto log messages stack.	[MsgId: MMSG-10544]

Start auto log messages stack - Iteration 8.	[MsgId: MMSG-10545]
Action.c(211): Notify: Transaction "UC05_TR01_Login" ended with a "Pass" status (Duration: 0,4740 Wasted Time: 0,0003).	[MsgId: MMSG-16871]
Action.c(214): Notify: Transaction "UC05_TR02_Go_Trending" started.	[MsgId: MMSG-16999]
Action.c(216): web_add_auto_header("Priority") started  	[MsgId: MMSG-26355]
Action.c(216): web_add_auto_header("Priority") was successful  	[MsgId: MMSG-26392]
Action.c(219): lr_think_time: 8,00 seconds.	[MsgId: MMSG-15948]
Action.c(221): web_url("slaReportProfile") started  	[MsgId: MMSG-26355]
Action.c(221): Downloading resource "https://dev-boomq.pflb.ru/static/media/arrow_down.6be88730f13ef3a159f4ef4438670da1.svg" (specified by argument number 10)  	[MsgId: MMSG-26577]
Action.c(221): Downloading resource "https://dev-boomq.pflb.ru/static/media/arrow.659530470e6be7b696f0d3d15a3179f5.svg" (specified by argument number 13)  	[MsgId: MMSG-26577]
Action.c(221): Error -26612: HTTP Status-Code=500 (Internal Server Error) for "https://dev-boomq.pflb.ru/test-srv/slaReportProfile"  	[MsgId: MERR-26612]
End auto log messages stack.	[MsgId: MMSG-10544]

Start auto log messages stack - Iteration 9.	[MsgId: MMSG-10545]
Action.c(211): Notify: Transaction "UC05_TR01_Login" ended with a "Pass" status (Duration: 0,5089 Wasted Time: 0,0003).	[MsgId: MMSG-16871]
Action.c(214): Notify: Transaction "UC05_TR02_Go_Trending" started.	[MsgId: MMSG-16999]
Action.c(216): web_add_auto_header("Priority") started  	[MsgId: MMSG-26355]
Action.c(216): web_add_auto_header("Priority") was successful  	[MsgId: MMSG-26392]
Action.c(219): lr_think_time: 5,00 seconds.	[MsgId: MMSG-15948]
Action.c(221): web_url("slaReportProfile") started  	[MsgId: MMSG-26355]
Action.c(221): Downloading resource "https://dev-boomq.pflb.ru/static/media/arrow_down.6be88730f13ef3a159f4ef4438670da1.svg" (specified by argument number 10)  	[MsgId: MMSG-26577]
Action.c(221): Downloading resource "https://dev-boomq.pflb.ru/static/media/arrow.659530470e6be7b696f0d3d15a3179f5.svg" (specified by argument number 13)  	[MsgId: MMSG-26577]
Action.c(221): Error -26612: HTTP Status-Code=500 (Internal Server Error) for "https://dev-boomq.pflb.ru/test-srv/slaReportProfile"  	[MsgId: MERR-26612]
End auto log messages stack.	[MsgId: MMSG-10544]

Start auto log messages stack - Iteration 10.	[MsgId: MMSG-10545]
Action.c(211): Notify: Transaction "UC05_TR01_Login" ended with a "Pass" status (Duration: 0,4773 Wasted Time: 0,0003).	[MsgId: MMSG-16871]
Action.c(214): Notify: Transaction "UC05_TR02_Go_Trending" started.	[MsgId: MMSG-16999]
Action.c(216): web_add_auto_header("Priority") started  	[MsgId: MMSG-26355]
Action.c(216): web_add_auto_header("Priority") was successful  	[MsgId: MMSG-26392]
Action.c(219): lr_think_time: 10,00 seconds.	[MsgId: MMSG-15948]
Action.c(221): web_url("slaReportProfile") started  	[MsgId: MMSG-26355]
Action.c(221): Downloading resource "https://dev-boomq.pflb.ru/static/media/arrow_down.6be88730f13ef3a159f4ef4438670da1.svg" (specified by argument number 10)  	[MsgId: MMSG-26577]
Action.c(221): Downloading resource "https://dev-boomq.pflb.ru/static/media/arrow.659530470e6be7b696f0d3d15a3179f5.svg" (specified by argument number 13)  	[MsgId: MMSG-26577]
Action.c(221): Error -26612: HTTP Status-Code=500 (Internal Server Error) for "https://dev-boomq.pflb.ru/test-srv/slaReportProfile"  	[MsgId: MERR-26612]
End auto log messages stack.	[MsgId: MMSG-10544]

Start auto log messages stack - Iteration 11.	[MsgId: MMSG-10545]
Action.c(211): Notify: Transaction "UC05_TR01_Login" ended with a "Pass" status (Duration: 0,4656 Wasted Time: 0,0003).	[MsgId: MMSG-16871]
Action.c(214): Notify: Transaction "UC05_TR02_Go_Trending" started.	[MsgId: MMSG-16999]
Action.c(216): web_add_auto_header("Priority") started  	[MsgId: MMSG-26355]
Action.c(216): web_add_auto_header("Priority") was successful  	[MsgId: MMSG-26392]
Action.c(219): lr_think_time: 11,00 seconds.	[MsgId: MMSG-15948]
Action.c(221): web_url("slaReportProfile") started  	[MsgId: MMSG-26355]
Action.c(221): Downloading resource "https://dev-boomq.pflb.ru/static/media/arrow_down.6be88730f13ef3a159f4ef4438670da1.svg" (specified by argument number 10)  	[MsgId: MMSG-26577]
Action.c(221): Downloading resource "https://dev-boomq.pflb.ru/static/media/arrow.659530470e6be7b696f0d3d15a3179f5.svg" (specified by argument number 13)  	[MsgId: MMSG-26577]
Action.c(221): Error -26612: HTTP Status-Code=500 (Internal Server Error) for "https://dev-boomq.pflb.ru/test-srv/slaReportProfile"  	[MsgId: MERR-26612]
End auto log messages stack.	[MsgId: MMSG-10544]

Start auto log messages stack - Iteration 12.	[MsgId: MMSG-10545]
Action.c(211): Notify: Transaction "UC05_TR01_Login" ended with a "Pass" status (Duration: 0,4782 Wasted Time: 0,0002).	[MsgId: MMSG-16871]
Action.c(214): Notify: Transaction "UC05_TR02_Go_Trending" started.	[MsgId: MMSG-16999]
Action.c(216): web_add_auto_header("Priority") started  	[MsgId: MMSG-26355]
Action.c(216): web_add_auto_header("Priority") was successful  	[MsgId: MMSG-26392]
Action.c(219): lr_think_time: 8,00 seconds.	[MsgId: MMSG-15948]
Action.c(221): web_url("slaReportProfile") started  	[MsgId: MMSG-26355]
Action.c(221): Downloading resource "https://dev-boomq.pflb.ru/static/media/arrow_down.6be88730f13ef3a159f4ef4438670da1.svg" (specified by argument number 10)  	[MsgId: MMSG-26577]
Action.c(221): Downloading resource "https://dev-boomq.pflb.ru/static/media/arrow.659530470e6be7b696f0d3d15a3179f5.svg" (specified by argument number 13)  	[MsgId: MMSG-26577]
Action.c(221): Error -26612: HTTP Status-Code=500 (Internal Server Error) for "https://dev-boomq.pflb.ru/test-srv/slaReportProfile"  	[MsgId: MERR-26612]
End auto log messages stack.	[MsgId: MMSG-10544]

Start auto log messages stack - Iteration 13.	[MsgId: MMSG-10545]
Action.c(211): Notify: Transaction "UC05_TR01_Login" ended with a "Pass" status (Duration: 0,4896 Wasted Time: 0,0004).	[MsgId: MMSG-16871]
Action.c(214): Notify: Transaction "UC05_TR02_Go_Trending" started.	[MsgId: MMSG-16999]
Action.c(216): web_add_auto_header("Priority") started  	[MsgId: MMSG-26355]
Action.c(216): web_add_auto_header("Priority") was successful  	[MsgId: MMSG-26392]
Action.c(219): lr_think_time: 10,00 seconds.	[MsgId: MMSG-15948]
Action.c(221): web_url("slaReportProfile") started  	[MsgId: MMSG-26355]
Action.c(221): Downloading resource "https://dev-boomq.pflb.ru/static/media/arrow_down.6be88730f13ef3a159f4ef4438670da1.svg" (specified by argument number 10)  	[MsgId: MMSG-26577]
Action.c(221): Downloading resource "https://dev-boomq.pflb.ru/static/media/arrow.659530470e6be7b696f0d3d15a3179f5.svg" (specified by argument number 13)  	[MsgId: MMSG-26577]
Action.c(221): Error -26612: HTTP Status-Code=500 (Internal Server Error) for "https://dev-boomq.pflb.ru/test-srv/slaReportProfile"  	[MsgId: MERR-26612]
End auto log messages stack.	[MsgId: MMSG-10544]

Start auto log messages stack - Iteration 14.	[MsgId: MMSG-10545]
Action.c(211): Notify: Transaction "UC05_TR01_Login" ended with a "Pass" status (Duration: 0,4963 Wasted Time: 0,0002).	[MsgId: MMSG-16871]
Action.c(214): Notify: Transaction "UC05_TR02_Go_Trending" started.	[MsgId: MMSG-16999]
Action.c(216): web_add_auto_header("Priority") started  	[MsgId: MMSG-26355]
Action.c(216): web_add_auto_header("Priority") was successful  	[MsgId: MMSG-26392]
Action.c(219): lr_think_time: 11,00 seconds.	[MsgId: MMSG-15948]
Action.c(221): web_url("slaReportProfile") started  	[MsgId: MMSG-26355]
Action.c(221): Downloading resource "https://dev-boomq.pflb.ru/static/media/arrow_down.6be88730f13ef3a159f4ef4438670da1.svg" (specified by argument number 10)  	[MsgId: MMSG-26577]
Action.c(221): Downloading resource "https://dev-boomq.pflb.ru/static/media/arrow.659530470e6be7b696f0d3d15a3179f5.svg" (specified by argument number 13)  	[MsgId: MMSG-26577]
Action.c(221): Error -26612: HTTP Status-Code=500 (Internal Server Error) for "https://dev-boomq.pflb.ru/test-srv/slaReportProfile"  	[MsgId: MERR-26612]
End auto log messages stack.	[MsgId: MMSG-10544]

Start auto log messages stack - Iteration 15.	[MsgId: MMSG-10545]
Action.c(211): Notify: Transaction "UC05_TR01_Login" ended with a "Pass" status (Duration: 0,4698 Wasted Time: 0,0003).	[MsgId: MMSG-16871]
Action.c(214): Notify: Transaction "UC05_TR02_Go_Trending" started.	[MsgId: MMSG-16999]
Action.c(216): web_add_auto_header("Priority") started  	[MsgId: MMSG-26355]
Action.c(216): web_add_auto_header("Priority") was successful  	[MsgId: MMSG-26392]
Action.c(219): lr_think_time: 13,00 seconds.	[MsgId: MMSG-15948]
Action.c(221): web_url("slaReportProfile") started  	[MsgId: MMSG-26355]
Action.c(221): Downloading resource "https://dev-boomq.pflb.ru/static/media/arrow_down.6be88730f13ef3a159f4ef4438670da1.svg" (specified by argument number 10)  	[MsgId: MMSG-26577]
Action.c(221): Downloading resource "https://dev-boomq.pflb.ru/static/media/arrow.659530470e6be7b696f0d3d15a3179f5.svg" (specified by argument number 13)  	[MsgId: MMSG-26577]
Action.c(221): Error -26612: HTTP Status-Code=500 (Internal Server Error) for "https://dev-boomq.pflb.ru/test-srv/slaReportProfile"  	[MsgId: MERR-26612]
End auto log messages stack.	[MsgId: MMSG-10544]

Start auto log messages stack - Iteration 16.	[MsgId: MMSG-10545]
Action.c(211): Notify: Transaction "UC05_TR01_Login" ended with a "Pass" status (Duration: 0,5151 Wasted Time: 0,0004).	[MsgId: MMSG-16871]
Action.c(214): Notify: Transaction "UC05_TR02_Go_Trending" started.	[MsgId: MMSG-16999]
Action.c(216): web_add_auto_header("Priority") started  	[MsgId: MMSG-26355]
Action.c(216): web_add_auto_header("Priority") was successful  	[MsgId: MMSG-26392]
Action.c(219): lr_think_time: 9,00 seconds.	[MsgId: MMSG-15948]
Action.c(221): web_url("slaReportProfile") started  	[MsgId: MMSG-26355]
Action.c(221): Downloading resource "https://dev-boomq.pflb.ru/static/media/arrow_down.6be88730f13ef3a159f4ef4438670da1.svg" (specified by argument number 10)  	[MsgId: MMSG-26577]
Action.c(221): Downloading resource "https://dev-boomq.pflb.ru/static/media/arrow.659530470e6be7b696f0d3d15a3179f5.svg" (specified by argument number 13)  	[MsgId: MMSG-26577]
Action.c(221): Error -26612: HTTP Status-Code=500 (Internal Server Error) for "https://dev-boomq.pflb.ru/test-srv/slaReportProfile"  	[MsgId: MERR-26612]
End auto log messages stack.	[MsgId: MMSG-10544]

Start auto log messages stack - Iteration 17.	[MsgId: MMSG-10545]
Action.c(211): Notify: Transaction "UC05_TR01_Login" ended with a "Pass" status (Duration: 0,4841 Wasted Time: 0,0003).	[MsgId: MMSG-16871]
Action.c(214): Notify: Transaction "UC05_TR02_Go_Trending" started.	[MsgId: MMSG-16999]
Action.c(216): web_add_auto_header("Priority") started  	[MsgId: MMSG-26355]
Action.c(216): web_add_auto_header("Priority") was successful  	[MsgId: MMSG-26392]
Action.c(219): lr_think_time: 14,00 seconds.	[MsgId: MMSG-15948]
Action.c(221): web_url("slaReportProfile") started  	[MsgId: MMSG-26355]
Action.c(221): Downloading resource "https://dev-boomq.pflb.ru/static/media/arrow_down.6be88730f13ef3a159f4ef4438670da1.svg" (specified by argument number 10)  	[MsgId: MMSG-26577]
Action.c(221): Downloading resource "https://dev-boomq.pflb.ru/static/media/arrow.659530470e6be7b696f0d3d15a3179f5.svg" (specified by argument number 13)  	[MsgId: MMSG-26577]
Action.c(221): Error -26612: HTTP Status-Code=500 (Internal Server Error) for "https://dev-boomq.pflb.ru/test-srv/slaReportProfile"  	[MsgId: MERR-26612]
End auto log messages stack.	[MsgId: MMSG-10544]

Start auto log messages stack - Iteration 18.	[MsgId: MMSG-10545]
Action.c(211): Notify: Transaction "UC05_TR01_Login" ended with a "Pass" status (Duration: 0,4942 Wasted Time: 0,0004).	[MsgId: MMSG-16871]
Action.c(214): Notify: Transaction "UC05_TR02_Go_Trending" started.	[MsgId: MMSG-16999]
Action.c(216): web_add_auto_header("Priority") started  	[MsgId: MMSG-26355]
Action.c(216): web_add_auto_header("Priority") was successful  	[MsgId: MMSG-26392]
Action.c(219): lr_think_time: 14,00 seconds.	[MsgId: MMSG-15948]
Action.c(221): web_url("slaReportProfile") started  	[MsgId: MMSG-26355]
Action.c(221): Downloading resource "https://dev-boomq.pflb.ru/static/media/arrow_down.6be88730f13ef3a159f4ef4438670da1.svg" (specified by argument number 10)  	[MsgId: MMSG-26577]
Action.c(221): Downloading resource "https://dev-boomq.pflb.ru/static/media/arrow.659530470e6be7b696f0d3d15a3179f5.svg" (specified by argument number 13)  	[MsgId: MMSG-26577]
Action.c(221): Error -26612: HTTP Status-Code=500 (Internal Server Error) for "https://dev-boomq.pflb.ru/test-srv/slaReportProfile"  	[MsgId: MERR-26612]
End auto log messages stack.	[MsgId: MMSG-10544]

Start auto log messages stack - Iteration 19.	[MsgId: MMSG-10545]
Action.c(211): Notify: Transaction "UC05_TR01_Login" ended with a "Pass" status (Duration: 0,4792 Wasted Time: 0,0003).	[MsgId: MMSG-16871]
Action.c(214): Notify: Transaction "UC05_TR02_Go_Trending" started.	[MsgId: MMSG-16999]
Action.c(216): web_add_auto_header("Priority") started  	[MsgId: MMSG-26355]
Action.c(216): web_add_auto_header("Priority") was successful  	[MsgId: MMSG-26392]
Action.c(219): lr_think_time: 10,00 seconds.	[MsgId: MMSG-15948]
Action.c(221): web_url("slaReportProfile") started  	[MsgId: MMSG-26355]
Action.c(221): Downloading resource "https://dev-boomq.pflb.ru/static/media/arrow_down.6be88730f13ef3a159f4ef4438670da1.svg" (specified by argument number 10)  	[MsgId: MMSG-26577]
Action.c(221): Downloading resource "https://dev-boomq.pflb.ru/static/media/arrow.659530470e6be7b696f0d3d15a3179f5.svg" (specified by argument number 13)  	[MsgId: MMSG-26577]
Action.c(221): Error -26612: HTTP Status-Code=500 (Internal Server Error) for "https://dev-boomq.pflb.ru/test-srv/slaReportProfile"  	[MsgId: MERR-26612]
End auto log messages stack.	[MsgId: MMSG-10544]

Start auto log messages stack - Iteration 20.	[MsgId: MMSG-10545]
Action.c(211): Notify: Transaction "UC05_TR01_Login" ended with a "Pass" status (Duration: 0,4745 Wasted Time: 0,0003).	[MsgId: MMSG-16871]
Action.c(214): Notify: Transaction "UC05_TR02_Go_Trending" started.	[MsgId: MMSG-16999]
Action.c(216): web_add_auto_header("Priority") started  	[MsgId: MMSG-26355]
Action.c(216): web_add_auto_header("Priority") was successful  	[MsgId: MMSG-26392]
Action.c(219): lr_think_time: 13,00 seconds.	[MsgId: MMSG-15948]
Action.c(221): web_url("slaReportProfile") started  	[MsgId: MMSG-26355]
Action.c(221): Downloading resource "https://dev-boomq.pflb.ru/static/media/arrow_down.6be88730f13ef3a159f4ef4438670da1.svg" (specified by argument number 10)  	[MsgId: MMSG-26577]
Action.c(221): Downloading resource "https://dev-boomq.pflb.ru/static/media/arrow.659530470e6be7b696f0d3d15a3179f5.svg" (specified by argument number 13)  	[MsgId: MMSG-26577]
Action.c(221): Error -26612: HTTP Status-Code=500 (Internal Server Error) for "https://dev-boomq.pflb.ru/test-srv/slaReportProfile"  	[MsgId: MERR-26612]
End auto log messages stack.	[MsgId: MMSG-10544]

Start auto log messages stack - Iteration 21.	[MsgId: MMSG-10545]
Action.c(211): Notify: Transaction "UC05_TR01_Login" ended with a "Pass" status (Duration: 0,4720 Wasted Time: 0,0003).	[MsgId: MMSG-16871]
Action.c(214): Notify: Transaction "UC05_TR02_Go_Trending" started.	[MsgId: MMSG-16999]
Action.c(216): web_add_auto_header("Priority") started  	[MsgId: MMSG-26355]
Action.c(216): web_add_auto_header("Priority") was successful  	[MsgId: MMSG-26392]
Action.c(219): lr_think_time: 8,00 seconds.	[MsgId: MMSG-15948]
Action.c(221): web_url("slaReportProfile") started  	[MsgId: MMSG-26355]
Action.c(221): Downloading resource "https://dev-boomq.pflb.ru/static/media/arrow_down.6be88730f13ef3a159f4ef4438670da1.svg" (specified by argument number 10)  	[MsgId: MMSG-26577]
Action.c(221): Downloading resource "https://dev-boomq.pflb.ru/static/media/arrow.659530470e6be7b696f0d3d15a3179f5.svg" (specified by argument number 13)  	[MsgId: MMSG-26577]
Action.c(221): Error -26612: HTTP Status-Code=500 (Internal Server Error) for "https://dev-boomq.pflb.ru/test-srv/slaReportProfile"  	[MsgId: MERR-26612]
End auto log messages stack.	[MsgId: MMSG-10544]

Start auto log messages stack - Iteration 22.	[MsgId: MMSG-10545]
Action.c(211): Notify: Transaction "UC05_TR01_Login" ended with a "Pass" status (Duration: 0,4751 Wasted Time: 0,0002).	[MsgId: MMSG-16871]
Action.c(214): Notify: Transaction "UC05_TR02_Go_Trending" started.	[MsgId: MMSG-16999]
Action.c(216): web_add_auto_header("Priority") started  	[MsgId: MMSG-26355]
Action.c(216): web_add_auto_header("Priority") was successful  	[MsgId: MMSG-26392]
Action.c(219): lr_think_time: 11,00 seconds.	[MsgId: MMSG-15948]
Action.c(221): web_url("slaReportProfile") started  	[MsgId: MMSG-26355]
Action.c(221): Downloading resource "https://dev-boomq.pflb.ru/static/media/arrow_down.6be88730f13ef3a159f4ef4438670da1.svg" (specified by argument number 10)  	[MsgId: MMSG-26577]
Action.c(221): Downloading resource "https://dev-boomq.pflb.ru/static/media/arrow.659530470e6be7b696f0d3d15a3179f5.svg" (specified by argument number 13)  	[MsgId: MMSG-26577]
Action.c(221): Error -26612: HTTP Status-Code=500 (Internal Server Error) for "https://dev-boomq.pflb.ru/test-srv/slaReportProfile"  	[MsgId: MERR-26612]
End auto log messages stack.	[MsgId: MMSG-10544]

Start auto log messages stack - Iteration 23.	[MsgId: MMSG-10545]
Action.c(211): Notify: Transaction "UC05_TR01_Login" ended with a "Pass" status (Duration: 0,5092 Wasted Time: 0,0003).	[MsgId: MMSG-16871]
Action.c(214): Notify: Transaction "UC05_TR02_Go_Trending" started.	[MsgId: MMSG-16999]
Action.c(216): web_add_auto_header("Priority") started  	[MsgId: MMSG-26355]
Action.c(216): web_add_auto_header("Priority") was successful  	[MsgId: MMSG-26392]
Action.c(219): lr_think_time: 11,00 seconds.	[MsgId: MMSG-15948]
Action.c(221): web_url("slaReportProfile") started  	[MsgId: MMSG-26355]
Action.c(221): Downloading resource "https://dev-boomq.pflb.ru/static/media/arrow_down.6be88730f13ef3a159f4ef4438670da1.svg" (specified by argument number 10)  	[MsgId: MMSG-26577]
Action.c(221): Downloading resource "https://dev-boomq.pflb.ru/static/media/arrow.659530470e6be7b696f0d3d15a3179f5.svg" (specified by argument number 13)  	[MsgId: MMSG-26577]
Action.c(221): Error -26612: HTTP Status-Code=500 (Internal Server Error) for "https://dev-boomq.pflb.ru/test-srv/slaReportProfile"  	[MsgId: MERR-26612]
End auto log messages stack.	[MsgId: MMSG-10544]

Start auto log messages stack - Iteration 24.	[MsgId: MMSG-10545]
Action.c(211): Notify: Transaction "UC05_TR01_Login" ended with a "Pass" status (Duration: 0,4977 Wasted Time: 0,0004).	[MsgId: MMSG-16871]
Action.c(214): Notify: Transaction "UC05_TR02_Go_Trending" started.	[MsgId: MMSG-16999]
Action.c(216): web_add_auto_header("Priority") started  	[MsgId: MMSG-26355]
Action.c(216): web_add_auto_header("Priority") was successful  	[MsgId: MMSG-26392]
Action.c(219): lr_think_time: 13,00 seconds.	[MsgId: MMSG-15948]
Action.c(221): web_url("slaReportProfile") started  	[MsgId: MMSG-26355]
Action.c(221): Downloading resource "https://dev-boomq.pflb.ru/static/media/arrow_down.6be88730f13ef3a159f4ef4438670da1.svg" (specified by argument number 10)  	[MsgId: MMSG-26577]
Action.c(221): Downloading resource "https://dev-boomq.pflb.ru/static/media/arrow.659530470e6be7b696f0d3d15a3179f5.svg" (specified by argument number 13)  	[MsgId: MMSG-26577]
Action.c(221): Error -26612: HTTP Status-Code=500 (Internal Server Error) for "https://dev-boomq.pflb.ru/test-srv/slaReportProfile"  	[MsgId: MERR-26612]
End auto log messages stack.	[MsgId: MMSG-10544]

Start auto log messages stack - Iteration 25.	[MsgId: MMSG-10545]
Action.c(211): Notify: Transaction "UC05_TR01_Login" ended with a "Pass" status (Duration: 0,4803 Wasted Time: 0,0003).	[MsgId: MMSG-16871]
Action.c(214): Notify: Transaction "UC05_TR02_Go_Trending" started.	[MsgId: MMSG-16999]
Action.c(216): web_add_auto_header("Priority") started  	[MsgId: MMSG-26355]
Action.c(216): web_add_auto_header("Priority") was successful  	[MsgId: MMSG-26392]
Action.c(219): lr_think_time: 14,00 seconds.	[MsgId: MMSG-15948]
Action.c(221): web_url("slaReportProfile") started  	[MsgId: MMSG-26355]
Action.c(221): Downloading resource "https://dev-boomq.pflb.ru/static/media/arrow_down.6be88730f13ef3a159f4ef4438670da1.svg" (specified by argument number 10)  	[MsgId: MMSG-26577]
Action.c(221): Downloading resource "https://dev-boomq.pflb.ru/static/media/arrow.659530470e6be7b696f0d3d15a3179f5.svg" (specified by argument number 13)  	[MsgId: MMSG-26577]
Action.c(221): Error -26612: HTTP Status-Code=500 (Internal Server Error) for "https://dev-boomq.pflb.ru/test-srv/slaReportProfile"  	[MsgId: MERR-26612]
End auto log messages stack.	[MsgId: MMSG-10544]

Start auto log messages stack - Iteration 26.	[MsgId: MMSG-10545]
Action.c(211): Notify: Transaction "UC05_TR01_Login" ended with a "Pass" status (Duration: 0,4692 Wasted Time: 0,0003).	[MsgId: MMSG-16871]
Action.c(214): Notify: Transaction "UC05_TR02_Go_Trending" started.	[MsgId: MMSG-16999]
Action.c(216): web_add_auto_header("Priority") started  	[MsgId: MMSG-26355]
Action.c(216): web_add_auto_header("Priority") was successful  	[MsgId: MMSG-26392]
Action.c(219): lr_think_time: 9,00 seconds.	[MsgId: MMSG-15948]
Action.c(221): web_url("slaReportProfile") started  	[MsgId: MMSG-26355]
Action.c(221): Downloading resource "https://dev-boomq.pflb.ru/static/media/arrow_down.6be88730f13ef3a159f4ef4438670da1.svg" (specified by argument number 10)  	[MsgId: MMSG-26577]
Action.c(221): Downloading resource "https://dev-boomq.pflb.ru/static/media/arrow.659530470e6be7b696f0d3d15a3179f5.svg" (specified by argument number 13)  	[MsgId: MMSG-26577]
Action.c(221): Error -26612: HTTP Status-Code=500 (Internal Server Error) for "https://dev-boomq.pflb.ru/test-srv/slaReportProfile"  	[MsgId: MERR-26612]
End auto log messages stack.	[MsgId: MMSG-10544]

Start auto log messages stack - Iteration 27.	[MsgId: MMSG-10545]
Action.c(211): Notify: Transaction "UC05_TR01_Login" ended with a "Pass" status (Duration: 0,4883 Wasted Time: 0,0004).	[MsgId: MMSG-16871]
Action.c(214): Notify: Transaction "UC05_TR02_Go_Trending" started.	[MsgId: MMSG-16999]
Action.c(216): web_add_auto_header("Priority") started  	[MsgId: MMSG-26355]
Action.c(216): web_add_auto_header("Priority") was successful  	[MsgId: MMSG-26392]
Action.c(219): lr_think_time: 7,00 seconds.	[MsgId: MMSG-15948]
Action.c(221): web_url("slaReportProfile") started  	[MsgId: MMSG-26355]
Action.c(221): Downloading resource "https://dev-boomq.pflb.ru/static/media/arrow_down.6be88730f13ef3a159f4ef4438670da1.svg" (specified by argument number 10)  	[MsgId: MMSG-26577]
Action.c(221): Downloading resource "https://dev-boomq.pflb.ru/static/media/arrow.659530470e6be7b696f0d3d15a3179f5.svg" (specified by argument number 13)  	[MsgId: MMSG-26577]
Action.c(221): Error -26612: HTTP Status-Code=500 (Internal Server Error) for "https://dev-boomq.pflb.ru/test-srv/slaReportProfile"  	[MsgId: MERR-26612]
End auto log messages stack.	[MsgId: MMSG-10544]

Start auto log messages stack - Iteration 28.	[MsgId: MMSG-10545]
Action.c(211): Notify: Transaction "UC05_TR01_Login" ended with a "Pass" status (Duration: 0,4956 Wasted Time: 0,0004).	[MsgId: MMSG-16871]
Action.c(214): Notify: Transaction "UC05_TR02_Go_Trending" started.	[MsgId: MMSG-16999]
Action.c(216): web_add_auto_header("Priority") started  	[MsgId: MMSG-26355]
Action.c(216): web_add_auto_header("Priority") was successful  	[MsgId: MMSG-26392]
Action.c(219): lr_think_time: 7,00 seconds.	[MsgId: MMSG-15948]
Action.c(221): web_url("slaReportProfile") started  	[MsgId: MMSG-26355]
Action.c(221): Downloading resource "https://dev-boomq.pflb.ru/static/media/arrow_down.6be88730f13ef3a159f4ef4438670da1.svg" (specified by argument number 10)  	[MsgId: MMSG-26577]
Action.c(221): Downloading resource "https://dev-boomq.pflb.ru/static/media/arrow.659530470e6be7b696f0d3d15a3179f5.svg" (specified by argument number 13)  	[MsgId: MMSG-26577]
Action.c(221): Error -26612: HTTP Status-Code=500 (Internal Server Error) for "https://dev-boomq.pflb.ru/test-srv/slaReportProfile"  	[MsgId: MERR-26612]
End auto log messages stack.	[MsgId: MMSG-10544]

