Start auto log messages stack - Iteration 74.	[MsgId: MMSG-10545]
Action.c(211): Notify: Transaction "UC05_TR01_Login" ended with a "Pass" status (Duration: 0,4895 Wasted Time: 0,0003).	[MsgId: MMSG-16871]
Action.c(214): Notify: Transaction "UC05_TR02_Go_Trending" started.	[MsgId: MMSG-16999]
Action.c(216): web_add_auto_header("Priority") started  	[MsgId: MMSG-26355]
Action.c(216): web_add_auto_header("Priority") was successful  	[MsgId: MMSG-26392]
Action.c(219): lr_think_time: 13,00 seconds.	[MsgId: MMSG-15948]
Action.c(221): web_url("slaReportProfile") started  	[MsgId: MMSG-26355]
Action.c(221): Downloading resource "https://dev-boomq.pflb.ru/static/media/arrow_down.6be88730f13ef3a159f4ef4438670da1.svg" (specified by argument number 10)  	[MsgId: MMSG-26577]
Action.c(221): Downloading resource "https://dev-boomq.pflb.ru/static/media/arrow.659530470e6be7b696f0d3d15a3179f5.svg" (specified by argument number 13)  	[MsgId: MMSG-26577]
Action.c(221): Error -26612: HTTP Status-Code=500 (Internal Server Error) for "https://dev-boomq.pflb.ru/test-srv/slaReportProfile"  	[MsgId: MERR-26612]
End auto log messages stack.	[MsgId: MMSG-10544]


Start auto log messages stack - Iteration 76.	[MsgId: MMSG-10545]
Action.c(211): Notify: Transaction "UC05_TR01_Login" ended with a "Pass" status (Duration: 0,4944 Wasted Time: 0,0003).	[MsgId: MMSG-16871]
Action.c(214): Notify: Transaction "UC05_TR02_Go_Trending" started.	[MsgId: MMSG-16999]
Action.c(216): web_add_auto_header("Priority") started  	[MsgId: MMSG-26355]
Action.c(216): web_add_auto_header("Priority") was successful  	[MsgId: MMSG-26392]
Action.c(219): lr_think_time: 5,00 seconds.	[MsgId: MMSG-15948]
Action.c(221): web_url("slaReportProfile") started  	[MsgId: MMSG-26355]
Action.c(221): Downloading resource "https://dev-boomq.pflb.ru/static/media/arrow_down.6be88730f13ef3a159f4ef4438670da1.svg" (specified by argument number 10)  	[MsgId: MMSG-26577]
Action.c(221): Downloading resource "https://dev-boomq.pflb.ru/static/media/arrow.659530470e6be7b696f0d3d15a3179f5.svg" (specified by argument number 13)  	[MsgId: MMSG-26577]
Action.c(221): Error -26612: HTTP Status-Code=500 (Internal Server Error) for "https://dev-boomq.pflb.ru/test-srv/slaReportProfile"  	[MsgId: MERR-26612]
End auto log messages stack.	[MsgId: MMSG-10544]


Start auto log messages stack - Iteration 77.	[MsgId: MMSG-10545]
Action.c(211): Notify: Transaction "UC05_TR01_Login" ended with a "Pass" status (Duration: 0,4771 Wasted Time: 0,0004).	[MsgId: MMSG-16871]
Action.c(214): Notify: Transaction "UC05_TR02_Go_Trending" started.	[MsgId: MMSG-16999]
Action.c(216): web_add_auto_header("Priority") started  	[MsgId: MMSG-26355]
Action.c(216): web_add_auto_header("Priority") was successful  	[MsgId: MMSG-26392]
Action.c(219): lr_think_time: 5,00 seconds.	[MsgId: MMSG-15948]
Action.c(221): web_url("slaReportProfile") started  	[MsgId: MMSG-26355]
Action.c(221): Downloading resource "https://dev-boomq.pflb.ru/static/media/arrow_down.6be88730f13ef3a159f4ef4438670da1.svg" (specified by argument number 10)  	[MsgId: MMSG-26577]
Action.c(221): Downloading resource "https://dev-boomq.pflb.ru/static/media/arrow.659530470e6be7b696f0d3d15a3179f5.svg" (specified by argument number 13)  	[MsgId: MMSG-26577]
Action.c(221): Error -26612: HTTP Status-Code=500 (Internal Server Error) for "https://dev-boomq.pflb.ru/test-srv/slaReportProfile"  	[MsgId: MERR-26612]
End auto log messages stack.	[MsgId: MMSG-10544]


Start auto log messages stack - Iteration 78.	[MsgId: MMSG-10545]
Action.c(211): Notify: Transaction "UC05_TR01_Login" ended with a "Pass" status (Duration: 0,4844 Wasted Time: 0,0003).	[MsgId: MMSG-16871]
Action.c(214): Notify: Transaction "UC05_TR02_Go_Trending" started.	[MsgId: MMSG-16999]
Action.c(216): web_add_auto_header("Priority") started  	[MsgId: MMSG-26355]
Action.c(216): web_add_auto_header("Priority") was successful  	[MsgId: MMSG-26392]
Action.c(219): lr_think_time: 6,00 seconds.	[MsgId: MMSG-15948]
Action.c(221): web_url("slaReportProfile") started  	[MsgId: MMSG-26355]
Action.c(221): Downloading resource "https://dev-boomq.pflb.ru/static/media/arrow_down.6be88730f13ef3a159f4ef4438670da1.svg" (specified by argument number 10)  	[MsgId: MMSG-26577]
Action.c(221): Downloading resource "https://dev-boomq.pflb.ru/static/media/arrow.659530470e6be7b696f0d3d15a3179f5.svg" (specified by argument number 13)  	[MsgId: MMSG-26577]
Action.c(221): Error -26612: HTTP Status-Code=500 (Internal Server Error) for "https://dev-boomq.pflb.ru/test-srv/slaReportProfile"  	[MsgId: MERR-26612]
End auto log messages stack.	[MsgId: MMSG-10544]


Start auto log messages stack - Iteration 79.	[MsgId: MMSG-10545]
Action.c(211): Notify: Transaction "UC05_TR01_Login" ended with a "Pass" status (Duration: 0,4684 Wasted Time: 0,0003).	[MsgId: MMSG-16871]
Action.c(214): Notify: Transaction "UC05_TR02_Go_Trending" started.	[MsgId: MMSG-16999]
Action.c(216): web_add_auto_header("Priority") started  	[MsgId: MMSG-26355]
Action.c(216): web_add_auto_header("Priority") was successful  	[MsgId: MMSG-26392]
Action.c(219): lr_think_time: 6,00 seconds.	[MsgId: MMSG-15948]
Action.c(221): web_url("slaReportProfile") started  	[MsgId: MMSG-26355]
Action.c(221): Downloading resource "https://dev-boomq.pflb.ru/static/media/arrow_down.6be88730f13ef3a159f4ef4438670da1.svg" (specified by argument number 10)  	[MsgId: MMSG-26577]
Action.c(221): Downloading resource "https://dev-boomq.pflb.ru/static/media/arrow.659530470e6be7b696f0d3d15a3179f5.svg" (specified by argument number 13)  	[MsgId: MMSG-26577]
Action.c(221): Error -26612: HTTP Status-Code=500 (Internal Server Error) for "https://dev-boomq.pflb.ru/test-srv/slaReportProfile"  	[MsgId: MERR-26612]
End auto log messages stack.	[MsgId: MMSG-10544]


Start auto log messages stack - Iteration 74.	[MsgId: MMSG-10545]
Action.c(211): Notify: Transaction "UC05_TR01_Login" ended with a "Pass" status (Duration: 0,5039 Wasted Time: 0,0003).	[MsgId: MMSG-16871]
Action.c(214): Notify: Transaction "UC05_TR02_Go_Trending" started.	[MsgId: MMSG-16999]
Action.c(216): web_add_auto_header("Priority") started  	[MsgId: MMSG-26355]
Action.c(216): web_add_auto_header("Priority") was successful  	[MsgId: MMSG-26392]
Action.c(219): lr_think_time: 8,00 seconds.	[MsgId: MMSG-15948]
Action.c(221): web_url("slaReportProfile") started  	[MsgId: MMSG-26355]
Action.c(221): Downloading resource "https://dev-boomq.pflb.ru/static/media/arrow_down.6be88730f13ef3a159f4ef4438670da1.svg" (specified by argument number 10)  	[MsgId: MMSG-26577]
Action.c(221): Downloading resource "https://dev-boomq.pflb.ru/static/media/arrow.659530470e6be7b696f0d3d15a3179f5.svg" (specified by argument number 13)  	[MsgId: MMSG-26577]
Action.c(221): Error -26612: HTTP Status-Code=500 (Internal Server Error) for "https://dev-boomq.pflb.ru/test-srv/slaReportProfile"  	[MsgId: MERR-26612]
End auto log messages stack.	[MsgId: MMSG-10544]


Start auto log messages stack - Iteration 75.	[MsgId: MMSG-10545]
Action.c(211): Notify: Transaction "UC05_TR01_Login" ended with a "Pass" status (Duration: 0,4886 Wasted Time: 0,0003).	[MsgId: MMSG-16871]
Action.c(214): Notify: Transaction "UC05_TR02_Go_Trending" started.	[MsgId: MMSG-16999]
Action.c(216): web_add_auto_header("Priority") started  	[MsgId: MMSG-26355]
Action.c(216): web_add_auto_header("Priority") was successful  	[MsgId: MMSG-26392]
Action.c(219): lr_think_time: 9,00 seconds.	[MsgId: MMSG-15948]
Action.c(221): web_url("slaReportProfile") started  	[MsgId: MMSG-26355]
Action.c(221): Downloading resource "https://dev-boomq.pflb.ru/static/media/arrow_down.6be88730f13ef3a159f4ef4438670da1.svg" (specified by argument number 10)  	[MsgId: MMSG-26577]
Action.c(221): Downloading resource "https://dev-boomq.pflb.ru/static/media/arrow.659530470e6be7b696f0d3d15a3179f5.svg" (specified by argument number 13)  	[MsgId: MMSG-26577]
Action.c(221): Error -26612: HTTP Status-Code=500 (Internal Server Error) for "https://dev-boomq.pflb.ru/test-srv/slaReportProfile"  	[MsgId: MERR-26612]
End auto log messages stack.	[MsgId: MMSG-10544]


Start auto log messages stack - Iteration 77.	[MsgId: MMSG-10545]
Action.c(211): Notify: Transaction "UC05_TR01_Login" ended with a "Pass" status (Duration: 0,4944 Wasted Time: 0,0003).	[MsgId: MMSG-16871]
Action.c(214): Notify: Transaction "UC05_TR02_Go_Trending" started.	[MsgId: MMSG-16999]
Action.c(216): web_add_auto_header("Priority") started  	[MsgId: MMSG-26355]
Action.c(216): web_add_auto_header("Priority") was successful  	[MsgId: MMSG-26392]
Action.c(219): lr_think_time: 14,00 seconds.	[MsgId: MMSG-15948]
Action.c(221): web_url("slaReportProfile") started  	[MsgId: MMSG-26355]
Action.c(221): Downloading resource "https://dev-boomq.pflb.ru/static/media/arrow_down.6be88730f13ef3a159f4ef4438670da1.svg" (specified by argument number 10)  	[MsgId: MMSG-26577]
Action.c(221): Downloading resource "https://dev-boomq.pflb.ru/static/media/arrow.659530470e6be7b696f0d3d15a3179f5.svg" (specified by argument number 13)  	[MsgId: MMSG-26577]
Action.c(221): Error -26612: HTTP Status-Code=500 (Internal Server Error) for "https://dev-boomq.pflb.ru/test-srv/slaReportProfile"  	[MsgId: MERR-26612]
End auto log messages stack.	[MsgId: MMSG-10544]


