Start auto log messages stack - Iteration 17.	[MsgId: MMSG-10545]
Action.c(211): Notify: Transaction "UC05_TR01_Login" ended with a "Pass" status (Duration: 0,4890 Wasted Time: 0,0004).	[MsgId: MMSG-16871]
Action.c(214): Notify: Transaction "UC05_TR02_Go_Trending" started.	[MsgId: MMSG-16999]
Action.c(216): web_add_auto_header("Priority") started  	[MsgId: MMSG-26355]
Action.c(216): web_add_auto_header("Priority") was successful  	[MsgId: MMSG-26392]
Action.c(219): lr_think_time: 7,00 seconds.	[MsgId: MMSG-15948]
Action.c(221): web_url("slaReportProfile") started  	[MsgId: MMSG-26355]
Action.c(221): Downloading resource "https://dev-boomq.pflb.ru/static/media/arrow_down.6be88730f13ef3a159f4ef4438670da1.svg" (specified by argument number 10)  	[MsgId: MMSG-26577]
Action.c(221): Downloading resource "https://dev-boomq.pflb.ru/static/media/arrow.659530470e6be7b696f0d3d15a3179f5.svg" (specified by argument number 13)  	[MsgId: MMSG-26577]
Action.c(221): Error -26612: HTTP Status-Code=500 (Internal Server Error) for "https://dev-boomq.pflb.ru/test-srv/slaReportProfile"  	[MsgId: MERR-26612]
End auto log messages stack.	[MsgId: MMSG-10544]


Start auto log messages stack - Iteration 18.	[MsgId: MMSG-10545]
Action.c(211): Notify: Transaction "UC05_TR01_Login" ended with a "Pass" status (Duration: 0,4882 Wasted Time: 0,0003).	[MsgId: MMSG-16871]
Action.c(214): Notify: Transaction "UC05_TR02_Go_Trending" started.	[MsgId: MMSG-16999]
Action.c(216): web_add_auto_header("Priority") started  	[MsgId: MMSG-26355]
Action.c(216): web_add_auto_header("Priority") was successful  	[MsgId: MMSG-26392]
Action.c(219): lr_think_time: 12,00 seconds.	[MsgId: MMSG-15948]
Action.c(221): web_url("slaReportProfile") started  	[MsgId: MMSG-26355]
Action.c(221): Downloading resource "https://dev-boomq.pflb.ru/static/media/arrow_down.6be88730f13ef3a159f4ef4438670da1.svg" (specified by argument number 10)  	[MsgId: MMSG-26577]
Action.c(221): Downloading resource "https://dev-boomq.pflb.ru/static/media/arrow.659530470e6be7b696f0d3d15a3179f5.svg" (specified by argument number 13)  	[MsgId: MMSG-26577]
Action.c(221): Error -26612: HTTP Status-Code=500 (Internal Server Error) for "https://dev-boomq.pflb.ru/test-srv/slaReportProfile"  	[MsgId: MERR-26612]
End auto log messages stack.	[MsgId: MMSG-10544]


Start auto log messages stack - Iteration 19.	[MsgId: MMSG-10545]
Action.c(211): Notify: Transaction "UC05_TR01_Login" ended with a "Pass" status (Duration: 0,4627 Wasted Time: 0,0003).	[MsgId: MMSG-16871]
Action.c(214): Notify: Transaction "UC05_TR02_Go_Trending" started.	[MsgId: MMSG-16999]
Action.c(216): web_add_auto_header("Priority") started  	[MsgId: MMSG-26355]
Action.c(216): web_add_auto_header("Priority") was successful  	[MsgId: MMSG-26392]
Action.c(219): lr_think_time: 10,00 seconds.	[MsgId: MMSG-15948]
Action.c(221): web_url("slaReportProfile") started  	[MsgId: MMSG-26355]
Action.c(221): Downloading resource "https://dev-boomq.pflb.ru/static/media/arrow_down.6be88730f13ef3a159f4ef4438670da1.svg" (specified by argument number 10)  	[MsgId: MMSG-26577]
Action.c(221): Downloading resource "https://dev-boomq.pflb.ru/static/media/arrow.659530470e6be7b696f0d3d15a3179f5.svg" (specified by argument number 13)  	[MsgId: MMSG-26577]
Action.c(221): Error -26612: HTTP Status-Code=500 (Internal Server Error) for "https://dev-boomq.pflb.ru/test-srv/slaReportProfile"  	[MsgId: MERR-26612]
End auto log messages stack.	[MsgId: MMSG-10544]


Start auto log messages stack - Iteration 20.	[MsgId: MMSG-10545]
Action.c(211): Notify: Transaction "UC05_TR01_Login" ended with a "Pass" status (Duration: 0,4979 Wasted Time: 0,0003).	[MsgId: MMSG-16871]
Action.c(214): Notify: Transaction "UC05_TR02_Go_Trending" started.	[MsgId: MMSG-16999]
Action.c(216): web_add_auto_header("Priority") started  	[MsgId: MMSG-26355]
Action.c(216): web_add_auto_header("Priority") was successful  	[MsgId: MMSG-26392]
Action.c(219): lr_think_time: 8,00 seconds.	[MsgId: MMSG-15948]
Action.c(221): web_url("slaReportProfile") started  	[MsgId: MMSG-26355]
Action.c(221): Downloading resource "https://dev-boomq.pflb.ru/static/media/arrow_down.6be88730f13ef3a159f4ef4438670da1.svg" (specified by argument number 10)  	[MsgId: MMSG-26577]
Action.c(221): Downloading resource "https://dev-boomq.pflb.ru/static/media/arrow.659530470e6be7b696f0d3d15a3179f5.svg" (specified by argument number 13)  	[MsgId: MMSG-26577]
Action.c(221): Error -26612: HTTP Status-Code=500 (Internal Server Error) for "https://dev-boomq.pflb.ru/test-srv/slaReportProfile"  	[MsgId: MERR-26612]
End auto log messages stack.	[MsgId: MMSG-10544]


Start auto log messages stack - Iteration 21.	[MsgId: MMSG-10545]
Action.c(211): Notify: Transaction "UC05_TR01_Login" ended with a "Pass" status (Duration: 0,4857 Wasted Time: 0,0003).	[MsgId: MMSG-16871]
Action.c(214): Notify: Transaction "UC05_TR02_Go_Trending" started.	[MsgId: MMSG-16999]
Action.c(216): web_add_auto_header("Priority") started  	[MsgId: MMSG-26355]
Action.c(216): web_add_auto_header("Priority") was successful  	[MsgId: MMSG-26392]
Action.c(219): lr_think_time: 6,00 seconds.	[MsgId: MMSG-15948]
Action.c(221): web_url("slaReportProfile") started  	[MsgId: MMSG-26355]
Action.c(221): Downloading resource "https://dev-boomq.pflb.ru/static/media/arrow_down.6be88730f13ef3a159f4ef4438670da1.svg" (specified by argument number 10)  	[MsgId: MMSG-26577]
Action.c(221): Downloading resource "https://dev-boomq.pflb.ru/static/media/arrow.659530470e6be7b696f0d3d15a3179f5.svg" (specified by argument number 13)  	[MsgId: MMSG-26577]
Action.c(221): Error -26612: HTTP Status-Code=500 (Internal Server Error) for "https://dev-boomq.pflb.ru/test-srv/slaReportProfile"  	[MsgId: MERR-26612]
End auto log messages stack.	[MsgId: MMSG-10544]


Start auto log messages stack - Iteration 22.	[MsgId: MMSG-10545]
Action.c(211): Notify: Transaction "UC05_TR01_Login" ended with a "Pass" status (Duration: 0,4878 Wasted Time: 0,0003).	[MsgId: MMSG-16871]
Action.c(214): Notify: Transaction "UC05_TR02_Go_Trending" started.	[MsgId: MMSG-16999]
Action.c(216): web_add_auto_header("Priority") started  	[MsgId: MMSG-26355]
Action.c(216): web_add_auto_header("Priority") was successful  	[MsgId: MMSG-26392]
Action.c(219): lr_think_time: 5,00 seconds.	[MsgId: MMSG-15948]
Action.c(221): web_url("slaReportProfile") started  	[MsgId: MMSG-26355]
Action.c(221): Downloading resource "https://dev-boomq.pflb.ru/static/media/arrow_down.6be88730f13ef3a159f4ef4438670da1.svg" (specified by argument number 10)  	[MsgId: MMSG-26577]
Action.c(221): Downloading resource "https://dev-boomq.pflb.ru/static/media/arrow.659530470e6be7b696f0d3d15a3179f5.svg" (specified by argument number 13)  	[MsgId: MMSG-26577]
Action.c(221): Error -26612: HTTP Status-Code=500 (Internal Server Error) for "https://dev-boomq.pflb.ru/test-srv/slaReportProfile"  	[MsgId: MERR-26612]
End auto log messages stack.	[MsgId: MMSG-10544]


Start auto log messages stack - Iteration 18.	[MsgId: MMSG-10545]
Action.c(211): Notify: Transaction "UC05_TR01_Login" ended with a "Pass" status (Duration: 0,4936 Wasted Time: 0,0003).	[MsgId: MMSG-16871]
Action.c(214): Notify: Transaction "UC05_TR02_Go_Trending" started.	[MsgId: MMSG-16999]
Action.c(216): web_add_auto_header("Priority") started  	[MsgId: MMSG-26355]
Action.c(216): web_add_auto_header("Priority") was successful  	[MsgId: MMSG-26392]
Action.c(219): lr_think_time: 8,00 seconds.	[MsgId: MMSG-15948]
Action.c(221): web_url("slaReportProfile") started  	[MsgId: MMSG-26355]
Action.c(221): Downloading resource "https://dev-boomq.pflb.ru/static/media/arrow_down.6be88730f13ef3a159f4ef4438670da1.svg" (specified by argument number 10)  	[MsgId: MMSG-26577]
Action.c(221): Downloading resource "https://dev-boomq.pflb.ru/static/media/arrow.659530470e6be7b696f0d3d15a3179f5.svg" (specified by argument number 13)  	[MsgId: MMSG-26577]
Action.c(221): Error -26612: HTTP Status-Code=500 (Internal Server Error) for "https://dev-boomq.pflb.ru/test-srv/slaReportProfile"  	[MsgId: MERR-26612]
End auto log messages stack.	[MsgId: MMSG-10544]


Start auto log messages stack - Iteration 19.	[MsgId: MMSG-10545]
Action.c(211): Notify: Transaction "UC05_TR01_Login" ended with a "Pass" status (Duration: 0,4760 Wasted Time: 0,0004).	[MsgId: MMSG-16871]
Action.c(214): Notify: Transaction "UC05_TR02_Go_Trending" started.	[MsgId: MMSG-16999]
Action.c(216): web_add_auto_header("Priority") started  	[MsgId: MMSG-26355]
Action.c(216): web_add_auto_header("Priority") was successful  	[MsgId: MMSG-26392]
Action.c(219): lr_think_time: 8,00 seconds.	[MsgId: MMSG-15948]
Action.c(221): web_url("slaReportProfile") started  	[MsgId: MMSG-26355]
Action.c(221): Downloading resource "https://dev-boomq.pflb.ru/static/media/arrow_down.6be88730f13ef3a159f4ef4438670da1.svg" (specified by argument number 10)  	[MsgId: MMSG-26577]
Action.c(221): Downloading resource "https://dev-boomq.pflb.ru/static/media/arrow.659530470e6be7b696f0d3d15a3179f5.svg" (specified by argument number 13)  	[MsgId: MMSG-26577]
Action.c(221): Error -26612: HTTP Status-Code=500 (Internal Server Error) for "https://dev-boomq.pflb.ru/test-srv/slaReportProfile"  	[MsgId: MERR-26612]
End auto log messages stack.	[MsgId: MMSG-10544]


Start auto log messages stack - Iteration 20.	[MsgId: MMSG-10545]
Action.c(211): Notify: Transaction "UC05_TR01_Login" ended with a "Pass" status (Duration: 0,4939 Wasted Time: 0,0004).	[MsgId: MMSG-16871]
Action.c(214): Notify: Transaction "UC05_TR02_Go_Trending" started.	[MsgId: MMSG-16999]
Action.c(216): web_add_auto_header("Priority") started  	[MsgId: MMSG-26355]
Action.c(216): web_add_auto_header("Priority") was successful  	[MsgId: MMSG-26392]
Action.c(219): lr_think_time: 10,00 seconds.	[MsgId: MMSG-15948]
Action.c(221): web_url("slaReportProfile") started  	[MsgId: MMSG-26355]
Action.c(221): Downloading resource "https://dev-boomq.pflb.ru/static/media/arrow_down.6be88730f13ef3a159f4ef4438670da1.svg" (specified by argument number 10)  	[MsgId: MMSG-26577]
Action.c(221): Downloading resource "https://dev-boomq.pflb.ru/static/media/arrow.659530470e6be7b696f0d3d15a3179f5.svg" (specified by argument number 13)  	[MsgId: MMSG-26577]
Action.c(221): Error -26612: HTTP Status-Code=500 (Internal Server Error) for "https://dev-boomq.pflb.ru/test-srv/slaReportProfile"  	[MsgId: MERR-26612]
End auto log messages stack.	[MsgId: MMSG-10544]


Start auto log messages stack - Iteration 21.	[MsgId: MMSG-10545]
Action.c(211): Notify: Transaction "UC05_TR01_Login" ended with a "Pass" status (Duration: 0,4864 Wasted Time: 0,0004).	[MsgId: MMSG-16871]
Action.c(214): Notify: Transaction "UC05_TR02_Go_Trending" started.	[MsgId: MMSG-16999]
Action.c(216): web_add_auto_header("Priority") started  	[MsgId: MMSG-26355]
Action.c(216): web_add_auto_header("Priority") was successful  	[MsgId: MMSG-26392]
Action.c(219): lr_think_time: 7,00 seconds.	[MsgId: MMSG-15948]
Action.c(221): web_url("slaReportProfile") started  	[MsgId: MMSG-26355]
Action.c(221): Downloading resource "https://dev-boomq.pflb.ru/static/media/arrow_down.6be88730f13ef3a159f4ef4438670da1.svg" (specified by argument number 10)  	[MsgId: MMSG-26577]
Action.c(221): Downloading resource "https://dev-boomq.pflb.ru/static/media/arrow.659530470e6be7b696f0d3d15a3179f5.svg" (specified by argument number 13)  	[MsgId: MMSG-26577]
Action.c(221): Error -26612: HTTP Status-Code=500 (Internal Server Error) for "https://dev-boomq.pflb.ru/test-srv/slaReportProfile"  	[MsgId: MERR-26612]
End auto log messages stack.	[MsgId: MMSG-10544]


Start auto log messages stack - Iteration 22.	[MsgId: MMSG-10545]
Action.c(211): Notify: Transaction "UC05_TR01_Login" ended with a "Pass" status (Duration: 0,4628 Wasted Time: 0,0003).	[MsgId: MMSG-16871]
Action.c(214): Notify: Transaction "UC05_TR02_Go_Trending" started.	[MsgId: MMSG-16999]
Action.c(216): web_add_auto_header("Priority") started  	[MsgId: MMSG-26355]
Action.c(216): web_add_auto_header("Priority") was successful  	[MsgId: MMSG-26392]
Action.c(219): lr_think_time: 9,00 seconds.	[MsgId: MMSG-15948]
Action.c(221): web_url("slaReportProfile") started  	[MsgId: MMSG-26355]
Action.c(221): Downloading resource "https://dev-boomq.pflb.ru/static/media/arrow_down.6be88730f13ef3a159f4ef4438670da1.svg" (specified by argument number 10)  	[MsgId: MMSG-26577]
Action.c(221): Downloading resource "https://dev-boomq.pflb.ru/static/media/arrow.659530470e6be7b696f0d3d15a3179f5.svg" (specified by argument number 13)  	[MsgId: MMSG-26577]
Action.c(221): Error -26612: HTTP Status-Code=500 (Internal Server Error) for "https://dev-boomq.pflb.ru/test-srv/slaReportProfile"  	[MsgId: MERR-26612]
End auto log messages stack.	[MsgId: MMSG-10544]


Start auto log messages stack - Iteration 23.	[MsgId: MMSG-10545]
Action.c(211): Notify: Transaction "UC05_TR01_Login" ended with a "Pass" status (Duration: 0,4790 Wasted Time: 0,0002).	[MsgId: MMSG-16871]
Action.c(214): Notify: Transaction "UC05_TR02_Go_Trending" started.	[MsgId: MMSG-16999]
Action.c(216): web_add_auto_header("Priority") started  	[MsgId: MMSG-26355]
Action.c(216): web_add_auto_header("Priority") was successful  	[MsgId: MMSG-26392]
Action.c(219): lr_think_time: 6,00 seconds.	[MsgId: MMSG-15948]
Action.c(221): web_url("slaReportProfile") started  	[MsgId: MMSG-26355]
Action.c(221): Downloading resource "https://dev-boomq.pflb.ru/static/media/arrow_down.6be88730f13ef3a159f4ef4438670da1.svg" (specified by argument number 10)  	[MsgId: MMSG-26577]
Action.c(221): Downloading resource "https://dev-boomq.pflb.ru/static/media/arrow.659530470e6be7b696f0d3d15a3179f5.svg" (specified by argument number 13)  	[MsgId: MMSG-26577]
Action.c(221): Error -26612: HTTP Status-Code=500 (Internal Server Error) for "https://dev-boomq.pflb.ru/test-srv/slaReportProfile"  	[MsgId: MERR-26612]
End auto log messages stack.	[MsgId: MMSG-10544]


Start auto log messages stack - Iteration 19.	[MsgId: MMSG-10545]
Action.c(211): Notify: Transaction "UC05_TR01_Login" ended with a "Pass" status (Duration: 0,4878 Wasted Time: 0,0003).	[MsgId: MMSG-16871]
Action.c(214): Notify: Transaction "UC05_TR02_Go_Trending" started.	[MsgId: MMSG-16999]
Action.c(216): web_add_auto_header("Priority") started  	[MsgId: MMSG-26355]
Action.c(216): web_add_auto_header("Priority") was successful  	[MsgId: MMSG-26392]
Action.c(219): lr_think_time: 14,00 seconds.	[MsgId: MMSG-15948]
Action.c(221): web_url("slaReportProfile") started  	[MsgId: MMSG-26355]
Action.c(221): Downloading resource "https://dev-boomq.pflb.ru/static/media/arrow_down.6be88730f13ef3a159f4ef4438670da1.svg" (specified by argument number 10)  	[MsgId: MMSG-26577]
Action.c(221): Downloading resource "https://dev-boomq.pflb.ru/static/media/arrow.659530470e6be7b696f0d3d15a3179f5.svg" (specified by argument number 13)  	[MsgId: MMSG-26577]
Action.c(221): Error -26612: HTTP Status-Code=500 (Internal Server Error) for "https://dev-boomq.pflb.ru/test-srv/slaReportProfile"  	[MsgId: MERR-26612]
End auto log messages stack.	[MsgId: MMSG-10544]


Start auto log messages stack - Iteration 20.	[MsgId: MMSG-10545]
Action.c(211): Notify: Transaction "UC05_TR01_Login" ended with a "Pass" status (Duration: 0,4763 Wasted Time: 0,0003).	[MsgId: MMSG-16871]
Action.c(214): Notify: Transaction "UC05_TR02_Go_Trending" started.	[MsgId: MMSG-16999]
Action.c(216): web_add_auto_header("Priority") started  	[MsgId: MMSG-26355]
Action.c(216): web_add_auto_header("Priority") was successful  	[MsgId: MMSG-26392]
Action.c(219): lr_think_time: 6,00 seconds.	[MsgId: MMSG-15948]
Action.c(221): web_url("slaReportProfile") started  	[MsgId: MMSG-26355]
Action.c(221): Downloading resource "https://dev-boomq.pflb.ru/static/media/arrow_down.6be88730f13ef3a159f4ef4438670da1.svg" (specified by argument number 10)  	[MsgId: MMSG-26577]
Action.c(221): Downloading resource "https://dev-boomq.pflb.ru/static/media/arrow.659530470e6be7b696f0d3d15a3179f5.svg" (specified by argument number 13)  	[MsgId: MMSG-26577]
Action.c(221): Error -26612: HTTP Status-Code=500 (Internal Server Error) for "https://dev-boomq.pflb.ru/test-srv/slaReportProfile"  	[MsgId: MERR-26612]
End auto log messages stack.	[MsgId: MMSG-10544]


Start auto log messages stack - Iteration 21.	[MsgId: MMSG-10545]
Action.c(211): Notify: Transaction "UC05_TR01_Login" ended with a "Pass" status (Duration: 0,4716 Wasted Time: 0,0003).	[MsgId: MMSG-16871]
Action.c(214): Notify: Transaction "UC05_TR02_Go_Trending" started.	[MsgId: MMSG-16999]
Action.c(216): web_add_auto_header("Priority") started  	[MsgId: MMSG-26355]
Action.c(216): web_add_auto_header("Priority") was successful  	[MsgId: MMSG-26392]
Action.c(219): lr_think_time: 11,00 seconds.	[MsgId: MMSG-15948]
Action.c(221): web_url("slaReportProfile") started  	[MsgId: MMSG-26355]
Action.c(221): Downloading resource "https://dev-boomq.pflb.ru/static/media/arrow_down.6be88730f13ef3a159f4ef4438670da1.svg" (specified by argument number 10)  	[MsgId: MMSG-26577]
Action.c(221): Downloading resource "https://dev-boomq.pflb.ru/static/media/arrow.659530470e6be7b696f0d3d15a3179f5.svg" (specified by argument number 13)  	[MsgId: MMSG-26577]
Action.c(221): Error -26612: HTTP Status-Code=500 (Internal Server Error) for "https://dev-boomq.pflb.ru/test-srv/slaReportProfile"  	[MsgId: MERR-26612]
End auto log messages stack.	[MsgId: MMSG-10544]


Start auto log messages stack - Iteration 22.	[MsgId: MMSG-10545]
Action.c(211): Notify: Transaction "UC05_TR01_Login" ended with a "Pass" status (Duration: 0,4904 Wasted Time: 0,0003).	[MsgId: MMSG-16871]
Action.c(214): Notify: Transaction "UC05_TR02_Go_Trending" started.	[MsgId: MMSG-16999]
Action.c(216): web_add_auto_header("Priority") started  	[MsgId: MMSG-26355]
Action.c(216): web_add_auto_header("Priority") was successful  	[MsgId: MMSG-26392]
Action.c(219): lr_think_time: 12,00 seconds.	[MsgId: MMSG-15948]
Action.c(221): web_url("slaReportProfile") started  	[MsgId: MMSG-26355]
Action.c(221): Downloading resource "https://dev-boomq.pflb.ru/static/media/arrow_down.6be88730f13ef3a159f4ef4438670da1.svg" (specified by argument number 10)  	[MsgId: MMSG-26577]
Action.c(221): Downloading resource "https://dev-boomq.pflb.ru/static/media/arrow.659530470e6be7b696f0d3d15a3179f5.svg" (specified by argument number 13)  	[MsgId: MMSG-26577]
Action.c(221): Error -26612: HTTP Status-Code=500 (Internal Server Error) for "https://dev-boomq.pflb.ru/test-srv/slaReportProfile"  	[MsgId: MERR-26612]
End auto log messages stack.	[MsgId: MMSG-10544]


Start auto log messages stack - Iteration 23.	[MsgId: MMSG-10545]
Action.c(211): Notify: Transaction "UC05_TR01_Login" ended with a "Pass" status (Duration: 0,4792 Wasted Time: 0,0003).	[MsgId: MMSG-16871]
Action.c(214): Notify: Transaction "UC05_TR02_Go_Trending" started.	[MsgId: MMSG-16999]
Action.c(216): web_add_auto_header("Priority") started  	[MsgId: MMSG-26355]
Action.c(216): web_add_auto_header("Priority") was successful  	[MsgId: MMSG-26392]
Action.c(219): lr_think_time: 9,00 seconds.	[MsgId: MMSG-15948]
Action.c(221): web_url("slaReportProfile") started  	[MsgId: MMSG-26355]
Action.c(221): Downloading resource "https://dev-boomq.pflb.ru/static/media/arrow_down.6be88730f13ef3a159f4ef4438670da1.svg" (specified by argument number 10)  	[MsgId: MMSG-26577]
Action.c(221): Downloading resource "https://dev-boomq.pflb.ru/static/media/arrow.659530470e6be7b696f0d3d15a3179f5.svg" (specified by argument number 13)  	[MsgId: MMSG-26577]
Action.c(221): Error -26612: HTTP Status-Code=500 (Internal Server Error) for "https://dev-boomq.pflb.ru/test-srv/slaReportProfile"  	[MsgId: MERR-26612]
End auto log messages stack.	[MsgId: MMSG-10544]


Start auto log messages stack - Iteration 24.	[MsgId: MMSG-10545]
Action.c(211): Notify: Transaction "UC05_TR01_Login" ended with a "Pass" status (Duration: 0,4949 Wasted Time: 0,0003).	[MsgId: MMSG-16871]
Action.c(214): Notify: Transaction "UC05_TR02_Go_Trending" started.	[MsgId: MMSG-16999]
Action.c(216): web_add_auto_header("Priority") started  	[MsgId: MMSG-26355]
Action.c(216): web_add_auto_header("Priority") was successful  	[MsgId: MMSG-26392]
Action.c(219): lr_think_time: 5,00 seconds.	[MsgId: MMSG-15948]
Action.c(221): web_url("slaReportProfile") started  	[MsgId: MMSG-26355]
Action.c(221): Downloading resource "https://dev-boomq.pflb.ru/static/media/arrow_down.6be88730f13ef3a159f4ef4438670da1.svg" (specified by argument number 10)  	[MsgId: MMSG-26577]
Action.c(221): Downloading resource "https://dev-boomq.pflb.ru/static/media/arrow.659530470e6be7b696f0d3d15a3179f5.svg" (specified by argument number 13)  	[MsgId: MMSG-26577]
Action.c(221): Error -26612: HTTP Status-Code=500 (Internal Server Error) for "https://dev-boomq.pflb.ru/test-srv/slaReportProfile"  	[MsgId: MERR-26612]
End auto log messages stack.	[MsgId: MMSG-10544]


Start auto log messages stack - Iteration 20.	[MsgId: MMSG-10545]
Action.c(211): Notify: Transaction "UC05_TR01_Login" ended with a "Pass" status (Duration: 0,4753 Wasted Time: 0,0003).	[MsgId: MMSG-16871]
Action.c(214): Notify: Transaction "UC05_TR02_Go_Trending" started.	[MsgId: MMSG-16999]
Action.c(216): web_add_auto_header("Priority") started  	[MsgId: MMSG-26355]
Action.c(216): web_add_auto_header("Priority") was successful  	[MsgId: MMSG-26392]
Action.c(219): lr_think_time: 7,00 seconds.	[MsgId: MMSG-15948]
Action.c(221): web_url("slaReportProfile") started  	[MsgId: MMSG-26355]
Action.c(221): Downloading resource "https://dev-boomq.pflb.ru/static/media/arrow_down.6be88730f13ef3a159f4ef4438670da1.svg" (specified by argument number 10)  	[MsgId: MMSG-26577]
Action.c(221): Downloading resource "https://dev-boomq.pflb.ru/static/media/arrow.659530470e6be7b696f0d3d15a3179f5.svg" (specified by argument number 13)  	[MsgId: MMSG-26577]
Action.c(221): Error -26612: HTTP Status-Code=500 (Internal Server Error) for "https://dev-boomq.pflb.ru/test-srv/slaReportProfile"  	[MsgId: MERR-26612]
End auto log messages stack.	[MsgId: MMSG-10544]


Start auto log messages stack - Iteration 21.	[MsgId: MMSG-10545]
Action.c(211): Notify: Transaction "UC05_TR01_Login" ended with a "Pass" status (Duration: 0,4827 Wasted Time: 0,0003).	[MsgId: MMSG-16871]
Action.c(214): Notify: Transaction "UC05_TR02_Go_Trending" started.	[MsgId: MMSG-16999]
Action.c(216): web_add_auto_header("Priority") started  	[MsgId: MMSG-26355]
Action.c(216): web_add_auto_header("Priority") was successful  	[MsgId: MMSG-26392]
Action.c(219): lr_think_time: 12,00 seconds.	[MsgId: MMSG-15948]
Action.c(221): web_url("slaReportProfile") started  	[MsgId: MMSG-26355]
Action.c(221): Downloading resource "https://dev-boomq.pflb.ru/static/media/arrow_down.6be88730f13ef3a159f4ef4438670da1.svg" (specified by argument number 10)  	[MsgId: MMSG-26577]
Action.c(221): Downloading resource "https://dev-boomq.pflb.ru/static/media/arrow.659530470e6be7b696f0d3d15a3179f5.svg" (specified by argument number 13)  	[MsgId: MMSG-26577]
Action.c(221): Error -26612: HTTP Status-Code=500 (Internal Server Error) for "https://dev-boomq.pflb.ru/test-srv/slaReportProfile"  	[MsgId: MERR-26612]
End auto log messages stack.	[MsgId: MMSG-10544]


Start auto log messages stack - Iteration 22.	[MsgId: MMSG-10545]
Action.c(211): Notify: Transaction "UC05_TR01_Login" ended with a "Pass" status (Duration: 0,4715 Wasted Time: 0,0003).	[MsgId: MMSG-16871]
Action.c(214): Notify: Transaction "UC05_TR02_Go_Trending" started.	[MsgId: MMSG-16999]
Action.c(216): web_add_auto_header("Priority") started  	[MsgId: MMSG-26355]
Action.c(216): web_add_auto_header("Priority") was successful  	[MsgId: MMSG-26392]
Action.c(219): lr_think_time: 10,00 seconds.	[MsgId: MMSG-15948]
Action.c(221): web_url("slaReportProfile") started  	[MsgId: MMSG-26355]
Action.c(221): Downloading resource "https://dev-boomq.pflb.ru/static/media/arrow_down.6be88730f13ef3a159f4ef4438670da1.svg" (specified by argument number 10)  	[MsgId: MMSG-26577]
Action.c(221): Downloading resource "https://dev-boomq.pflb.ru/static/media/arrow.659530470e6be7b696f0d3d15a3179f5.svg" (specified by argument number 13)  	[MsgId: MMSG-26577]
Action.c(221): Error -26612: HTTP Status-Code=500 (Internal Server Error) for "https://dev-boomq.pflb.ru/test-srv/slaReportProfile"  	[MsgId: MERR-26612]
End auto log messages stack.	[MsgId: MMSG-10544]


Start auto log messages stack - Iteration 23.	[MsgId: MMSG-10545]
Action.c(211): Notify: Transaction "UC05_TR01_Login" ended with a "Pass" status (Duration: 0,4994 Wasted Time: 0,0003).	[MsgId: MMSG-16871]
Action.c(214): Notify: Transaction "UC05_TR02_Go_Trending" started.	[MsgId: MMSG-16999]
Action.c(216): web_add_auto_header("Priority") started  	[MsgId: MMSG-26355]
Action.c(216): web_add_auto_header("Priority") was successful  	[MsgId: MMSG-26392]
Action.c(219): lr_think_time: 14,00 seconds.	[MsgId: MMSG-15948]
Action.c(221): web_url("slaReportProfile") started  	[MsgId: MMSG-26355]
Action.c(221): Downloading resource "https://dev-boomq.pflb.ru/static/media/arrow_down.6be88730f13ef3a159f4ef4438670da1.svg" (specified by argument number 10)  	[MsgId: MMSG-26577]
Action.c(221): Downloading resource "https://dev-boomq.pflb.ru/static/media/arrow.659530470e6be7b696f0d3d15a3179f5.svg" (specified by argument number 13)  	[MsgId: MMSG-26577]
Action.c(221): Error -26612: HTTP Status-Code=500 (Internal Server Error) for "https://dev-boomq.pflb.ru/test-srv/slaReportProfile"  	[MsgId: MERR-26612]
End auto log messages stack.	[MsgId: MMSG-10544]


Start auto log messages stack - Iteration 24.	[MsgId: MMSG-10545]
Action.c(211): Notify: Transaction "UC05_TR01_Login" ended with a "Pass" status (Duration: 0,4651 Wasted Time: 0,0003).	[MsgId: MMSG-16871]
Action.c(214): Notify: Transaction "UC05_TR02_Go_Trending" started.	[MsgId: MMSG-16999]
Action.c(216): web_add_auto_header("Priority") started  	[MsgId: MMSG-26355]
Action.c(216): web_add_auto_header("Priority") was successful  	[MsgId: MMSG-26392]
Action.c(219): lr_think_time: 6,00 seconds.	[MsgId: MMSG-15948]
Action.c(221): web_url("slaReportProfile") started  	[MsgId: MMSG-26355]
Action.c(221): Downloading resource "https://dev-boomq.pflb.ru/static/media/arrow_down.6be88730f13ef3a159f4ef4438670da1.svg" (specified by argument number 10)  	[MsgId: MMSG-26577]
Action.c(221): Downloading resource "https://dev-boomq.pflb.ru/static/media/arrow.659530470e6be7b696f0d3d15a3179f5.svg" (specified by argument number 13)  	[MsgId: MMSG-26577]
Action.c(221): Error -26612: HTTP Status-Code=500 (Internal Server Error) for "https://dev-boomq.pflb.ru/test-srv/slaReportProfile"  	[MsgId: MERR-26612]
End auto log messages stack.	[MsgId: MMSG-10544]


Start auto log messages stack - Iteration 25.	[MsgId: MMSG-10545]
Action.c(211): Notify: Transaction "UC05_TR01_Login" ended with a "Pass" status (Duration: 0,4777 Wasted Time: 0,0003).	[MsgId: MMSG-16871]
Action.c(214): Notify: Transaction "UC05_TR02_Go_Trending" started.	[MsgId: MMSG-16999]
Action.c(216): web_add_auto_header("Priority") started  	[MsgId: MMSG-26355]
Action.c(216): web_add_auto_header("Priority") was successful  	[MsgId: MMSG-26392]
Action.c(219): lr_think_time: 12,00 seconds.	[MsgId: MMSG-15948]
Action.c(221): web_url("slaReportProfile") started  	[MsgId: MMSG-26355]
Action.c(221): Downloading resource "https://dev-boomq.pflb.ru/static/media/arrow_down.6be88730f13ef3a159f4ef4438670da1.svg" (specified by argument number 10)  	[MsgId: MMSG-26577]
Action.c(221): Downloading resource "https://dev-boomq.pflb.ru/static/media/arrow.659530470e6be7b696f0d3d15a3179f5.svg" (specified by argument number 13)  	[MsgId: MMSG-26577]
Action.c(221): Error -26612: HTTP Status-Code=500 (Internal Server Error) for "https://dev-boomq.pflb.ru/test-srv/slaReportProfile"  	[MsgId: MERR-26612]
End auto log messages stack.	[MsgId: MMSG-10544]


Start auto log messages stack - Iteration 21.	[MsgId: MMSG-10545]
Action.c(211): Notify: Transaction "UC05_TR01_Login" ended with a "Pass" status (Duration: 0,4942 Wasted Time: 0,0003).	[MsgId: MMSG-16871]
Action.c(214): Notify: Transaction "UC05_TR02_Go_Trending" started.	[MsgId: MMSG-16999]
Action.c(216): web_add_auto_header("Priority") started  	[MsgId: MMSG-26355]
Action.c(216): web_add_auto_header("Priority") was successful  	[MsgId: MMSG-26392]
Action.c(219): lr_think_time: 14,00 seconds.	[MsgId: MMSG-15948]
Action.c(221): web_url("slaReportProfile") started  	[MsgId: MMSG-26355]
Action.c(221): Downloading resource "https://dev-boomq.pflb.ru/static/media/arrow_down.6be88730f13ef3a159f4ef4438670da1.svg" (specified by argument number 10)  	[MsgId: MMSG-26577]
Action.c(221): Downloading resource "https://dev-boomq.pflb.ru/static/media/arrow.659530470e6be7b696f0d3d15a3179f5.svg" (specified by argument number 13)  	[MsgId: MMSG-26577]
Action.c(221): Error -26612: HTTP Status-Code=500 (Internal Server Error) for "https://dev-boomq.pflb.ru/test-srv/slaReportProfile"  	[MsgId: MERR-26612]
End auto log messages stack.	[MsgId: MMSG-10544]


Start auto log messages stack - Iteration 22.	[MsgId: MMSG-10545]
Action.c(211): Notify: Transaction "UC05_TR01_Login" ended with a "Pass" status (Duration: 0,4772 Wasted Time: 0,0003).	[MsgId: MMSG-16871]
Action.c(214): Notify: Transaction "UC05_TR02_Go_Trending" started.	[MsgId: MMSG-16999]
Action.c(216): web_add_auto_header("Priority") started  	[MsgId: MMSG-26355]
Action.c(216): web_add_auto_header("Priority") was successful  	[MsgId: MMSG-26392]
Action.c(219): lr_think_time: 8,00 seconds.	[MsgId: MMSG-15948]
Action.c(221): web_url("slaReportProfile") started  	[MsgId: MMSG-26355]
Action.c(221): Downloading resource "https://dev-boomq.pflb.ru/static/media/arrow_down.6be88730f13ef3a159f4ef4438670da1.svg" (specified by argument number 10)  	[MsgId: MMSG-26577]
Action.c(221): Downloading resource "https://dev-boomq.pflb.ru/static/media/arrow.659530470e6be7b696f0d3d15a3179f5.svg" (specified by argument number 13)  	[MsgId: MMSG-26577]
Action.c(221): Error -26612: HTTP Status-Code=500 (Internal Server Error) for "https://dev-boomq.pflb.ru/test-srv/slaReportProfile"  	[MsgId: MERR-26612]
End auto log messages stack.	[MsgId: MMSG-10544]


Start auto log messages stack - Iteration 23.	[MsgId: MMSG-10545]
Action.c(211): Notify: Transaction "UC05_TR01_Login" ended with a "Pass" status (Duration: 0,4872 Wasted Time: 0,0003).	[MsgId: MMSG-16871]
Action.c(214): Notify: Transaction "UC05_TR02_Go_Trending" started.	[MsgId: MMSG-16999]
Action.c(216): web_add_auto_header("Priority") started  	[MsgId: MMSG-26355]
Action.c(216): web_add_auto_header("Priority") was successful  	[MsgId: MMSG-26392]
Action.c(219): lr_think_time: 7,00 seconds.	[MsgId: MMSG-15948]
Action.c(221): web_url("slaReportProfile") started  	[MsgId: MMSG-26355]
Action.c(221): Downloading resource "https://dev-boomq.pflb.ru/static/media/arrow_down.6be88730f13ef3a159f4ef4438670da1.svg" (specified by argument number 10)  	[MsgId: MMSG-26577]
Action.c(221): Downloading resource "https://dev-boomq.pflb.ru/static/media/arrow.659530470e6be7b696f0d3d15a3179f5.svg" (specified by argument number 13)  	[MsgId: MMSG-26577]
Action.c(221): Error -26612: HTTP Status-Code=500 (Internal Server Error) for "https://dev-boomq.pflb.ru/test-srv/slaReportProfile"  	[MsgId: MERR-26612]
End auto log messages stack.	[MsgId: MMSG-10544]


Start auto log messages stack - Iteration 24.	[MsgId: MMSG-10545]
Action.c(211): Notify: Transaction "UC05_TR01_Login" ended with a "Pass" status (Duration: 0,4858 Wasted Time: 0,0004).	[MsgId: MMSG-16871]
Action.c(214): Notify: Transaction "UC05_TR02_Go_Trending" started.	[MsgId: MMSG-16999]
Action.c(216): web_add_auto_header("Priority") started  	[MsgId: MMSG-26355]
Action.c(216): web_add_auto_header("Priority") was successful  	[MsgId: MMSG-26392]
Action.c(219): lr_think_time: 8,00 seconds.	[MsgId: MMSG-15948]
Action.c(221): web_url("slaReportProfile") started  	[MsgId: MMSG-26355]
Action.c(221): Downloading resource "https://dev-boomq.pflb.ru/static/media/arrow_down.6be88730f13ef3a159f4ef4438670da1.svg" (specified by argument number 10)  	[MsgId: MMSG-26577]
Action.c(221): Downloading resource "https://dev-boomq.pflb.ru/static/media/arrow.659530470e6be7b696f0d3d15a3179f5.svg" (specified by argument number 13)  	[MsgId: MMSG-26577]
Action.c(221): Error -26612: HTTP Status-Code=500 (Internal Server Error) for "https://dev-boomq.pflb.ru/test-srv/slaReportProfile"  	[MsgId: MERR-26612]
End auto log messages stack.	[MsgId: MMSG-10544]


Start auto log messages stack - Iteration 25.	[MsgId: MMSG-10545]
Action.c(211): Notify: Transaction "UC05_TR01_Login" ended with a "Pass" status (Duration: 0,5013 Wasted Time: 0,0004).	[MsgId: MMSG-16871]
Action.c(214): Notify: Transaction "UC05_TR02_Go_Trending" started.	[MsgId: MMSG-16999]
Action.c(216): web_add_auto_header("Priority") started  	[MsgId: MMSG-26355]
Action.c(216): web_add_auto_header("Priority") was successful  	[MsgId: MMSG-26392]
Action.c(219): lr_think_time: 6,00 seconds.	[MsgId: MMSG-15948]
Action.c(221): web_url("slaReportProfile") started  	[MsgId: MMSG-26355]
Action.c(221): Downloading resource "https://dev-boomq.pflb.ru/static/media/arrow_down.6be88730f13ef3a159f4ef4438670da1.svg" (specified by argument number 10)  	[MsgId: MMSG-26577]
Action.c(221): Downloading resource "https://dev-boomq.pflb.ru/static/media/arrow.659530470e6be7b696f0d3d15a3179f5.svg" (specified by argument number 13)  	[MsgId: MMSG-26577]
Action.c(221): Error -26612: HTTP Status-Code=500 (Internal Server Error) for "https://dev-boomq.pflb.ru/test-srv/slaReportProfile"  	[MsgId: MERR-26612]
End auto log messages stack.	[MsgId: MMSG-10544]


Start auto log messages stack - Iteration 26.	[MsgId: MMSG-10545]
Action.c(211): Notify: Transaction "UC05_TR01_Login" ended with a "Pass" status (Duration: 0,5005 Wasted Time: 0,0003).	[MsgId: MMSG-16871]
Action.c(214): Notify: Transaction "UC05_TR02_Go_Trending" started.	[MsgId: MMSG-16999]
Action.c(216): web_add_auto_header("Priority") started  	[MsgId: MMSG-26355]
Action.c(216): web_add_auto_header("Priority") was successful  	[MsgId: MMSG-26392]
Action.c(219): lr_think_time: 5,00 seconds.	[MsgId: MMSG-15948]
Action.c(221): web_url("slaReportProfile") started  	[MsgId: MMSG-26355]
Action.c(221): Downloading resource "https://dev-boomq.pflb.ru/static/media/arrow_down.6be88730f13ef3a159f4ef4438670da1.svg" (specified by argument number 10)  	[MsgId: MMSG-26577]
Action.c(221): Downloading resource "https://dev-boomq.pflb.ru/static/media/arrow.659530470e6be7b696f0d3d15a3179f5.svg" (specified by argument number 13)  	[MsgId: MMSG-26577]
Action.c(221): Error -26612: HTTP Status-Code=500 (Internal Server Error) for "https://dev-boomq.pflb.ru/test-srv/slaReportProfile"  	[MsgId: MERR-26612]
End auto log messages stack.	[MsgId: MMSG-10544]


Start auto log messages stack - Iteration 22.	[MsgId: MMSG-10545]
Action.c(211): Notify: Transaction "UC05_TR01_Login" ended with a "Pass" status (Duration: 0,4803 Wasted Time: 0,0004).	[MsgId: MMSG-16871]
Action.c(214): Notify: Transaction "UC05_TR02_Go_Trending" started.	[MsgId: MMSG-16999]
Action.c(216): web_add_auto_header("Priority") started  	[MsgId: MMSG-26355]
Action.c(216): web_add_auto_header("Priority") was successful  	[MsgId: MMSG-26392]
Action.c(219): lr_think_time: 6,00 seconds.	[MsgId: MMSG-15948]
Action.c(221): web_url("slaReportProfile") started  	[MsgId: MMSG-26355]
Action.c(221): Downloading resource "https://dev-boomq.pflb.ru/static/media/arrow_down.6be88730f13ef3a159f4ef4438670da1.svg" (specified by argument number 10)  	[MsgId: MMSG-26577]
Action.c(221): Downloading resource "https://dev-boomq.pflb.ru/static/media/arrow.659530470e6be7b696f0d3d15a3179f5.svg" (specified by argument number 13)  	[MsgId: MMSG-26577]
Action.c(221): Error -26612: HTTP Status-Code=500 (Internal Server Error) for "https://dev-boomq.pflb.ru/test-srv/slaReportProfile"  	[MsgId: MERR-26612]
End auto log messages stack.	[MsgId: MMSG-10544]


Start auto log messages stack - Iteration 23.	[MsgId: MMSG-10545]
Action.c(211): Notify: Transaction "UC05_TR01_Login" ended with a "Pass" status (Duration: 0,4847 Wasted Time: 0,0003).	[MsgId: MMSG-16871]
Action.c(214): Notify: Transaction "UC05_TR02_Go_Trending" started.	[MsgId: MMSG-16999]
Action.c(216): web_add_auto_header("Priority") started  	[MsgId: MMSG-26355]
Action.c(216): web_add_auto_header("Priority") was successful  	[MsgId: MMSG-26392]
Action.c(219): lr_think_time: 7,00 seconds.	[MsgId: MMSG-15948]
Action.c(221): web_url("slaReportProfile") started  	[MsgId: MMSG-26355]
Action.c(221): Downloading resource "https://dev-boomq.pflb.ru/static/media/arrow_down.6be88730f13ef3a159f4ef4438670da1.svg" (specified by argument number 10)  	[MsgId: MMSG-26577]
Action.c(221): Downloading resource "https://dev-boomq.pflb.ru/static/media/arrow.659530470e6be7b696f0d3d15a3179f5.svg" (specified by argument number 13)  	[MsgId: MMSG-26577]
Action.c(221): Error -26612: HTTP Status-Code=500 (Internal Server Error) for "https://dev-boomq.pflb.ru/test-srv/slaReportProfile"  	[MsgId: MERR-26612]
End auto log messages stack.	[MsgId: MMSG-10544]


Start auto log messages stack - Iteration 24.	[MsgId: MMSG-10545]
Action.c(211): Notify: Transaction "UC05_TR01_Login" ended with a "Pass" status (Duration: 0,5043 Wasted Time: 0,0003).	[MsgId: MMSG-16871]
Action.c(214): Notify: Transaction "UC05_TR02_Go_Trending" started.	[MsgId: MMSG-16999]
Action.c(216): web_add_auto_header("Priority") started  	[MsgId: MMSG-26355]
Action.c(216): web_add_auto_header("Priority") was successful  	[MsgId: MMSG-26392]
Action.c(219): lr_think_time: 5,00 seconds.	[MsgId: MMSG-15948]
Action.c(221): web_url("slaReportProfile") started  	[MsgId: MMSG-26355]
Action.c(221): Downloading resource "https://dev-boomq.pflb.ru/static/media/arrow_down.6be88730f13ef3a159f4ef4438670da1.svg" (specified by argument number 10)  	[MsgId: MMSG-26577]
Action.c(221): Downloading resource "https://dev-boomq.pflb.ru/static/media/arrow.659530470e6be7b696f0d3d15a3179f5.svg" (specified by argument number 13)  	[MsgId: MMSG-26577]
Action.c(221): Error -26612: HTTP Status-Code=500 (Internal Server Error) for "https://dev-boomq.pflb.ru/test-srv/slaReportProfile"  	[MsgId: MERR-26612]
End auto log messages stack.	[MsgId: MMSG-10544]


Start auto log messages stack - Iteration 25.	[MsgId: MMSG-10545]
Action.c(211): Notify: Transaction "UC05_TR01_Login" ended with a "Pass" status (Duration: 0,4924 Wasted Time: 0,0002).	[MsgId: MMSG-16871]
Action.c(214): Notify: Transaction "UC05_TR02_Go_Trending" started.	[MsgId: MMSG-16999]
Action.c(216): web_add_auto_header("Priority") started  	[MsgId: MMSG-26355]
Action.c(216): web_add_auto_header("Priority") was successful  	[MsgId: MMSG-26392]
Action.c(219): lr_think_time: 6,00 seconds.	[MsgId: MMSG-15948]
Action.c(221): web_url("slaReportProfile") started  	[MsgId: MMSG-26355]
Action.c(221): Downloading resource "https://dev-boomq.pflb.ru/static/media/arrow_down.6be88730f13ef3a159f4ef4438670da1.svg" (specified by argument number 10)  	[MsgId: MMSG-26577]
Action.c(221): Downloading resource "https://dev-boomq.pflb.ru/static/media/arrow.659530470e6be7b696f0d3d15a3179f5.svg" (specified by argument number 13)  	[MsgId: MMSG-26577]
Action.c(221): Error -26612: HTTP Status-Code=500 (Internal Server Error) for "https://dev-boomq.pflb.ru/test-srv/slaReportProfile"  	[MsgId: MERR-26612]
End auto log messages stack.	[MsgId: MMSG-10544]


Start auto log messages stack - Iteration 26.	[MsgId: MMSG-10545]
Action.c(211): Notify: Transaction "UC05_TR01_Login" ended with a "Pass" status (Duration: 0,4935 Wasted Time: 0,0002).	[MsgId: MMSG-16871]
Action.c(214): Notify: Transaction "UC05_TR02_Go_Trending" started.	[MsgId: MMSG-16999]
Action.c(216): web_add_auto_header("Priority") started  	[MsgId: MMSG-26355]
Action.c(216): web_add_auto_header("Priority") was successful  	[MsgId: MMSG-26392]
Action.c(219): lr_think_time: 12,00 seconds.	[MsgId: MMSG-15948]
Action.c(221): web_url("slaReportProfile") started  	[MsgId: MMSG-26355]
Action.c(221): Downloading resource "https://dev-boomq.pflb.ru/static/media/arrow_down.6be88730f13ef3a159f4ef4438670da1.svg" (specified by argument number 10)  	[MsgId: MMSG-26577]
Action.c(221): Downloading resource "https://dev-boomq.pflb.ru/static/media/arrow.659530470e6be7b696f0d3d15a3179f5.svg" (specified by argument number 13)  	[MsgId: MMSG-26577]
Action.c(221): Error -26612: HTTP Status-Code=500 (Internal Server Error) for "https://dev-boomq.pflb.ru/test-srv/slaReportProfile"  	[MsgId: MERR-26612]
End auto log messages stack.	[MsgId: MMSG-10544]


Start auto log messages stack - Iteration 27.	[MsgId: MMSG-10545]
Action.c(211): Notify: Transaction "UC05_TR01_Login" ended with a "Pass" status (Duration: 0,4840 Wasted Time: 0,0004).	[MsgId: MMSG-16871]
Action.c(214): Notify: Transaction "UC05_TR02_Go_Trending" started.	[MsgId: MMSG-16999]
Action.c(216): web_add_auto_header("Priority") started  	[MsgId: MMSG-26355]
Action.c(216): web_add_auto_header("Priority") was successful  	[MsgId: MMSG-26392]
Action.c(219): lr_think_time: 9,00 seconds.	[MsgId: MMSG-15948]
Action.c(221): web_url("slaReportProfile") started  	[MsgId: MMSG-26355]
Action.c(221): Downloading resource "https://dev-boomq.pflb.ru/static/media/arrow_down.6be88730f13ef3a159f4ef4438670da1.svg" (specified by argument number 10)  	[MsgId: MMSG-26577]
Action.c(221): Downloading resource "https://dev-boomq.pflb.ru/static/media/arrow.659530470e6be7b696f0d3d15a3179f5.svg" (specified by argument number 13)  	[MsgId: MMSG-26577]
Action.c(221): Error -26612: HTTP Status-Code=500 (Internal Server Error) for "https://dev-boomq.pflb.ru/test-srv/slaReportProfile"  	[MsgId: MERR-26612]
End auto log messages stack.	[MsgId: MMSG-10544]


Start auto log messages stack - Iteration 23.	[MsgId: MMSG-10545]
Action.c(211): Notify: Transaction "UC05_TR01_Login" ended with a "Pass" status (Duration: 0,4916 Wasted Time: 0,0003).	[MsgId: MMSG-16871]
Action.c(214): Notify: Transaction "UC05_TR02_Go_Trending" started.	[MsgId: MMSG-16999]
Action.c(216): web_add_auto_header("Priority") started  	[MsgId: MMSG-26355]
Action.c(216): web_add_auto_header("Priority") was successful  	[MsgId: MMSG-26392]
Action.c(219): lr_think_time: 5,00 seconds.	[MsgId: MMSG-15948]
Action.c(221): web_url("slaReportProfile") started  	[MsgId: MMSG-26355]
Action.c(221): Downloading resource "https://dev-boomq.pflb.ru/static/media/arrow_down.6be88730f13ef3a159f4ef4438670da1.svg" (specified by argument number 10)  	[MsgId: MMSG-26577]
Action.c(221): Downloading resource "https://dev-boomq.pflb.ru/static/media/arrow.659530470e6be7b696f0d3d15a3179f5.svg" (specified by argument number 13)  	[MsgId: MMSG-26577]
Action.c(221): Error -26612: HTTP Status-Code=500 (Internal Server Error) for "https://dev-boomq.pflb.ru/test-srv/slaReportProfile"  	[MsgId: MERR-26612]
End auto log messages stack.	[MsgId: MMSG-10544]


Start auto log messages stack - Iteration 24.	[MsgId: MMSG-10545]
Action.c(211): Notify: Transaction "UC05_TR01_Login" ended with a "Pass" status (Duration: 0,4844 Wasted Time: 0,0003).	[MsgId: MMSG-16871]
Action.c(214): Notify: Transaction "UC05_TR02_Go_Trending" started.	[MsgId: MMSG-16999]
Action.c(216): web_add_auto_header("Priority") started  	[MsgId: MMSG-26355]
Action.c(216): web_add_auto_header("Priority") was successful  	[MsgId: MMSG-26392]
Action.c(219): lr_think_time: 9,00 seconds.	[MsgId: MMSG-15948]
Action.c(221): web_url("slaReportProfile") started  	[MsgId: MMSG-26355]
Action.c(221): Downloading resource "https://dev-boomq.pflb.ru/static/media/arrow_down.6be88730f13ef3a159f4ef4438670da1.svg" (specified by argument number 10)  	[MsgId: MMSG-26577]
Action.c(221): Downloading resource "https://dev-boomq.pflb.ru/static/media/arrow.659530470e6be7b696f0d3d15a3179f5.svg" (specified by argument number 13)  	[MsgId: MMSG-26577]
Action.c(221): Error -26612: HTTP Status-Code=500 (Internal Server Error) for "https://dev-boomq.pflb.ru/test-srv/slaReportProfile"  	[MsgId: MERR-26612]
End auto log messages stack.	[MsgId: MMSG-10544]


Start auto log messages stack - Iteration 25.	[MsgId: MMSG-10545]
Action.c(211): Notify: Transaction "UC05_TR01_Login" ended with a "Pass" status (Duration: 0,4688 Wasted Time: 0,0004).	[MsgId: MMSG-16871]
Action.c(214): Notify: Transaction "UC05_TR02_Go_Trending" started.	[MsgId: MMSG-16999]
Action.c(216): web_add_auto_header("Priority") started  	[MsgId: MMSG-26355]
Action.c(216): web_add_auto_header("Priority") was successful  	[MsgId: MMSG-26392]
Action.c(219): lr_think_time: 10,00 seconds.	[MsgId: MMSG-15948]
Action.c(221): web_url("slaReportProfile") started  	[MsgId: MMSG-26355]
Action.c(221): Downloading resource "https://dev-boomq.pflb.ru/static/media/arrow_down.6be88730f13ef3a159f4ef4438670da1.svg" (specified by argument number 10)  	[MsgId: MMSG-26577]
Action.c(221): Downloading resource "https://dev-boomq.pflb.ru/static/media/arrow.659530470e6be7b696f0d3d15a3179f5.svg" (specified by argument number 13)  	[MsgId: MMSG-26577]
Action.c(221): Error -26612: HTTP Status-Code=500 (Internal Server Error) for "https://dev-boomq.pflb.ru/test-srv/slaReportProfile"  	[MsgId: MERR-26612]
End auto log messages stack.	[MsgId: MMSG-10544]


Start auto log messages stack - Iteration 26.	[MsgId: MMSG-10545]
Action.c(211): Notify: Transaction "UC05_TR01_Login" ended with a "Pass" status (Duration: 0,4781 Wasted Time: 0,0003).	[MsgId: MMSG-16871]
Action.c(214): Notify: Transaction "UC05_TR02_Go_Trending" started.	[MsgId: MMSG-16999]
Action.c(216): web_add_auto_header("Priority") started  	[MsgId: MMSG-26355]
Action.c(216): web_add_auto_header("Priority") was successful  	[MsgId: MMSG-26392]
Action.c(219): lr_think_time: 14,00 seconds.	[MsgId: MMSG-15948]
Action.c(221): web_url("slaReportProfile") started  	[MsgId: MMSG-26355]
Action.c(221): Downloading resource "https://dev-boomq.pflb.ru/static/media/arrow_down.6be88730f13ef3a159f4ef4438670da1.svg" (specified by argument number 10)  	[MsgId: MMSG-26577]
Action.c(221): Downloading resource "https://dev-boomq.pflb.ru/static/media/arrow.659530470e6be7b696f0d3d15a3179f5.svg" (specified by argument number 13)  	[MsgId: MMSG-26577]
Action.c(221): Error -26612: HTTP Status-Code=500 (Internal Server Error) for "https://dev-boomq.pflb.ru/test-srv/slaReportProfile"  	[MsgId: MERR-26612]
End auto log messages stack.	[MsgId: MMSG-10544]


Start auto log messages stack - Iteration 27.	[MsgId: MMSG-10545]
Action.c(211): Notify: Transaction "UC05_TR01_Login" ended with a "Pass" status (Duration: 0,4854 Wasted Time: 0,0004).	[MsgId: MMSG-16871]
Action.c(214): Notify: Transaction "UC05_TR02_Go_Trending" started.	[MsgId: MMSG-16999]
Action.c(216): web_add_auto_header("Priority") started  	[MsgId: MMSG-26355]
Action.c(216): web_add_auto_header("Priority") was successful  	[MsgId: MMSG-26392]
Action.c(219): lr_think_time: 5,00 seconds.	[MsgId: MMSG-15948]
Action.c(221): web_url("slaReportProfile") started  	[MsgId: MMSG-26355]
Action.c(221): Downloading resource "https://dev-boomq.pflb.ru/static/media/arrow_down.6be88730f13ef3a159f4ef4438670da1.svg" (specified by argument number 10)  	[MsgId: MMSG-26577]
Action.c(221): Downloading resource "https://dev-boomq.pflb.ru/static/media/arrow.659530470e6be7b696f0d3d15a3179f5.svg" (specified by argument number 13)  	[MsgId: MMSG-26577]
Action.c(221): Error -26612: HTTP Status-Code=500 (Internal Server Error) for "https://dev-boomq.pflb.ru/test-srv/slaReportProfile"  	[MsgId: MERR-26612]
End auto log messages stack.	[MsgId: MMSG-10544]


Start auto log messages stack - Iteration 28.	[MsgId: MMSG-10545]
Action.c(211): Notify: Transaction "UC05_TR01_Login" ended with a "Pass" status (Duration: 0,4929 Wasted Time: 0,0002).	[MsgId: MMSG-16871]
Action.c(214): Notify: Transaction "UC05_TR02_Go_Trending" started.	[MsgId: MMSG-16999]
Action.c(216): web_add_auto_header("Priority") started  	[MsgId: MMSG-26355]
Action.c(216): web_add_auto_header("Priority") was successful  	[MsgId: MMSG-26392]
Action.c(219): lr_think_time: 13,00 seconds.	[MsgId: MMSG-15948]
Action.c(221): web_url("slaReportProfile") started  	[MsgId: MMSG-26355]
Action.c(221): Downloading resource "https://dev-boomq.pflb.ru/static/media/arrow_down.6be88730f13ef3a159f4ef4438670da1.svg" (specified by argument number 10)  	[MsgId: MMSG-26577]
Action.c(221): Downloading resource "https://dev-boomq.pflb.ru/static/media/arrow.659530470e6be7b696f0d3d15a3179f5.svg" (specified by argument number 13)  	[MsgId: MMSG-26577]
Action.c(221): Error -26612: HTTP Status-Code=500 (Internal Server Error) for "https://dev-boomq.pflb.ru/test-srv/slaReportProfile"  	[MsgId: MERR-26612]
End auto log messages stack.	[MsgId: MMSG-10544]


Start auto log messages stack - Iteration 24.	[MsgId: MMSG-10545]
Action.c(211): Notify: Transaction "UC05_TR01_Login" ended with a "Pass" status (Duration: 0,4877 Wasted Time: 0,0005).	[MsgId: MMSG-16871]
Action.c(214): Notify: Transaction "UC05_TR02_Go_Trending" started.	[MsgId: MMSG-16999]
Action.c(216): web_add_auto_header("Priority") started  	[MsgId: MMSG-26355]
Action.c(216): web_add_auto_header("Priority") was successful  	[MsgId: MMSG-26392]
Action.c(219): lr_think_time: 13,00 seconds.	[MsgId: MMSG-15948]
Action.c(221): web_url("slaReportProfile") started  	[MsgId: MMSG-26355]
Action.c(221): Downloading resource "https://dev-boomq.pflb.ru/static/media/arrow_down.6be88730f13ef3a159f4ef4438670da1.svg" (specified by argument number 10)  	[MsgId: MMSG-26577]
Action.c(221): Downloading resource "https://dev-boomq.pflb.ru/static/media/arrow.659530470e6be7b696f0d3d15a3179f5.svg" (specified by argument number 13)  	[MsgId: MMSG-26577]
Action.c(221): Error -26612: HTTP Status-Code=500 (Internal Server Error) for "https://dev-boomq.pflb.ru/test-srv/slaReportProfile"  	[MsgId: MERR-26612]
End auto log messages stack.	[MsgId: MMSG-10544]


Start auto log messages stack - Iteration 25.	[MsgId: MMSG-10545]
Action.c(211): Notify: Transaction "UC05_TR01_Login" ended with a "Pass" status (Duration: 0,4732 Wasted Time: 0,0004).	[MsgId: MMSG-16871]
Action.c(214): Notify: Transaction "UC05_TR02_Go_Trending" started.	[MsgId: MMSG-16999]
Action.c(216): web_add_auto_header("Priority") started  	[MsgId: MMSG-26355]
Action.c(216): web_add_auto_header("Priority") was successful  	[MsgId: MMSG-26392]
Action.c(219): lr_think_time: 6,00 seconds.	[MsgId: MMSG-15948]
Action.c(221): web_url("slaReportProfile") started  	[MsgId: MMSG-26355]
Action.c(221): Downloading resource "https://dev-boomq.pflb.ru/static/media/arrow_down.6be88730f13ef3a159f4ef4438670da1.svg" (specified by argument number 10)  	[MsgId: MMSG-26577]
Action.c(221): Downloading resource "https://dev-boomq.pflb.ru/static/media/arrow.659530470e6be7b696f0d3d15a3179f5.svg" (specified by argument number 13)  	[MsgId: MMSG-26577]
Action.c(221): Error -26612: HTTP Status-Code=500 (Internal Server Error) for "https://dev-boomq.pflb.ru/test-srv/slaReportProfile"  	[MsgId: MERR-26612]
End auto log messages stack.	[MsgId: MMSG-10544]


Start auto log messages stack - Iteration 26.	[MsgId: MMSG-10545]
Action.c(211): Notify: Transaction "UC05_TR01_Login" ended with a "Pass" status (Duration: 0,5034 Wasted Time: 0,0005).	[MsgId: MMSG-16871]
Action.c(214): Notify: Transaction "UC05_TR02_Go_Trending" started.	[MsgId: MMSG-16999]
Action.c(216): web_add_auto_header("Priority") started  	[MsgId: MMSG-26355]
Action.c(216): web_add_auto_header("Priority") was successful  	[MsgId: MMSG-26392]
Action.c(219): lr_think_time: 8,00 seconds.	[MsgId: MMSG-15948]
Action.c(221): web_url("slaReportProfile") started  	[MsgId: MMSG-26355]
Action.c(221): Downloading resource "https://dev-boomq.pflb.ru/static/media/arrow_down.6be88730f13ef3a159f4ef4438670da1.svg" (specified by argument number 10)  	[MsgId: MMSG-26577]
Action.c(221): Downloading resource "https://dev-boomq.pflb.ru/static/media/arrow.659530470e6be7b696f0d3d15a3179f5.svg" (specified by argument number 13)  	[MsgId: MMSG-26577]
Action.c(221): Error -26612: HTTP Status-Code=500 (Internal Server Error) for "https://dev-boomq.pflb.ru/test-srv/slaReportProfile"  	[MsgId: MERR-26612]
End auto log messages stack.	[MsgId: MMSG-10544]


Start auto log messages stack - Iteration 27.	[MsgId: MMSG-10545]
Action.c(211): Notify: Transaction "UC05_TR01_Login" ended with a "Pass" status (Duration: 0,4722 Wasted Time: 0,0003).	[MsgId: MMSG-16871]
Action.c(214): Notify: Transaction "UC05_TR02_Go_Trending" started.	[MsgId: MMSG-16999]
Action.c(216): web_add_auto_header("Priority") started  	[MsgId: MMSG-26355]
Action.c(216): web_add_auto_header("Priority") was successful  	[MsgId: MMSG-26392]
Action.c(219): lr_think_time: 12,00 seconds.	[MsgId: MMSG-15948]
Action.c(221): web_url("slaReportProfile") started  	[MsgId: MMSG-26355]
Action.c(221): Downloading resource "https://dev-boomq.pflb.ru/static/media/arrow_down.6be88730f13ef3a159f4ef4438670da1.svg" (specified by argument number 10)  	[MsgId: MMSG-26577]
Action.c(221): Downloading resource "https://dev-boomq.pflb.ru/static/media/arrow.659530470e6be7b696f0d3d15a3179f5.svg" (specified by argument number 13)  	[MsgId: MMSG-26577]
Action.c(221): Error -26612: HTTP Status-Code=500 (Internal Server Error) for "https://dev-boomq.pflb.ru/test-srv/slaReportProfile"  	[MsgId: MERR-26612]
End auto log messages stack.	[MsgId: MMSG-10544]


Start auto log messages stack - Iteration 28.	[MsgId: MMSG-10545]
Action.c(211): Notify: Transaction "UC05_TR01_Login" ended with a "Pass" status (Duration: 0,4651 Wasted Time: 0,0002).	[MsgId: MMSG-16871]
Action.c(214): Notify: Transaction "UC05_TR02_Go_Trending" started.	[MsgId: MMSG-16999]
Action.c(216): web_add_auto_header("Priority") started  	[MsgId: MMSG-26355]
Action.c(216): web_add_auto_header("Priority") was successful  	[MsgId: MMSG-26392]
Action.c(219): lr_think_time: 13,00 seconds.	[MsgId: MMSG-15948]
Action.c(221): web_url("slaReportProfile") started  	[MsgId: MMSG-26355]
Action.c(221): Downloading resource "https://dev-boomq.pflb.ru/static/media/arrow_down.6be88730f13ef3a159f4ef4438670da1.svg" (specified by argument number 10)  	[MsgId: MMSG-26577]
Action.c(221): Downloading resource "https://dev-boomq.pflb.ru/static/media/arrow.659530470e6be7b696f0d3d15a3179f5.svg" (specified by argument number 13)  	[MsgId: MMSG-26577]
Action.c(221): Error -26612: HTTP Status-Code=500 (Internal Server Error) for "https://dev-boomq.pflb.ru/test-srv/slaReportProfile"  	[MsgId: MERR-26612]
End auto log messages stack.	[MsgId: MMSG-10544]


Start auto log messages stack - Iteration 29.	[MsgId: MMSG-10545]
Action.c(211): Notify: Transaction "UC05_TR01_Login" ended with a "Pass" status (Duration: 0,4774 Wasted Time: 0,0003).	[MsgId: MMSG-16871]
Action.c(214): Notify: Transaction "UC05_TR02_Go_Trending" started.	[MsgId: MMSG-16999]
Action.c(216): web_add_auto_header("Priority") started  	[MsgId: MMSG-26355]
Action.c(216): web_add_auto_header("Priority") was successful  	[MsgId: MMSG-26392]
Action.c(219): lr_think_time: 10,00 seconds.	[MsgId: MMSG-15948]
Action.c(221): web_url("slaReportProfile") started  	[MsgId: MMSG-26355]
Action.c(221): Downloading resource "https://dev-boomq.pflb.ru/static/media/arrow_down.6be88730f13ef3a159f4ef4438670da1.svg" (specified by argument number 10)  	[MsgId: MMSG-26577]
Action.c(221): Downloading resource "https://dev-boomq.pflb.ru/static/media/arrow.659530470e6be7b696f0d3d15a3179f5.svg" (specified by argument number 13)  	[MsgId: MMSG-26577]
Action.c(221): Error -26612: HTTP Status-Code=500 (Internal Server Error) for "https://dev-boomq.pflb.ru/test-srv/slaReportProfile"  	[MsgId: MERR-26612]
End auto log messages stack.	[MsgId: MMSG-10544]


