    2024-06-04T08:09:49.270Z [INFO]  agent: Synced check: check=service:timescale/timescale0
    2024-06-04T08:14:51.833Z [INFO]  agent: Synced check: check=service:timescale/timescale0
    2024-06-04T08:19:34.614Z [INFO]  agent: Synced check: check=service:timescale/timescale0
    2024-06-04T08:25:44.928Z [INFO]  agent: Synced check: check=service:timescale/timescale0
    2024-06-04T08:29:36.595Z [INFO]  agent: Synced check: check=service:timescale/timescale0
    2024-06-04T08:34:42.960Z [INFO]  agent: Synced check: check=service:timescale/timescale0
    2024-06-04T08:41:23.603Z [INFO]  agent: Synced check: check=service:timescale/timescale0
    2024-06-04T08:46:01.945Z [INFO]  agent: Synced check: check=service:timescale/timescale0
    2024-06-04T08:51:02.951Z [INFO]  agent: Synced check: check=service:timescale/timescale0
    2024-06-04T08:56:13.585Z [INFO]  agent: Synced check: check=service:timescale/timescale0
    2024-06-04T09:02:16.923Z [INFO]  agent: Synced check: check=service:timescale/timescale0
    2024-06-04T09:04:49.013Z [INFO]  agent: Synced check: check=service:timescale/timescale0
    2024-06-04T09:09:52.313Z [INFO]  agent: Synced check: check=service:timescale/timescale0
    2024-06-04T09:13:51.113Z [INFO]  agent: Synced check: check=service:timescale/timescale0
    2024-06-04T09:19:11.886Z [INFO]  agent: Synced check: check=service:timescale/timescale0
    2024-06-04T09:25:32.109Z [INFO]  agent: Synced check: check=service:timescale/timescale0
    2024-06-04T09:32:35.020Z [INFO]  agent: Synced check: check=service:timescale/timescale0
    2024-06-04T09:37:36.074Z [INFO]  agent: Synced check: check=service:timescale/timescale0
    2024-06-04T09:40:29.045Z [INFO]  agent: Synced check: check=service:timescale/timescale0
    2024-06-04T09:46:00.195Z [INFO]  agent: Synced check: check=service:timescale/timescale0
    2024-06-04T09:51:33.801Z [INFO]  agent: Synced check: check=service:timescale/timescale0
    2024-06-04T09:57:23.976Z [INFO]  agent: Synced check: check=service:timescale/timescale0
    2024-06-04T10:00:05.270Z [INFO]  agent: Synced check: check=service:timescale/timescale0
    2024-06-04T10:04:27.537Z [INFO]  agent: Synced check: check=service:timescale/timescale0
    2024-06-04T10:10:23.703Z [INFO]  agent: Synced check: check=service:timescale/timescale0
    2024-06-04T10:14:14.584Z [INFO]  agent: Synced check: check=service:timescale/timescale0
    2024-06-04T10:20:18.318Z [INFO]  agent: Synced check: check=service:timescale/timescale0
    2024-06-04T10:27:44.822Z [INFO]  agent: Synced check: check=service:timescale/timescale0
    2024-06-04T10:32:00.418Z [INFO]  agent: Synced check: check=service:timescale/timescale0
    2024-06-04T10:37:07.121Z [INFO]  agent: Synced check: check=service:timescale/timescale0
    2024-06-04T10:43:51.495Z [INFO]  agent: Synced check: check=service:timescale/timescale0
    2024-06-04T10:46:42.343Z [INFO]  agent: Synced check: check=service:timescale/timescale0
    2024-06-04T10:50:49.710Z [INFO]  agent: Synced check: check=service:timescale/timescale0
    2024-06-04T10:53:29.327Z [INFO]  agent: Synced check: check=service:timescale/timescale0
    2024-06-04T10:56:12.126Z [INFO]  agent: Synced check: check=service:timescale/timescale0
    2024-06-04T10:59:00.598Z [INFO]  agent: Synced check: check=service:timescale/timescale0
    2024-06-04T11:03:02.570Z [INFO]  agent: Synced check: check=service:timescale/timescale0
    2024-06-04T11:07:22.719Z [INFO]  agent: Synced check: check=service:timescale/timescale0
    2024-06-04T11:10:50.804Z [INFO]  agent: Synced check: check=service:timescale/timescale0
    2024-06-04T11:13:30.711Z [INFO]  agent: Synced check: check=service:timescale/timescale0
    2024-06-04T11:16:52.387Z [INFO]  agent: Synced check: check=service:timescale/timescale0
    2024-06-04T11:22:15.356Z [INFO]  agent: Synced check: check=service:timescale/timescale0
    2024-06-04T11:29:04.624Z [INFO]  agent: Synced check: check=service:timescale/timescale0
    2024-06-04T11:31:50.658Z [INFO]  agent: Synced check: check=service:timescale/timescale0
    2024-06-04T11:35:12.653Z [INFO]  agent: Synced check: check=service:timescale/timescale0
    2024-06-04T11:41:06.447Z [INFO]  agent: Synced check: check=service:timescale/timescale0
    2024-06-04T11:48:12.763Z [INFO]  agent: Synced check: check=service:timescale/timescale0
    2024-06-04T11:54:05.284Z [INFO]  agent: Synced check: check=service:timescale/timescale0
    2024-06-04T11:57:12.817Z [INFO]  agent: Synced check: check=service:timescale/timescale0
    2024-06-04T12:02:17.826Z [INFO]  agent.server.fsm: snapshot created: duration=77.851µs
    2024-06-04T12:02:17.826Z [INFO]  agent.server.raft: starting snapshot up to: index=1770248
    2024-06-04T12:02:17.826Z [INFO]  agent.server.snapshot: creating new snapshot: path=/consul/data/raft/snapshots/8-1770248-1717502537826.tmp
    2024-06-04T12:02:17.838Z [INFO]  agent.server.snapshot: reaping snapshot: path=/consul/data/raft/snapshots/8-1737469-1717378552609
    2024-06-04T12:02:17.839Z [INFO]  agent.server.raft: compacting logs: from=1743624 to=1760008
    2024-06-04T12:02:17.854Z [INFO]  agent.server.raft: snapshot complete up to: index=1770248
    2024-06-04T12:03:58.398Z [INFO]  agent: Synced check: check=service:timescale/timescale0
    2024-06-04T12:08:37.499Z [INFO]  agent: Synced check: check=service:timescale/timescale0
    2024-06-04T12:15:47.972Z [INFO]  agent: Synced check: check=service:timescale/timescale0
    2024-06-04T12:22:09.410Z [INFO]  agent: Synced check: check=service:timescale/timescale0
    2024-06-04T12:26:15.875Z [INFO]  agent: Synced check: check=service:timescale/timescale0
    2024-06-04T12:30:32.908Z [INFO]  agent: Synced check: check=service:timescale/timescale0
    2024-06-04T12:37:27.267Z [INFO]  agent: Synced check: check=service:timescale/timescale0
    2024-06-04T12:41:47.801Z [INFO]  agent: Synced check: check=service:timescale/timescale0
    2024-06-04T12:46:34.435Z [INFO]  agent: Synced check: check=service:timescale/timescale0
    2024-06-04T12:49:12.969Z [INFO]  agent: Synced check: check=service:timescale/timescale0
    2024-06-04T12:55:32.730Z [INFO]  agent: Synced check: check=service:timescale/timescale0
    2024-06-04T13:01:44.491Z [INFO]  agent: Synced check: check=service:timescale/timescale0
    2024-06-04T13:07:46.972Z [INFO]  agent: Synced check: check=service:timescale/timescale0
    2024-06-04T13:13:10.978Z [INFO]  agent: Synced check: check=service:timescale/timescale0
    2024-06-04T13:17:32.061Z [INFO]  agent: Synced check: check=service:timescale/timescale0
    2024-06-04T13:23:09.106Z [INFO]  agent: Synced check: check=service:timescale/timescale0
    2024-06-04T13:27:43.742Z [INFO]  agent: Synced check: check=service:timescale/timescale0
    2024-06-04T13:35:06.876Z [INFO]  agent: Synced check: check=service:timescale/timescale0
    2024-06-04T13:40:40.116Z [INFO]  agent: Synced check: check=service:timescale/timescale0
    2024-06-04T13:44:27.975Z [INFO]  agent: Synced check: check=service:timescale/timescale0
    2024-06-04T13:51:50.087Z [INFO]  agent: Synced check: check=service:timescale/timescale0
    2024-06-04T13:55:49.297Z [INFO]  agent: Synced check: check=service:timescale/timescale0
    2024-06-04T13:59:51.167Z [INFO]  agent: Synced check: check=service:timescale/timescale0
    2024-06-04T14:03:34.569Z [INFO]  agent: Synced check: check=service:timescale/timescale0
    2024-06-04T14:09:38.126Z [INFO]  agent: Synced check: check=service:timescale/timescale0
    2024-06-04T14:12:58.985Z [INFO]  agent: Synced check: check=service:timescale/timescale0
    2024-06-04T14:20:18.432Z [INFO]  agent: Synced check: check=service:timescale/timescale0
    2024-06-04T14:25:02.920Z [INFO]  agent: Synced check: check=service:timescale/timescale0
    2024-06-04T14:28:31.376Z [INFO]  agent: Synced check: check=service:timescale/timescale0
    2024-06-04T14:31:21.598Z [INFO]  agent: Synced check: check=service:timescale/timescale0
    2024-06-04T14:34:04.548Z [INFO]  agent: Synced check: check=service:timescale/timescale0
    2024-06-04T14:41:25.057Z [INFO]  agent: Synced check: check=service:timescale/timescale0
    2024-06-04T14:47:51.999Z [INFO]  agent: Synced check: check=service:timescale/timescale0
    2024-06-04T14:50:28.223Z [INFO]  agent: Synced check: check=service:timescale/timescale0
    2024-06-04T14:53:32.524Z [INFO]  agent: Synced check: check=service:timescale/timescale0
    2024-06-04T14:57:01.677Z [INFO]  agent: Synced check: check=service:timescale/timescale0
    2024-06-04T15:04:31.146Z [INFO]  agent: Synced check: check=service:timescale/timescale0
    2024-06-04T15:11:51.920Z [INFO]  agent: Synced check: check=service:timescale/timescale0
    2024-06-04T15:15:43.653Z [INFO]  agent: Synced check: check=service:timescale/timescale0
    2024-06-04T15:19:31.760Z [INFO]  agent: Synced check: check=service:timescale/timescale0
    2024-06-04T15:25:57.170Z [INFO]  agent: Synced check: check=service:timescale/timescale0
    2024-06-04T15:32:49.081Z [INFO]  agent: Synced check: check=service:timescale/timescale0
    2024-06-04T15:38:41.331Z [INFO]  agent: Synced check: check=service:timescale/timescale0
    2024-06-04T15:42:57.740Z [INFO]  agent: Synced check: check=service:timescale/timescale0
    2024-06-04T15:48:56.976Z [INFO]  agent: Synced check: check=service:timescale/timescale0
    2024-06-04T15:54:03.990Z [INFO]  agent: Synced check: check=service:timescale/timescale0
    2024-06-04T15:56:50.948Z [INFO]  agent: Synced check: check=service:timescale/timescale0
    2024-06-04T16:03:51.758Z [INFO]  agent: Synced check: check=service:timescale/timescale0
    2024-06-04T16:05:07.060Z [INFO]  agent: Newer Consul version available: new_version=1.18.2 current_version=1.8.5
    2024-06-04T16:11:00.277Z [INFO]  agent: Synced check: check=service:timescale/timescale0
    2024-06-04T16:14:42.191Z [INFO]  agent: Synced check: check=service:timescale/timescale0
    2024-06-04T16:18:32.159Z [INFO]  agent: Synced check: check=service:timescale/timescale0
    2024-06-04T16:25:37.601Z [INFO]  agent: Synced check: check=service:timescale/timescale0
    2024-06-04T16:29:58.598Z [INFO]  agent: Synced check: check=service:timescale/timescale0
    2024-06-04T16:34:28.552Z [INFO]  agent: Synced check: check=service:timescale/timescale0
    2024-06-04T16:41:12.768Z [INFO]  agent: Synced check: check=service:timescale/timescale0
    2024-06-04T16:46:23.233Z [INFO]  agent: Synced check: check=service:timescale/timescale0
    2024-06-04T16:50:40.500Z [INFO]  agent: Synced check: check=service:timescale/timescale0
    2024-06-04T16:56:44.733Z [INFO]  agent: Synced check: check=service:timescale/timescale0
    2024-06-04T17:02:19.658Z [INFO]  agent: Synced check: check=service:timescale/timescale0
    2024-06-04T17:09:27.057Z [INFO]  agent: Synced check: check=service:timescale/timescale0
    2024-06-04T17:12:35.961Z [INFO]  agent: Synced check: check=service:timescale/timescale0
    2024-06-04T17:18:07.343Z [INFO]  agent: Synced check: check=service:timescale/timescale0
    2024-06-04T17:24:49.727Z [INFO]  agent: Synced check: check=service:timescale/timescale0
    2024-06-04T17:31:19.628Z [INFO]  agent: Synced check: check=service:timescale/timescale0
    2024-06-04T17:38:24.132Z [INFO]  agent: Synced check: check=service:timescale/timescale0
    2024-06-04T17:45:16.958Z [INFO]  agent: Synced check: check=service:timescale/timescale0
    2024-06-04T17:51:31.894Z [INFO]  agent: Synced check: check=service:timescale/timescale0
    2024-06-04T17:56:25.067Z [INFO]  agent: Synced check: check=service:timescale/timescale0
    2024-06-04T18:01:40.852Z [INFO]  agent: Synced check: check=service:timescale/timescale0
    2024-06-04T18:05:24.831Z [INFO]  agent: Synced check: check=service:timescale/timescale0
    2024-06-04T18:12:13.791Z [INFO]  agent: Synced check: check=service:timescale/timescale0
    2024-06-04T18:17:54.561Z [INFO]  agent: Synced check: check=service:timescale/timescale0
    2024-06-04T18:25:10.558Z [INFO]  agent: Synced check: check=service:timescale/timescale0
    2024-06-04T18:32:36.432Z [INFO]  agent: Synced check: check=service:timescale/timescale0
    2024-06-04T18:38:48.576Z [INFO]  agent: Synced check: check=service:timescale/timescale0
    2024-06-04T18:44:23.481Z [INFO]  agent: Synced check: check=service:timescale/timescale0
    2024-06-04T18:47:39.748Z [INFO]  agent: Synced check: check=service:timescale/timescale0
    2024-06-04T18:53:06.139Z [INFO]  agent: Synced check: check=service:timescale/timescale0
    2024-06-04T18:56:53.128Z [INFO]  agent: Synced check: check=service:timescale/timescale0
    2024-06-04T18:59:47.279Z [INFO]  agent: Synced check: check=service:timescale/timescale0
    2024-06-04T19:05:35.298Z [INFO]  agent: Synced check: check=service:timescale/timescale0
    2024-06-04T19:10:08.016Z [INFO]  agent: Synced check: check=service:timescale/timescale0
    2024-06-04T19:16:19.892Z [INFO]  agent: Synced check: check=service:timescale/timescale0
    2024-06-04T19:19:18.280Z [INFO]  agent: Synced check: check=service:timescale/timescale0
    2024-06-04T19:22:43.782Z [INFO]  agent: Synced check: check=service:timescale/timescale0
    2024-06-04T19:28:48.029Z [INFO]  agent: Synced check: check=service:timescale/timescale0
    2024-06-04T19:34:11.921Z [INFO]  agent: Synced check: check=service:timescale/timescale0
    2024-06-04T19:37:13.966Z [INFO]  agent: Synced check: check=service:timescale/timescale0
    2024-06-04T19:43:40.705Z [INFO]  agent: Synced check: check=service:timescale/timescale0
    2024-06-04T19:51:04.360Z [INFO]  agent: Synced check: check=service:timescale/timescale0
    2024-06-04T19:56:21.897Z [INFO]  agent: Synced check: check=service:timescale/timescale0
    2024-06-04T19:59:36.141Z [INFO]  agent: Synced check: check=service:timescale/timescale0
    2024-06-04T20:03:06.193Z [INFO]  agent: Synced check: check=service:timescale/timescale0
    2024-06-04T20:07:04.367Z [INFO]  agent: Synced check: check=service:timescale/timescale0
    2024-06-04T20:12:30.644Z [INFO]  agent: Synced check: check=service:timescale/timescale0
    2024-06-04T20:18:45.819Z [INFO]  agent: Synced check: check=service:timescale/timescale0
    2024-06-04T20:23:07.107Z [INFO]  agent: Synced check: check=service:timescale/timescale0
    2024-06-04T20:30:20.319Z [INFO]  agent: Synced check: check=service:timescale/timescale0
    2024-06-04T20:34:15.568Z [INFO]  agent: Synced check: check=service:timescale/timescale0
    2024-06-04T20:37:38.589Z [INFO]  agent: Synced check: check=service:timescale/timescale0
    2024-06-04T20:43:11.685Z [INFO]  agent: Synced check: check=service:timescale/timescale0
    2024-06-04T20:45:55.991Z [INFO]  agent: Synced check: check=service:timescale/timescale0
    2024-06-04T20:51:56.680Z [INFO]  agent: Synced check: check=service:timescale/timescale0
    2024-06-04T20:55:08.270Z [INFO]  agent: Synced check: check=service:timescale/timescale0
    2024-06-04T21:00:46.901Z [INFO]  agent: Synced check: check=service:timescale/timescale0
    2024-06-04T21:06:13.328Z [INFO]  agent: Synced check: check=service:timescale/timescale0
    2024-06-04T21:13:24.534Z [INFO]  agent: Synced check: check=service:timescale/timescale0
    2024-06-04T21:17:53.685Z [INFO]  agent: Synced check: check=service:timescale/timescale0
    2024-06-04T21:22:33.732Z [INFO]  agent: Synced check: check=service:timescale/timescale0
    2024-06-04T21:27:41.375Z [INFO]  agent: Synced check: check=service:timescale/timescale0
    2024-06-04T21:31:21.884Z [INFO]  agent: Synced check: check=service:timescale/timescale0
    2024-06-04T21:35:14.835Z [INFO]  agent: Synced check: check=service:timescale/timescale0
    2024-06-04T21:41:55.543Z [INFO]  agent: Synced check: check=service:timescale/timescale0
    2024-06-04T21:44:34.819Z [INFO]  agent: Synced check: check=service:timescale/timescale0
    2024-06-04T21:50:22.184Z [INFO]  agent: Synced check: check=service:timescale/timescale0
    2024-06-04T21:57:01.015Z [INFO]  agent: Synced check: check=service:timescale/timescale0
    2024-06-04T22:00:28.574Z [INFO]  agent: Synced check: check=service:timescale/timescale0
    2024-06-04T22:07:11.713Z [INFO]  agent: Synced check: check=service:timescale/timescale0
    2024-06-04T22:12:53.955Z [INFO]  agent: Synced check: check=service:timescale/timescale0
    2024-06-04T22:17:54.600Z [INFO]  agent: Synced check: check=service:timescale/timescale0
    2024-06-04T22:24:32.760Z [INFO]  agent: Synced check: check=service:timescale/timescale0
    2024-06-04T22:30:19.184Z [INFO]  agent: Synced check: check=service:timescale/timescale0
    2024-06-04T22:33:57.969Z [INFO]  agent: Synced check: check=service:timescale/timescale0
    2024-06-04T22:37:41.841Z [INFO]  agent: Synced check: check=service:timescale/timescale0
    2024-06-04T22:43:49.381Z [INFO]  agent: Synced check: check=service:timescale/timescale0
    2024-06-04T22:47:28.968Z [INFO]  agent: Synced check: check=service:timescale/timescale0
    2024-06-04T22:53:16.650Z [INFO]  agent: Synced check: check=service:timescale/timescale0
    2024-06-04T22:58:54.195Z [INFO]  agent: Synced check: check=service:timescale/timescale0
    2024-06-04T23:06:12.116Z [INFO]  agent: Synced check: check=service:timescale/timescale0
    2024-06-04T23:11:55.199Z [INFO]  agent: Synced check: check=service:timescale/timescale0
    2024-06-04T23:18:39.845Z [INFO]  agent: Synced check: check=service:timescale/timescale0
    2024-06-04T23:25:49.437Z [INFO]  agent: Synced check: check=service:timescale/timescale0
    2024-06-04T23:30:45.955Z [INFO]  agent: Synced check: check=service:timescale/timescale0
    2024-06-04T23:37:09.961Z [INFO]  agent: Synced check: check=service:timescale/timescale0
    2024-06-04T23:41:55.635Z [INFO]  agent: Synced check: check=service:timescale/timescale0
    2024-06-04T23:46:41.443Z [INFO]  agent: Synced check: check=service:timescale/timescale0
    2024-06-04T23:50:05.090Z [INFO]  agent: Synced check: check=service:timescale/timescale0
    2024-06-04T23:56:35.148Z [INFO]  agent: Synced check: check=service:timescale/timescale0
    2024-06-05T00:00:42.055Z [INFO]  agent: Synced check: check=service:timescale/timescale0
    2024-06-05T00:04:20.215Z [INFO]  agent: Synced check: check=service:timescale/timescale0
    2024-06-05T00:10:47.330Z [INFO]  agent: Synced check: check=service:timescale/timescale0
    2024-06-05T00:17:33.499Z [INFO]  agent: Synced check: check=service:timescale/timescale0
    2024-06-05T00:24:38.939Z [INFO]  agent: Synced check: check=service:timescale/timescale0
    2024-06-05T00:27:44.437Z [INFO]  agent: Synced check: check=service:timescale/timescale0
    2024-06-05T00:32:43.843Z [INFO]  agent: Synced check: check=service:timescale/timescale0
    2024-06-05T00:38:31.060Z [INFO]  agent: Synced check: check=service:timescale/timescale0
    2024-06-05T00:45:42.442Z [INFO]  agent: Synced check: check=service:timescale/timescale0
    2024-06-05T00:50:42.940Z [INFO]  agent: Synced check: check=service:timescale/timescale0
    2024-06-05T00:54:14.115Z [INFO]  agent: Synced check: check=service:timescale/timescale0
    2024-06-05T00:59:59.496Z [INFO]  agent: Synced check: check=service:timescale/timescale0
    2024-06-05T01:02:51.554Z [INFO]  agent: Synced check: check=service:timescale/timescale0
    2024-06-05T01:09:12.181Z [INFO]  agent: Synced check: check=service:timescale/timescale0
    2024-06-05T01:16:05.815Z [INFO]  agent: Synced check: check=service:timescale/timescale0
    2024-06-05T01:19:31.097Z [INFO]  agent: Synced check: check=service:timescale/timescale0
    2024-06-05T01:26:24.008Z [INFO]  agent: Synced check: check=service:timescale/timescale0
    2024-06-05T01:32:24.332Z [INFO]  agent: Synced check: check=service:timescale/timescale0
    2024-06-05T01:37:37.473Z [INFO]  agent: Synced check: check=service:timescale/timescale0
    2024-06-05T01:40:20.564Z [INFO]  agent: Synced check: check=service:timescale/timescale0
    2024-06-05T01:44:58.792Z [INFO]  agent: Synced check: check=service:timescale/timescale0
    2024-06-05T01:50:47.106Z [INFO]  agent: Synced check: check=service:timescale/timescale0
    2024-06-05T01:56:37.239Z [INFO]  agent: Synced check: check=service:timescale/timescale0
    2024-06-05T02:01:17.103Z [INFO]  agent: Synced check: check=service:timescale/timescale0
    2024-06-05T02:07:56.781Z [INFO]  agent: Synced check: check=service:timescale/timescale0
    2024-06-05T02:11:51.230Z [INFO]  agent: Synced check: check=service:timescale/timescale0
    2024-06-05T02:14:45.457Z [INFO]  agent: Synced check: check=service:timescale/timescale0
    2024-06-05T02:18:51.795Z [INFO]  agent: Synced check: check=service:timescale/timescale0
    2024-06-05T02:25:05.961Z [INFO]  agent: Synced check: check=service:timescale/timescale0
    2024-06-05T02:32:05.907Z [INFO]  agent: Synced check: check=service:timescale/timescale0
    2024-06-05T02:35:20.779Z [INFO]  agent: Synced check: check=service:timescale/timescale0
    2024-06-05T02:40:31.085Z [INFO]  agent: Synced check: check=service:timescale/timescale0
    2024-06-05T02:46:49.457Z [INFO]  agent: Synced check: check=service:timescale/timescale0
    2024-06-05T02:49:51.240Z [INFO]  agent: Synced check: check=service:timescale/timescale0
    2024-06-05T02:53:14.404Z [INFO]  agent: Synced check: check=service:timescale/timescale0
    2024-06-05T03:00:08.844Z [INFO]  agent: Synced check: check=service:timescale/timescale0
    2024-06-05T03:03:43.849Z [INFO]  agent: Synced check: check=service:timescale/timescale0
    2024-06-05T03:08:14.752Z [INFO]  agent: Synced check: check=service:timescale/timescale0
    2024-06-05T03:12:07.565Z [INFO]  agent: Synced check: check=service:timescale/timescale0
    2024-06-05T03:17:29.510Z [INFO]  agent: Synced check: check=service:timescale/timescale0
    2024-06-05T03:24:47.459Z [INFO]  agent: Synced check: check=service:timescale/timescale0
    2024-06-05T03:32:15.400Z [INFO]  agent: Synced check: check=service:timescale/timescale0
    2024-06-05T03:39:04.559Z [INFO]  agent: Synced check: check=service:timescale/timescale0
    2024-06-05T03:42:19.301Z [INFO]  agent: Synced check: check=service:timescale/timescale0
    2024-06-05T03:49:44.571Z [INFO]  agent: Synced check: check=service:timescale/timescale0
    2024-06-05T03:53:19.614Z [INFO]  agent: Synced check: check=service:timescale/timescale0
    2024-06-05T03:57:07.336Z [INFO]  agent: Synced check: check=service:timescale/timescale0
    2024-06-05T04:00:33.234Z [INFO]  agent: Synced check: check=service:timescale/timescale0
    2024-06-05T04:05:49.642Z [INFO]  agent: Synced check: check=service:timescale/timescale0
    2024-06-05T04:12:46.515Z [INFO]  agent: Synced check: check=service:timescale/timescale0
    2024-06-05T04:18:08.848Z [INFO]  agent: Synced check: check=service:timescale/timescale0
    2024-06-05T04:25:24.037Z [INFO]  agent: Synced check: check=service:timescale/timescale0
    2024-06-05T04:29:59.545Z [INFO]  agent: Synced check: check=service:timescale/timescale0
    2024-06-05T04:35:31.744Z [INFO]  agent: Synced check: check=service:timescale/timescale0
    2024-06-05T04:39:34.715Z [INFO]  agent: Synced check: check=service:timescale/timescale0
    2024-06-05T04:46:45.994Z [INFO]  agent: Synced check: check=service:timescale/timescale0
    2024-06-05T04:54:07.605Z [INFO]  agent: Synced check: check=service:timescale/timescale0
    2024-06-05T04:59:49.451Z [INFO]  agent: Synced check: check=service:timescale/timescale0
    2024-06-05T05:05:45.242Z [INFO]  agent: Synced check: check=service:timescale/timescale0
    2024-06-05T05:12:18.514Z [INFO]  agent: Synced check: check=service:timescale/timescale0
    2024-06-05T05:16:10.912Z [INFO]  agent.server.fsm: snapshot created: duration=159.067µs
    2024-06-05T05:16:10.912Z [INFO]  agent.server.raft: starting snapshot up to: index=1786640
    2024-06-05T05:16:10.912Z [INFO]  agent.server.snapshot: creating new snapshot: path=/consul/data/raft/snapshots/8-1786640-1717564570912.tmp
    2024-06-05T05:16:10.927Z [INFO]  agent.server.snapshot: reaping snapshot: path=/consul/data/raft/snapshots/8-1753863-1717440580162
    2024-06-05T05:16:10.928Z [INFO]  agent.server.raft: compacting logs: from=1760009 to=1776400
    2024-06-05T05:16:10.952Z [INFO]  agent.server.raft: snapshot complete up to: index=1786640
    2024-06-05T05:18:46.487Z [INFO]  agent: Synced check: check=service:timescale/timescale0
    2024-06-05T05:23:57.406Z [INFO]  agent: Synced check: check=service:timescale/timescale0
    2024-06-05T05:27:23.957Z [INFO]  agent: Synced check: check=service:timescale/timescale0
    2024-06-05T05:30:36.692Z [INFO]  agent: Synced check: check=service:timescale/timescale0
    2024-06-05T05:35:31.200Z [INFO]  agent: Synced check: check=service:timescale/timescale0
    2024-06-05T05:38:56.317Z [INFO]  agent: Synced check: check=service:timescale/timescale0
    2024-06-05T05:46:06.376Z [INFO]  agent: Synced check: check=service:timescale/timescale0
    2024-06-05T05:50:58.796Z [INFO]  agent: Synced check: check=service:timescale/timescale0
    2024-06-05T05:56:16.132Z [INFO]  agent: Synced check: check=service:timescale/timescale0
    2024-06-05T06:02:28.674Z [INFO]  agent: Synced check: check=service:timescale/timescale0
    2024-06-05T06:07:32.580Z [INFO]  agent: Synced check: check=service:timescale/timescale0
    2024-06-05T06:13:16.085Z [INFO]  agent: Synced check: check=service:timescale/timescale0
    2024-06-05T06:19:49.164Z [INFO]  agent: Synced check: check=service:timescale/timescale0
    2024-06-05T06:25:51.721Z [INFO]  agent: Synced check: check=service:timescale/timescale0
    2024-06-05T06:29:22.178Z [INFO]  agent: Synced check: check=service:timescale/timescale0
    2024-06-05T06:33:02.945Z [INFO]  agent: Synced check: check=service:timescale/timescale0
    2024-06-05T06:38:07.771Z [INFO]  agent: Synced check: check=service:timescale/timescale0
    2024-06-05T06:41:20.459Z [INFO]  agent: Synced check: check=service:timescale/timescale0
    2024-06-05T06:44:14.871Z [INFO]  agent: Synced check: check=service:timescale/timescale0
    2024-06-05T06:46:54.047Z [INFO]  agent: Synced check: check=service:timescale/timescale0
    2024-06-05T06:52:35.642Z [INFO]  agent: Synced check: check=service:timescale/timescale0
    2024-06-05T06:59:16.391Z [INFO]  agent: Synced check: check=service:timescale/timescale0
    2024-06-05T07:06:33.987Z [INFO]  agent: Synced check: check=service:timescale/timescale0
    2024-06-05T07:09:14.917Z [INFO]  agent: Synced check: check=service:timescale/timescale0
    2024-06-05T07:15:02.455Z [INFO]  agent: Synced check: check=service:timescale/timescale0
    2024-06-05T07:20:57.616Z [INFO]  agent: Synced check: check=service:timescale/timescale0
    2024-06-05T07:27:23.454Z [INFO]  agent: Synced check: check=service:timescale/timescale0
    2024-06-05T07:33:19.044Z [INFO]  agent: Synced check: check=service:timescale/timescale0
    2024-06-05T07:36:31.443Z [INFO]  agent: Synced check: check=service:timescale/timescale0
    2024-06-05T07:42:14.876Z [INFO]  agent: Synced check: check=service:timescale/timescale0
    2024-06-05T07:45:01.435Z [INFO]  agent: Synced check: check=service:timescale/timescale0
    2024-06-05T07:48:57.026Z [INFO]  agent: Synced check: check=service:timescale/timescale0
    2024-06-05T07:54:56.258Z [INFO]  agent: Synced check: check=service:timescale/timescale0
    2024-06-05T08:00:29.838Z [INFO]  agent: Synced check: check=service:timescale/timescale0
    2024-06-05T08:05:57.959Z [INFO]  agent: Synced check: check=service:timescale/timescale0
    2024-06-05T08:09:35.025Z [INFO]  agent: Synced check: check=service:timescale/timescale0
    2024-06-05T08:16:56.914Z [INFO]  agent: Synced check: check=service:timescale/timescale0
    2024-06-05T08:20:04.188Z [INFO]  agent: Synced check: check=service:timescale/timescale0
    2024-06-05T08:23:57.713Z [INFO]  agent: Synced check: check=service:timescale/timescale0
    2024-06-05T08:28:58.676Z [INFO]  agent: Synced check: check=service:timescale/timescale0
    2024-06-05T08:35:24.291Z [INFO]  agent: Synced check: check=service:timescale/timescale0
    2024-06-05T08:41:55.421Z [INFO]  agent: Synced check: check=service:timescale/timescale0
    2024-06-05T08:46:51.807Z [INFO]  agent: Synced check: check=service:timescale/timescale0
    2024-06-05T08:53:23.017Z [INFO]  agent: Synced check: check=service:timescale/timescale0
    2024-06-05T08:58:26.034Z [INFO]  agent: Synced check: check=service:timescale/timescale0
    2024-06-05T09:04:00.141Z [INFO]  agent: Synced check: check=service:timescale/timescale0
    2024-06-05T09:08:52.948Z [INFO]  agent: Synced check: check=service:timescale/timescale0
    2024-06-05T09:15:05.162Z [INFO]  agent: Synced check: check=service:timescale/timescale0
    2024-06-05T09:17:46.881Z [INFO]  agent: Synced check: check=service:timescale/timescale0
    2024-06-05T09:24:19.605Z [INFO]  agent: Synced check: check=service:timescale/timescale0
    2024-06-05T09:29:28.365Z [INFO]  agent: Synced check: check=service:timescale/timescale0
    2024-06-05T09:36:52.362Z [INFO]  agent: Synced check: check=service:timescale/timescale0
    2024-06-05T09:42:43.467Z [INFO]  agent: Synced check: check=service:timescale/timescale0
    2024-06-05T09:48:34.386Z [INFO]  agent: Synced check: check=service:timescale/timescale0
    2024-06-05T09:53:56.854Z [INFO]  agent: Synced check: check=service:timescale/timescale0
    2024-06-05T09:56:39.149Z [INFO]  agent: Synced check: check=service:timescale/timescale0
    2024-06-05T10:00:40.183Z [INFO]  agent: Synced check: check=service:timescale/timescale0
    2024-06-05T10:05:16.703Z [INFO]  agent: Synced check: check=service:timescale/timescale0
    2024-06-05T10:09:39.095Z [INFO]  agent: Synced check: check=service:timescale/timescale0
    2024-06-05T10:13:44.790Z [INFO]  agent: Synced check: check=service:timescale/timescale0
    2024-06-05T10:20:45.028Z [INFO]  agent: Synced check: check=service:timescale/timescale0
    2024-06-05T10:25:33.221Z [INFO]  agent: Synced check: check=service:timescale/timescale0
    2024-06-05T10:30:23.440Z [INFO]  agent: Synced check: check=service:timescale/timescale0
    2024-06-05T10:36:17.970Z [INFO]  agent: Synced check: check=service:timescale/timescale0
    2024-06-05T10:40:46.976Z [INFO]  agent: Synced check: check=service:timescale/timescale0
    2024-06-05T10:45:55.402Z [INFO]  agent: Synced check: check=service:timescale/timescale0
    2024-06-05T10:48:37.872Z [INFO]  agent: Synced check: check=service:timescale/timescale0
    2024-06-05T10:54:03.514Z [INFO]  agent: Synced check: check=service:timescale/timescale0
    2024-06-05T10:59:57.095Z [INFO]  agent: Synced check: check=service:timescale/timescale0
    2024-06-05T11:02:31.146Z [INFO]  agent: Synced check: check=service:timescale/timescale0
    2024-06-05T11:09:18.514Z [INFO]  agent: Synced check: check=service:timescale/timescale0
    2024-06-05T11:12:59.231Z [INFO]  agent: Synced check: check=service:timescale/timescale0
    2024-06-05T11:18:50.212Z [INFO]  agent: Synced check: check=service:timescale/timescale0
    2024-06-05T11:22:05.169Z [INFO]  agent: Synced check: check=service:timescale/timescale0
    2024-06-05T11:26:29.685Z [INFO]  agent: Synced check: check=service:timescale/timescale0
    2024-06-05T11:30:59.796Z [INFO]  agent: Synced check: check=service:timescale/timescale0
    2024-06-05T11:36:57.105Z [INFO]  agent: Synced check: check=service:timescale/timescale0
    2024-06-05T11:41:11.674Z [INFO]  agent: Synced check: check=service:timescale/timescale0
    2024-06-05T11:44:32.334Z [INFO]  agent: Synced check: check=service:timescale/timescale0
    2024-06-05T11:48:09.107Z [INFO]  agent: Synced check: check=service:timescale/timescale0
    2024-06-05T11:51:04.034Z [INFO]  agent: Synced check: check=service:timescale/timescale0
    2024-06-05T11:53:47.939Z [INFO]  agent: Synced check: check=service:timescale/timescale0
    2024-06-05T11:56:35.419Z [INFO]  agent: Synced check: check=service:timescale/timescale0
    2024-06-05T11:58:09.217Z [INFO]  agent: Newer Consul version available: new_version=1.18.2 current_version=1.8.5
    2024-06-05T12:04:06.884Z [INFO]  agent: Synced check: check=service:timescale/timescale0
    2024-06-05T12:07:28.025Z [INFO]  agent: Synced check: check=service:timescale/timescale0
    2024-06-05T12:11:05.697Z [INFO]  agent: Synced check: check=service:timescale/timescale0
    2024-06-05T12:17:09.873Z [INFO]  agent: Synced check: check=service:timescale/timescale0
    2024-06-05T12:20:31.733Z [INFO]  agent: Synced check: check=service:timescale/timescale0
    2024-06-05T12:25:00.671Z [INFO]  agent: Synced check: check=service:timescale/timescale0
    2024-06-05T12:28:34.284Z [INFO]  agent: Synced check: check=service:timescale/timescale0
    2024-06-05T12:34:52.928Z [INFO]  agent: Synced check: check=service:timescale/timescale0
    2024-06-05T12:39:34.962Z [INFO]  agent: Synced check: check=service:timescale/timescale0
    2024-06-05T12:46:30.377Z [INFO]  agent: Synced check: check=service:timescale/timescale0
    2024-06-05T12:51:06.147Z [INFO]  agent: Synced check: check=service:timescale/timescale0
    2024-06-05T12:58:07.484Z [INFO]  agent: Synced check: check=service:timescale/timescale0
    2024-06-05T13:05:13.118Z [INFO]  agent: Synced check: check=service:timescale/timescale0
    2024-06-05T13:09:05.015Z [INFO]  agent: Synced check: check=service:timescale/timescale0
    2024-06-05T13:16:18.061Z [INFO]  agent: Synced check: check=service:timescale/timescale0
    2024-06-05T13:21:38.299Z [INFO]  agent: Synced check: check=service:timescale/timescale0
    2024-06-05T13:25:46.892Z [INFO]  agent: Synced check: check=service:timescale/timescale0
    2024-06-05T13:29:17.581Z [INFO]  agent: Synced check: check=service:timescale/timescale0
    2024-06-05T13:32:40.773Z [INFO]  agent: Synced check: check=service:timescale/timescale0
    2024-06-05T13:39:31.959Z [INFO]  agent: Synced check: check=service:timescale/timescale0
    2024-06-05T13:43:30.460Z [INFO]  agent: Synced check: check=service:timescale/timescale0
    2024-06-05T13:48:04.719Z [INFO]  agent: Synced check: check=service:timescale/timescale0
    2024-06-05T13:51:22.805Z [INFO]  agent: Synced check: check=service:timescale/timescale0
    2024-06-05T13:54:26.695Z [INFO]  agent: Synced check: check=service:timescale/timescale0
    2024-06-05T14:00:28.173Z [INFO]  agent: Synced check: check=service:timescale/timescale0
    2024-06-05T14:04:53.966Z [INFO]  agent: Synced check: check=service:timescale/timescale0
    2024-06-05T14:08:20.399Z [INFO]  agent: Synced check: check=service:timescale/timescale0
    2024-06-05T14:14:29.824Z [INFO]  agent: Synced check: check=service:timescale/timescale0
    2024-06-05T14:18:12.444Z [INFO]  agent: Synced check: check=service:timescale/timescale0
    2024-06-05T14:24:16.796Z [INFO]  agent: Synced check: check=service:timescale/timescale0
    2024-06-05T14:28:51.022Z [INFO]  agent: Synced check: check=service:timescale/timescale0
    2024-06-05T14:36:21.818Z [INFO]  agent: Synced check: check=service:timescale/timescale0
    2024-06-05T14:41:15.226Z [INFO]  agent: Synced check: check=service:timescale/timescale0
    2024-06-05T14:44:52.784Z [INFO]  agent: Synced check: check=service:timescale/timescale0
    2024-06-05T14:51:05.786Z [INFO]  agent: Synced check: check=service:timescale/timescale0
    2024-06-05T14:56:57.532Z [INFO]  agent: Synced check: check=service:timescale/timescale0
    2024-06-05T15:00:25.365Z [INFO]  agent: Synced check: check=service:timescale/timescale0
    2024-06-05T15:03:57.740Z [INFO]  agent: Synced check: check=service:timescale/timescale0
    2024-06-05T15:10:33.007Z [INFO]  agent: Synced check: check=service:timescale/timescale0
    2024-06-05T15:15:00.761Z [INFO]  agent: Synced check: check=service:timescale/timescale0
    2024-06-05T15:18:05.248Z [INFO]  agent: Synced check: check=service:timescale/timescale0
    2024-06-05T15:22:14.500Z [INFO]  agent: Synced check: check=service:timescale/timescale0
    2024-06-05T15:29:22.743Z [INFO]  agent: Synced check: check=service:timescale/timescale0
    2024-06-05T15:35:19.987Z [INFO]  agent: Synced check: check=service:timescale/timescale0
    2024-06-05T15:39:03.705Z [INFO]  agent: Synced check: check=service:timescale/timescale0
    2024-06-05T15:42:22.857Z [INFO]  agent: Synced check: check=service:timescale/timescale0
    2024-06-05T15:45:38.297Z [INFO]  agent: Synced check: check=service:timescale/timescale0
    2024-06-05T15:49:00.588Z [INFO]  agent: Synced check: check=service:timescale/timescale0
    2024-06-05T15:53:58.932Z [INFO]  agent: Synced check: check=service:timescale/timescale0
    2024-06-05T16:00:30.380Z [INFO]  agent: Synced check: check=service:timescale/timescale0
    2024-06-05T16:04:24.305Z [INFO]  agent: Synced check: check=service:timescale/timescale0
    2024-06-05T16:07:54.410Z [INFO]  agent: Synced check: check=service:timescale/timescale0
    2024-06-05T16:12:41.591Z [INFO]  agent: Synced check: check=service:timescale/timescale0
    2024-06-05T16:18:25.622Z [INFO]  agent: Synced check: check=service:timescale/timescale0
    2024-06-05T16:23:23.560Z [INFO]  agent: Synced check: check=service:timescale/timescale0
    2024-06-05T16:30:00.586Z [INFO]  agent: Synced check: check=service:timescale/timescale0
    2024-06-05T16:33:24.947Z [INFO]  agent: Synced check: check=service:timescale/timescale0
    2024-06-05T16:37:14.229Z [INFO]  agent: Synced check: check=service:timescale/timescale0
    2024-06-05T16:40:29.015Z [INFO]  agent: Synced check: check=service:timescale/timescale0
    2024-06-05T16:45:29.282Z [INFO]  agent: Synced check: check=service:timescale/timescale0
    2024-06-05T16:49:34.866Z [INFO]  agent: Synced check: check=service:timescale/timescale0
    2024-06-05T16:56:55.802Z [INFO]  agent: Synced check: check=service:timescale/timescale0
    2024-06-05T17:01:11.640Z [INFO]  agent: Synced check: check=service:timescale/timescale0
    2024-06-05T17:08:39.764Z [INFO]  agent: Synced check: check=service:timescale/timescale0
    2024-06-05T17:14:16.659Z [INFO]  agent: Synced check: check=service:timescale/timescale0
    2024-06-05T17:19:52.026Z [INFO]  agent: Synced check: check=service:timescale/timescale0
    2024-06-05T17:23:41.280Z [INFO]  agent: Synced check: check=service:timescale/timescale0
    2024-06-05T17:31:10.423Z [INFO]  agent: Synced check: check=service:timescale/timescale0
    2024-06-05T17:37:27.603Z [INFO]  agent: Synced check: check=service:timescale/timescale0
    2024-06-05T17:43:25.473Z [INFO]  agent: Synced check: check=service:timescale/timescale0
    2024-06-05T17:48:27.912Z [INFO]  agent: Synced check: check=service:timescale/timescale0
    2024-06-05T17:52:46.540Z [INFO]  agent: Synced check: check=service:timescale/timescale0
    2024-06-05T17:59:58.549Z [INFO]  agent: Synced check: check=service:timescale/timescale0
    2024-06-05T18:03:35.004Z [INFO]  agent: Synced check: check=service:timescale/timescale0
    2024-06-05T18:06:55.013Z [INFO]  agent: Synced check: check=service:timescale/timescale0
    2024-06-05T18:13:19.579Z [INFO]  agent: Synced check: check=service:timescale/timescale0
    2024-06-05T18:17:20.463Z [INFO]  agent: Synced check: check=service:timescale/timescale0
    2024-06-05T18:22:35.503Z [INFO]  agent: Synced check: check=service:timescale/timescale0
    2024-06-05T18:28:46.035Z [INFO]  agent: Synced check: check=service:timescale/timescale0
    2024-06-05T18:32:45.644Z [INFO]  agent: Synced check: check=service:timescale/timescale0
    2024-06-05T18:39:08.174Z [INFO]  agent: Synced check: check=service:timescale/timescale0
    2024-06-05T18:43:57.424Z [INFO]  agent: Synced check: check=service:timescale/timescale0
    2024-06-05T18:47:05.484Z [INFO]  agent: Synced check: check=service:timescale/timescale0
==> Starting Consul agent...
           Version: '1.8.5'
           Node ID: '433e14b9-88e8-e2e2-6ce0-d94375d633ae'
         Node name: 'consul'
        Datacenter: 'dc1' (Segment: '<all>')
            Server: true (Bootstrap: true)
       Client Addr: [0.0.0.0] (HTTP: 8500, HTTPS: -1, gRPC: -1, DNS: 8600)
      Cluster Addr: 172.18.0.3 (LAN: 8301, WAN: 8302)
           Encrypt: Gossip: false, TLS-Outgoing: false, TLS-Incoming: false, Auto-Encrypt-TLS: false

==> Log data will now stream in as it occurs:

    2024-06-24T09:11:30.570Z [WARN]  agent: BootstrapExpect is set to 1; this is the same as Bootstrap mode.
    2024-06-24T09:11:30.570Z [WARN]  agent: bootstrap = true: do not enable unless necessary
    2024-06-24T09:11:30.611Z [WARN]  agent.auto_config: BootstrapExpect is set to 1; this is the same as Bootstrap mode.
    2024-06-24T09:11:30.611Z [WARN]  agent.auto_config: bootstrap = true: do not enable unless necessary
    2024-06-24T09:11:30.917Z [INFO]  agent.server.raft: restored from snapshot: id=8-1786640-1717564570912
    2024-06-24T09:11:34.074Z [INFO]  agent.server.raft: initial configuration: index=1 servers="[{Suffrage:Voter ID:433e14b9-88e8-e2e2-6ce0-d94375d633ae Address:172.18.0.7:8300}]"
    2024-06-24T09:11:34.074Z [INFO]  agent.server.raft: entering follower state: follower="Node at 172.18.0.3:8300 [Follower]" leader=
    2024-06-24T09:11:34.121Z [INFO]  agent.server.serf.wan: serf: EventMemberJoin: consul.dc1 172.18.0.3
    2024-06-24T09:11:34.121Z [WARN]  agent.server.serf.wan: serf: Failed to re-join any previously known node
    2024-06-24T09:11:34.121Z [INFO]  agent.server.serf.lan: serf: EventMemberJoin: consul 172.18.0.3
    2024-06-24T09:11:34.121Z [INFO]  agent.router: Initializing LAN area manager
    2024-06-24T09:11:34.122Z [INFO]  agent.server: Handled event for server in area: event=member-join server=consul.dc1 area=wan
    2024-06-24T09:11:34.122Z [WARN]  agent.server.serf.lan: serf: Failed to re-join any previously known node
    2024-06-24T09:11:34.122Z [INFO]  agent.server: Adding LAN server: server="consul (Addr: tcp/172.18.0.3:8300) (DC: dc1)"
    2024-06-24T09:11:34.581Z [INFO]  agent: Started DNS server: address=0.0.0.0:8600 network=tcp
    2024-06-24T09:11:34.581Z [INFO]  agent: Started DNS server: address=0.0.0.0:8600 network=udp
    2024-06-24T09:11:34.582Z [INFO]  agent: Started HTTP server: address=[::]:8500 network=tcp
    2024-06-24T09:11:34.582Z [INFO]  agent: started state syncer
==> Consul agent running!
    2024-06-24T09:11:35.122Z [WARN]  agent: Check is now critical: check=service:import-service-7040
    2024-06-24T09:11:35.651Z [WARN]  agent: Check is now critical: check=service:ent-test-service-7010
    2024-06-24T09:11:36.717Z [WARN]  agent: Check is now critical: check=service:import-service-7040-management
    2024-06-24T09:11:36.787Z [WARN]  agent: Check is now critical: check=service:report-service-7090
    2024-06-24T09:11:37.199Z [WARN]  agent: Check is now critical: check=service:project-service-7050
    2024-06-24T09:11:37.840Z [WARN]  agent: Check is now critical: check=service:test-runner-7030-management
    2024-06-24T09:11:37.871Z [WARN]  agent: Check is now critical: check=service:testplangenerator-service-7020-management
    2024-06-24T09:11:39.229Z [WARN]  agent: Check is now critical: check=service:timescale/timescale0
    2024-06-24T09:11:39.505Z [WARN]  agent: Check is now critical: check=service:testplangenerator-service-7020
    2024-06-24T09:11:40.063Z [WARN]  agent: Check is now critical: check=service:test-runner-7030
    2024-06-24T09:11:40.366Z [WARN]  agent: Check is now critical: check=service:grafana-service-7060-management
    2024-06-24T09:11:40.692Z [WARN]  agent: Check is now critical: check=service:grafana-service-7060
    2024-06-24T09:11:41.390Z [WARN]  agent.server.raft: heartbeat timeout reached, starting election: last-leader=
    2024-06-24T09:11:41.390Z [INFO]  agent.server.raft: entering candidate state: node="Node at 172.18.0.3:8300 [Candidate]" term=9
    2024-06-24T09:11:41.396Z [WARN]  agent: Check is now critical: check=service:timescale-service-7070
    2024-06-24T09:11:41.551Z [INFO]  agent.server.raft: election won: tally=1
    2024-06-24T09:11:41.551Z [INFO]  agent.server.raft: entering leader state: leader="Node at 172.18.0.3:8300 [Leader]"
    2024-06-24T09:11:41.553Z [INFO]  agent.server: cluster leadership acquired
    2024-06-24T09:11:41.553Z [INFO]  agent.server: New leader elected: payload=consul
    2024-06-24T09:11:41.999Z [WARN]  agent: Check is now critical: check=service:timescale-service-7070-management
    2024-06-24T09:11:42.289Z [WARN]  agent: Check is now critical: check=service:report-service-7090-management
    2024-06-24T09:11:42.499Z [INFO]  agent.leader: started routine: routine="federation state anti-entropy"
    2024-06-24T09:11:42.499Z [INFO]  agent.leader: started routine: routine="federation state pruning"
    2024-06-24T09:11:42.499Z [INFO]  agent.leader: started routine: routine="intermediate cert renew watch"
    2024-06-24T09:11:42.499Z [INFO]  agent.leader: started routine: routine="CA root pruning"
    2024-06-24T09:11:42.499Z [INFO]  agent: Synced node info
    2024-06-24T09:11:42.504Z [WARN]  agent: Check is now critical: check=service:authorization-service-7000
    2024-06-24T09:11:42.517Z [WARN]  agent: Check is now critical: check=service:project-service-7050-management
    2024-06-24T09:11:42.518Z [INFO]  agent: Synced check: check=service:report-service-7090-management
    2024-06-24T09:11:42.531Z [INFO]  agent: Synced check: check=service:testplangenerator-service-7020
    2024-06-24T09:11:42.553Z [INFO]  agent: Synced check: check=service:grafana-service-7060-management
    2024-06-24T09:11:42.579Z [INFO]  agent: Synced check: check=service:timescale-service-7070-management
    2024-06-24T09:11:42.611Z [INFO]  agent: Synced check: check=service:ent-test-service-7010-management
    2024-06-24T09:11:42.704Z [INFO]  agent: Synced check: check=service:authorization-service-7000-management
    2024-06-24T09:11:42.737Z [INFO]  agent: Synced check: check=service:testplangenerator-service-7020-management
    2024-06-24T09:11:42.776Z [INFO]  agent: Synced check: check=service:project-service-7050-management
    2024-06-24T09:11:42.820Z [INFO]  agent: Synced check: check=service:timescale/timescale0
    2024-06-24T09:11:42.880Z [INFO]  agent: Synced check: check=service:test-runner-7030-management
    2024-06-24T09:11:42.924Z [INFO]  agent: Synced check: check=service:authorization-service-7000
    2024-06-24T09:11:42.940Z [INFO]  agent: Synced check: check=service:report-service-7090
    2024-06-24T09:11:42.947Z [INFO]  agent: Synced check: check=service:grafana-service-7060
    2024-06-24T09:11:42.954Z [INFO]  agent: Synced check: check=service:import-service-7040-management
    2024-06-24T09:11:42.972Z [INFO]  agent: Synced check: check=service:test-runner-7030
    2024-06-24T09:11:42.991Z [INFO]  agent: Synced check: check=service:timescale-service-7070
    2024-06-24T09:11:42.998Z [INFO]  agent: Synced check: check=service:import-service-7040
    2024-06-24T09:11:43.042Z [INFO]  agent: Synced check: check=service:project-service-7050
    2024-06-24T09:11:43.047Z [INFO]  agent: Synced check: check=service:ent-test-service-7010
    2024-06-24T09:11:43.048Z [WARN]  agent: Failed to deregister service: service=timescale/timescale1 error="Service {"timescale/timescale1" {}} does not exist"
    2024-06-24T09:11:43.050Z [INFO]  agent: Deregistered service: service=timescale/timescale0
    2024-06-24T09:11:43.727Z [WARN]  agent: Check is now critical: check=service:authorization-service-7000-management
    2024-06-24T09:11:44.035Z [WARN]  agent: Check is now critical: check=service:ent-test-service-7010-management
    2024-06-24T09:11:45.130Z [WARN]  agent: Check is now critical: check=service:import-service-7040
    2024-06-24T09:11:45.652Z [WARN]  agent: Check is now critical: check=service:ent-test-service-7010
    2024-06-24T09:11:46.721Z [WARN]  agent: Check is now critical: check=service:import-service-7040-management
    2024-06-24T09:11:46.788Z [WARN]  agent: Check is now critical: check=service:report-service-7090
    2024-06-24T09:11:47.200Z [WARN]  agent: Check is now critical: check=service:project-service-7050
    2024-06-24T09:11:47.844Z [WARN]  agent: Check is now critical: check=service:test-runner-7030-management
    2024-06-24T09:11:47.877Z [WARN]  agent: Check is now critical: check=service:testplangenerator-service-7020-management
    2024-06-24T09:11:49.510Z [WARN]  agent: Check is now critical: check=service:testplangenerator-service-7020
    2024-06-24T09:11:50.067Z [WARN]  agent: Check is now critical: check=service:test-runner-7030
    2024-06-24T09:11:50.368Z [WARN]  agent: Check is now critical: check=service:grafana-service-7060-management
    2024-06-24T09:11:50.695Z [WARN]  agent: Check is now critical: check=service:grafana-service-7060
    2024-06-24T09:11:51.399Z [WARN]  agent: Check is now critical: check=service:timescale-service-7070
    2024-06-24T09:11:52.236Z [INFO]  agent: Synced service: service=timescale/timescale0
    2024-06-24T09:11:53.056Z [WARN]  agent: Check is now critical: check=service:project-service-7050-management
    2024-06-24T09:11:53.057Z [WARN]  agent: Check is now critical: check=service:timescale-service-7070-management
    2024-06-24T09:11:53.057Z [WARN]  agent: Check is now critical: check=service:report-service-7090-management
    2024-06-24T09:11:53.057Z [WARN]  agent: Check is now critical: check=service:authorization-service-7000
    2024-06-24T09:11:53.271Z [INFO]  agent: Newer Consul version available: new_version=1.19.0 current_version=1.8.5
    2024-06-24T09:11:53.734Z [WARN]  agent: Check is now critical: check=service:authorization-service-7000-management
    2024-06-24T09:11:53.857Z [INFO]  agent: Synced service: service=timescale/timescale0
    2024-06-24T09:11:54.043Z [WARN]  agent: Check is now critical: check=service:ent-test-service-7010-management
    2024-06-24T09:11:55.136Z [WARN]  agent: Check is now critical: check=service:import-service-7040
    2024-06-24T09:11:55.405Z [INFO]  agent: Synced check: check=service:timescale/timescale0
    2024-06-24T09:11:55.658Z [WARN]  agent: Check is now critical: check=service:ent-test-service-7010
    2024-06-24T09:11:56.725Z [WARN]  agent: Check is now critical: check=service:import-service-7040-management
    2024-06-24T09:11:56.794Z [WARN]  agent: Check is now critical: check=service:report-service-7090
    2024-06-24T09:11:57.204Z [WARN]  agent: Check is now critical: check=service:project-service-7050
    2024-06-24T09:11:57.848Z [WARN]  agent: Check is now critical: check=service:test-runner-7030-management
    2024-06-24T09:11:57.883Z [WARN]  agent: Check is now critical: check=service:testplangenerator-service-7020-management
    2024-06-24T09:11:59.514Z [WARN]  agent: Check is now critical: check=service:testplangenerator-service-7020
    2024-06-24T09:12:00.073Z [WARN]  agent: Check is now critical: check=service:test-runner-7030
    2024-06-24T09:12:00.372Z [WARN]  agent: Check is now critical: check=service:grafana-service-7060-management
    2024-06-24T09:12:00.701Z [WARN]  agent: Check is now critical: check=service:grafana-service-7060
    2024-06-24T09:12:01.403Z [WARN]  agent: Check is now critical: check=service:timescale-service-7070
    2024-06-24T09:12:03.058Z [WARN]  agent: Check is now critical: check=service:project-service-7050-management
    2024-06-24T09:12:03.060Z [WARN]  agent: Check is now critical: check=service:authorization-service-7000
    2024-06-24T09:12:03.060Z [WARN]  agent: Check is now critical: check=service:timescale-service-7070-management
    2024-06-24T09:12:03.060Z [WARN]  agent: Check is now critical: check=service:report-service-7090-management
    2024-06-24T09:12:03.737Z [WARN]  agent: Check is now critical: check=service:authorization-service-7000-management
    2024-06-24T09:12:04.046Z [WARN]  agent: Check is now critical: check=service:ent-test-service-7010-management
    2024-06-24T09:12:05.175Z [INFO]  agent: Synced service: service=import-service-7040
    2024-06-24T09:12:05.247Z [INFO]  agent: Synced service: service=import-service-7040-management
    2024-06-24T09:12:05.661Z [WARN]  agent: Check is now critical: check=service:ent-test-service-7010
    2024-06-24T09:12:06.797Z [WARN]  agent: Check is now critical: check=service:report-service-7090
    2024-06-24T09:12:07.035Z [WARN]  agent: Check is now critical: check=service:import-service-7040-management
    2024-06-24T09:12:07.211Z [WARN]  agent: Check is now critical: check=service:project-service-7050
    2024-06-24T09:12:07.849Z [WARN]  agent: Check is now critical: check=service:test-runner-7030-management
    2024-06-24T09:12:07.888Z [WARN]  agent: Check is now critical: check=service:testplangenerator-service-7020-management
    2024-06-24T09:12:09.517Z [WARN]  agent: Check is now critical: check=service:testplangenerator-service-7020
    2024-06-24T09:12:10.074Z [WARN]  agent: Check is now critical: check=service:test-runner-7030
    2024-06-24T09:12:10.373Z [WARN]  agent: Check is now critical: check=service:grafana-service-7060-management
    2024-06-24T09:12:10.705Z [WARN]  agent: Check is now critical: check=service:grafana-service-7060
    2024-06-24T09:12:11.410Z [WARN]  agent: Check is now critical: check=service:timescale-service-7070
    2024-06-24T09:12:13.063Z [WARN]  agent: Check is now critical: check=service:project-service-7050-management
    2024-06-24T09:12:13.066Z [WARN]  agent: Check is now critical: check=service:timescale-service-7070-management
    2024-06-24T09:12:13.066Z [WARN]  agent: Check is now critical: check=service:authorization-service-7000
    2024-06-24T09:12:13.066Z [WARN]  agent: Check is now critical: check=service:report-service-7090-management
    2024-06-24T09:12:13.680Z [INFO]  agent: Synced check: check=service:import-service-7040
    2024-06-24T09:12:13.739Z [WARN]  agent: Check is now critical: check=service:authorization-service-7000-management
    2024-06-24T09:12:14.053Z [WARN]  agent: Check is now critical: check=service:ent-test-service-7010-management
    2024-06-24T09:12:15.664Z [WARN]  agent: Check is now critical: check=service:ent-test-service-7010
    2024-06-24T09:12:16.808Z [WARN]  agent: Check is now critical: check=service:report-service-7090
    2024-06-24T09:12:17.081Z [INFO]  agent: Synced check: check=service:import-service-7040-management
    2024-06-24T09:12:17.213Z [WARN]  agent: Check is now critical: check=service:project-service-7050
    2024-06-24T09:12:17.513Z [INFO]  agent: Synced service: service=timescale-service-7070
    2024-06-24T09:12:17.559Z [INFO]  agent: Synced service: service=timescale-service-7070-management
    2024-06-24T09:12:17.852Z [WARN]  agent: Check is now critical: check=service:test-runner-7030-management
    2024-06-24T09:12:17.890Z [WARN]  agent: Check is now critical: check=service:testplangenerator-service-7020-management
    2024-06-24T09:12:19.519Z [WARN]  agent: Check is now critical: check=service:testplangenerator-service-7020
    2024-06-24T09:12:19.914Z [INFO]  agent: Synced check: check=service:timescale-service-7070
    2024-06-24T09:12:20.075Z [WARN]  agent: Check is now critical: check=service:test-runner-7030
    2024-06-24T09:12:20.378Z [WARN]  agent: Check is now critical: check=service:grafana-service-7060-management
    2024-06-24T09:12:20.707Z [WARN]  agent: Check is now critical: check=service:grafana-service-7060
    2024-06-24T09:12:21.342Z [INFO]  agent: Synced service: service=grafana-service-7060
    2024-06-24T09:12:21.412Z [INFO]  agent: Synced service: service=grafana-service-7060-management
    2024-06-24T09:12:23.065Z [WARN]  agent: Check is now critical: check=service:project-service-7050-management
    2024-06-24T09:12:23.072Z [WARN]  agent: Check is now critical: check=service:authorization-service-7000
    2024-06-24T09:12:23.072Z [WARN]  agent: Check is now critical: check=service:report-service-7090-management
    2024-06-24T09:12:23.748Z [WARN]  agent: Check is now critical: check=service:authorization-service-7000-management
    2024-06-24T09:12:24.061Z [WARN]  agent: Check is now critical: check=service:ent-test-service-7010-management
    2024-06-24T09:12:24.089Z [INFO]  agent: Synced check: check=service:timescale-service-7070-management
    2024-06-24T09:12:24.980Z [INFO]  agent: Synced check: check=service:grafana-service-7060-management
    2024-06-24T09:12:25.666Z [WARN]  agent: Check is now critical: check=service:ent-test-service-7010
    2024-06-24T09:12:26.813Z [WARN]  agent: Check is now critical: check=service:report-service-7090
    2024-06-24T09:12:27.219Z [WARN]  agent: Check is now critical: check=service:project-service-7050
    2024-06-24T09:12:27.604Z [INFO]  agent: Synced service: service=testplangenerator-service-7020
    2024-06-24T09:12:27.632Z [INFO]  agent: Synced service: service=testplangenerator-service-7020-management
    2024-06-24T09:12:27.858Z [WARN]  agent: Check is now critical: check=service:test-runner-7030-management
    2024-06-24T09:12:28.505Z [INFO]  agent: Synced service: service=report-service-7090
    2024-06-24T09:12:28.560Z [INFO]  agent: Synced service: service=report-service-7090-management
    2024-06-24T09:12:29.328Z [INFO]  agent: Synced check: check=service:grafana-service-7060
    2024-06-24T09:12:30.078Z [WARN]  agent: Check is now critical: check=service:test-runner-7030
    2024-06-24T09:12:32.576Z [INFO]  agent: Synced check: check=service:testplangenerator-service-7020-management
    2024-06-24T09:12:33.069Z [WARN]  agent: Check is now critical: check=service:project-service-7050-management
    2024-06-24T09:12:33.077Z [WARN]  agent: Check is now critical: check=service:authorization-service-7000
    2024-06-24T09:12:33.750Z [WARN]  agent: Check is now critical: check=service:authorization-service-7000-management
    2024-06-24T09:12:34.064Z [WARN]  agent: Check is now critical: check=service:ent-test-service-7010-management
    2024-06-24T09:12:35.358Z [INFO]  agent: Synced service: service=ent-test-service-7010
    2024-06-24T09:12:35.463Z [INFO]  agent: Synced service: service=ent-test-service-7010-management
    2024-06-24T09:12:35.743Z [INFO]  agent: Synced check: check=service:report-service-7090-management
    2024-06-24T09:12:35.966Z [INFO]  agent: Synced service: service=test-runner-7030
    2024-06-24T09:12:36.046Z [INFO]  agent: Synced service: service=test-runner-7030-management
    2024-06-24T09:12:37.177Z [INFO]  agent: Synced service: service=project-service-7050
    2024-06-24T09:12:37.197Z [INFO]  agent: Synced service: service=project-service-7050-management
    2024-06-24T09:12:37.400Z [INFO]  agent: Synced check: check=service:report-service-7090
    2024-06-24T09:12:37.534Z [INFO]  agent: Synced check: check=service:testplangenerator-service-7020
    2024-06-24T09:12:37.983Z [WARN]  agent: Check is now critical: check=service:project-service-7050
    2024-06-24T09:12:39.020Z [INFO]  agent: Synced check: check=service:test-runner-7030-management
    2024-06-24T09:12:39.355Z [INFO]  agent: Synced check: check=service:project-service-7050-management
    2024-06-24T09:12:40.141Z [INFO]  agent: Synced service: service=authorization-service-7000
    2024-06-24T09:12:40.155Z [INFO]  agent: Synced service: service=authorization-service-7000-management
    2024-06-24T09:12:40.661Z [INFO]  agent: Synced check: check=service:test-runner-7030
    2024-06-24T09:12:42.030Z [INFO]  agent: Synced check: check=service:ent-test-service-7010
    2024-06-24T09:12:43.158Z [INFO]  agent: Synced check: check=service:authorization-service-7000-management
    2024-06-24T09:12:43.789Z [INFO]  agent: Synced check: check=service:ent-test-service-7010-management
    2024-06-24T09:12:47.715Z [INFO]  agent: Synced check: check=service:authorization-service-7000
    2024-06-24T09:12:47.995Z [INFO]  agent: Synced check: check=service:project-service-7050
    2024-06-24T09:14:25.788Z [INFO]  agent: Synced check: check=service:report-service-7090-management
    2024-06-24T09:14:57.900Z [INFO]  agent: Synced check: check=service:authorization-service-7000-management
    2024-06-24T09:15:03.408Z [INFO]  agent: Synced check: check=service:timescale/timescale0
    2024-06-24T09:16:41.866Z [INFO]  agent: Synced check: check=service:authorization-service-7000
    2024-06-24T09:18:00.857Z [INFO]  agent: Synced check: check=service:project-service-7050-management
    2024-06-24T09:18:37.806Z [INFO]  agent: Synced check: check=service:ent-test-service-7010-management
    2024-06-24T09:18:56.793Z [INFO]  agent: Synced check: check=service:timescale-service-7070-management
    2024-06-24T09:20:50.457Z [INFO]  agent: Synced check: check=service:timescale/timescale0
    2024-06-24T09:23:56.933Z [INFO]  agent: Synced check: check=service:timescale/timescale0
    2024-06-24T09:30:25.634Z [INFO]  agent: Synced check: check=service:timescale/timescale0
    2024-06-24T09:37:03.857Z [INFO]  agent: Synced check: check=service:timescale/timescale0
    2024-06-24T09:40:26.315Z [INFO]  agent: Synced check: check=service:timescale/timescale0
    2024-06-24T09:44:30.393Z [INFO]  agent: Synced check: check=service:timescale/timescale0
    2024-06-24T09:51:26.662Z [INFO]  agent: Synced check: check=service:timescale/timescale0
    2024-06-24T09:54:43.449Z [INFO]  agent: Synced check: check=service:timescale/timescale0
    2024-06-24T10:00:10.266Z [INFO]  agent: Synced check: check=service:timescale/timescale0
    2024-06-24T10:05:18.314Z [INFO]  agent: Synced check: check=service:timescale/timescale0
    2024-06-24T10:08:35.562Z [INFO]  agent: Synced check: check=service:timescale/timescale0
    2024-06-24T10:14:11.196Z [INFO]  agent: Synced check: check=service:timescale/timescale0
    2024-06-24T10:20:13.248Z [INFO]  agent: Synced check: check=service:timescale/timescale0
    2024-06-24T10:26:28.064Z [INFO]  agent: Synced check: check=service:timescale/timescale0
    2024-06-24T10:29:09.205Z [INFO]  agent: Synced check: check=service:timescale/timescale0
    2024-06-24T10:31:40.513Z [INFO]  agent: Synced check: check=service:timescale/timescale0
    2024-06-24T10:38:37.946Z [INFO]  agent: Synced check: check=service:timescale/timescale0
    2024-06-24T10:46:08.520Z [INFO]  agent: Synced check: check=service:timescale/timescale0
    2024-06-24T10:50:59.334Z [INFO]  agent: Synced check: check=service:timescale/timescale0
    2024-06-24T10:58:21.688Z [INFO]  agent: Synced check: check=service:timescale/timescale0
    2024-06-24T11:04:25.707Z [INFO]  agent: Synced check: check=service:timescale/timescale0
    2024-06-24T11:11:25.322Z [INFO]  agent: Synced check: check=service:timescale/timescale0
    2024-06-24T11:14:13.832Z [INFO]  agent: Synced check: check=service:timescale/timescale0
    2024-06-24T11:18:14.633Z [INFO]  agent: Synced check: check=service:timescale/timescale0
==> Starting Consul agent...
           Version: '1.8.5'
           Node ID: '433e14b9-88e8-e2e2-6ce0-d94375d633ae'
         Node name: 'consul'
        Datacenter: 'dc1' (Segment: '<all>')
            Server: true (Bootstrap: true)
       Client Addr: [0.0.0.0] (HTTP: 8500, HTTPS: -1, gRPC: -1, DNS: 8600)
      Cluster Addr: 172.18.0.11 (LAN: 8301, WAN: 8302)
           Encrypt: Gossip: false, TLS-Outgoing: false, TLS-Incoming: false, Auto-Encrypt-TLS: false

==> Log data will now stream in as it occurs:

    2024-06-27T08:24:53.134Z [WARN]  agent: BootstrapExpect is set to 1; this is the same as Bootstrap mode.
    2024-06-27T08:24:53.134Z [WARN]  agent: bootstrap = true: do not enable unless necessary
    2024-06-27T08:24:53.163Z [WARN]  agent.auto_config: BootstrapExpect is set to 1; this is the same as Bootstrap mode.
    2024-06-27T08:24:53.163Z [WARN]  agent.auto_config: bootstrap = true: do not enable unless necessary
    2024-06-27T08:24:53.498Z [INFO]  agent.server.raft: restored from snapshot: id=8-1786640-1717564570912
    2024-06-27T08:25:00.172Z [INFO]  agent.server.raft: initial configuration: index=1 servers="[{Suffrage:Voter ID:433e14b9-88e8-e2e2-6ce0-d94375d633ae Address:172.18.0.7:8300}]"
    2024-06-27T08:25:00.172Z [INFO]  agent.server.raft: entering follower state: follower="Node at 172.18.0.11:8300 [Follower]" leader=
    2024-06-27T08:25:00.195Z [INFO]  agent.server.serf.wan: serf: EventMemberJoin: consul.dc1 172.18.0.11
    2024-06-27T08:25:00.195Z [WARN]  agent.server.serf.wan: serf: Failed to re-join any previously known node
    2024-06-27T08:25:00.196Z [INFO]  agent.server.serf.lan: serf: EventMemberJoin: consul 172.18.0.11
    2024-06-27T08:25:00.196Z [INFO]  agent.router: Initializing LAN area manager
    2024-06-27T08:25:00.197Z [WARN]  agent.server.serf.lan: serf: Failed to re-join any previously known node
    2024-06-27T08:25:00.197Z [INFO]  agent.server: Adding LAN server: server="consul (Addr: tcp/172.18.0.11:8300) (DC: dc1)"
    2024-06-27T08:25:00.197Z [INFO]  agent.server: Handled event for server in area: event=member-join server=consul.dc1 area=wan
    2024-06-27T08:25:01.024Z [INFO]  agent: Started DNS server: address=0.0.0.0:8600 network=udp
    2024-06-27T08:25:01.024Z [INFO]  agent: Started DNS server: address=0.0.0.0:8600 network=tcp
    2024-06-27T08:25:01.025Z [INFO]  agent: Started HTTP server: address=[::]:8500 network=tcp
    2024-06-27T08:25:01.028Z [INFO]  agent: started state syncer
==> Consul agent running!
    2024-06-27T08:25:01.687Z [WARN]  agent: Check is now critical: check=service:grafana-service-7060-management
    2024-06-27T08:25:01.819Z [WARN]  agent: Check is now critical: check=service:timescale-service-7070
    2024-06-27T08:25:02.289Z [WARN]  agent: Check is now critical: check=service:import-service-7040-management
    2024-06-27T08:25:03.845Z [WARN]  agent: Check is now critical: check=service:report-service-7090
    2024-06-27T08:25:04.542Z [WARN]  agent: Check is now critical: check=service:test-runner-7030-management
    2024-06-27T08:25:04.790Z [WARN]  agent: Check is now critical: check=service:authorization-service-7000-management
    2024-06-27T08:25:05.047Z [WARN]  agent: Check is now critical: check=service:project-service-7050
    2024-06-27T08:25:05.049Z [WARN]  agent: Check is now critical: check=service:timescale/timescale0
    2024-06-27T08:25:05.363Z [WARN]  agent: Check is now critical: check=service:ent-test-service-7010-management
    2024-06-27T08:25:05.458Z [WARN]  agent: Check is now critical: check=service:grafana-service-7060
    2024-06-27T08:25:06.417Z [WARN]  agent: Check is now critical: check=service:project-service-7050-management
    2024-06-27T08:25:06.523Z [WARN]  agent: Check is now critical: check=service:test-runner-7030
    2024-06-27T08:25:07.033Z [WARN]  agent: Check is now critical: check=service:ent-test-service-7010
    2024-06-27T08:25:08.129Z [ERROR] agent.anti_entropy: failed to sync remote state: error="No cluster leader"
    2024-06-27T08:25:08.670Z [WARN]  agent.server.raft: heartbeat timeout reached, starting election: last-leader=
    2024-06-27T08:25:08.670Z [INFO]  agent.server.raft: entering candidate state: node="Node at 172.18.0.11:8300 [Candidate]" term=10
    2024-06-27T08:25:08.681Z [INFO]  agent.server.raft: election won: tally=1
    2024-06-27T08:25:08.681Z [INFO]  agent.server.raft: entering leader state: leader="Node at 172.18.0.11:8300 [Leader]"
    2024-06-27T08:25:08.681Z [INFO]  agent.server: cluster leadership acquired
    2024-06-27T08:25:08.681Z [INFO]  agent.server: New leader elected: payload=consul
    2024-06-27T08:25:09.322Z [WARN]  agent: Check is now critical: check=service:timescale-service-7070-management
    2024-06-27T08:25:09.716Z [INFO]  agent.leader: started routine: routine="federation state anti-entropy"
    2024-06-27T08:25:09.716Z [INFO]  agent.leader: started routine: routine="federation state pruning"
    2024-06-27T08:25:09.716Z [INFO]  agent.leader: started routine: routine="intermediate cert renew watch"
    2024-06-27T08:25:09.716Z [INFO]  agent.leader: started routine: routine="CA root pruning"
    2024-06-27T08:25:09.716Z [INFO]  agent.server: member joined, marking health alive: member=consul
    2024-06-27T08:25:09.758Z [WARN]  agent: Check is now critical: check=service:testplangenerator-service-7020
    2024-06-27T08:25:09.782Z [WARN]  agent: Check is now critical: check=service:testplangenerator-service-7020-management
    2024-06-27T08:25:09.881Z [WARN]  agent: Check is now critical: check=service:import-service-7040
    2024-06-27T08:25:10.056Z [WARN]  agent: Check is now critical: check=service:report-service-7090-management
    2024-06-27T08:25:10.056Z [WARN]  agent: Check is now critical: check=service:timescale/timescale0
    2024-06-27T08:25:10.282Z [INFO]  agent: Synced node info
    2024-06-27T08:25:10.345Z [INFO]  agent: Synced service: service=test-runner-7030-management
    2024-06-27T08:25:10.360Z [INFO]  agent: Synced service: service=import-service-7040
    2024-06-27T08:25:10.401Z [INFO]  agent: Synced service: service=grafana-service-7060
    2024-06-27T08:25:10.424Z [INFO]  agent: Deregistered service: service=timescale/timescale0
    2024-06-27T08:25:10.454Z [INFO]  agent: Synced service: service=grafana-service-7060-management
    2024-06-27T08:25:10.493Z [INFO]  agent: Synced service: service=authorization-service-7000-management
    2024-06-27T08:25:10.537Z [INFO]  agent: Synced service: service=import-service-7040-management
    2024-06-27T08:25:10.560Z [INFO]  agent: Synced service: service=timescale-service-7070-management
    2024-06-27T08:25:10.599Z [INFO]  agent: Synced service: service=timescale-service-7070
    2024-06-27T08:25:10.635Z [INFO]  agent: Synced service: service=grafana
    2024-06-27T08:25:10.679Z [INFO]  agent: Synced service: service=testplangenerator-service-7020-management
    2024-06-27T08:25:10.830Z [INFO]  agent: Synced service: service=testplangenerator-service-7020
    2024-06-27T08:25:10.841Z [WARN]  agent: Check is now critical: check=service:authorization-service-7000
    2024-06-27T08:25:10.896Z [INFO]  agent: Synced service: service=project-service-7050-management
    2024-06-27T08:25:10.953Z [INFO]  agent: Synced service: service=ent-test-service-7010
    2024-06-27T08:25:10.971Z [INFO]  agent: Synced service: service=ent-test-service-7010-management
    2024-06-27T08:25:10.997Z [INFO]  agent: Synced service: service=project-service-7050
    2024-06-27T08:25:11.024Z [INFO]  agent: Synced service: service=test-runner-7030
    2024-06-27T08:25:11.056Z [INFO]  agent: Synced service: service=report-service-7090-management
    2024-06-27T08:25:11.076Z [INFO]  agent: Synced service: service=authorization-service-7000
    2024-06-27T08:25:11.092Z [INFO]  agent: Synced service: service=report-service-7090
    2024-06-27T08:25:11.093Z [WARN]  agent: Failed to deregister service: service=timescale/timescale1 error="Service {"timescale/timescale1" {}} does not exist"
    2024-06-27T08:25:11.689Z [WARN]  agent: Check is now critical: check=service:grafana-service-7060-management
    2024-06-27T08:25:11.822Z [WARN]  agent: Check is now critical: check=service:timescale-service-7070
    2024-06-27T08:25:12.294Z [WARN]  agent: Check is now critical: check=service:import-service-7040-management
    2024-06-27T08:25:13.847Z [WARN]  agent: Check is now critical: check=service:report-service-7090
    2024-06-27T08:25:14.550Z [WARN]  agent: Check is now critical: check=service:test-runner-7030-management
    2024-06-27T08:25:14.796Z [WARN]  agent: Check is now critical: check=service:authorization-service-7000-management
    2024-06-27T08:25:15.054Z [WARN]  agent: Check is now critical: check=service:project-service-7050
    2024-06-27T08:25:15.368Z [WARN]  agent: Check is now critical: check=service:ent-test-service-7010-management
    2024-06-27T08:25:15.462Z [WARN]  agent: Check is now critical: check=service:grafana-service-7060
    2024-06-27T08:25:16.425Z [WARN]  agent: Check is now critical: check=service:project-service-7050-management
    2024-06-27T08:25:16.529Z [WARN]  agent: Check is now critical: check=service:test-runner-7030
    2024-06-27T08:25:17.036Z [WARN]  agent: Check is now critical: check=service:ent-test-service-7010
    2024-06-27T08:25:17.274Z [INFO]  agent: Synced service: service=timescale/timescale0
    2024-06-27T08:25:18.770Z [INFO]  agent: Synced service: service=timescale/timescale0
    2024-06-27T08:25:19.328Z [WARN]  agent: Check is now critical: check=service:timescale-service-7070-management
    2024-06-27T08:25:19.759Z [WARN]  agent: Check is now critical: check=service:testplangenerator-service-7020
    2024-06-27T08:25:19.788Z [WARN]  agent: Check is now critical: check=service:testplangenerator-service-7020-management
    2024-06-27T08:25:19.882Z [WARN]  agent: Check is now critical: check=service:import-service-7040
    2024-06-27T08:25:20.058Z [WARN]  agent: Check is now critical: check=service:report-service-7090-management
    2024-06-27T08:25:21.114Z [WARN]  agent: Check is now critical: check=service:authorization-service-7000
    2024-06-27T08:25:21.689Z [WARN]  agent: Check is now critical: check=service:grafana-service-7060-management
    2024-06-27T08:25:21.823Z [WARN]  agent: Check is now critical: check=service:timescale-service-7070
    2024-06-27T08:25:22.300Z [WARN]  agent: Check is now critical: check=service:import-service-7040-management
    2024-06-27T08:25:23.259Z [INFO]  agent: Synced check: check=service:timescale/timescale0
    2024-06-27T08:25:23.854Z [WARN]  agent: Check is now critical: check=service:report-service-7090
    2024-06-27T08:25:24.555Z [WARN]  agent: Check is now critical: check=service:test-runner-7030-management
    2024-06-27T08:25:24.804Z [WARN]  agent: Check is now critical: check=service:authorization-service-7000-management
    2024-06-27T08:25:25.056Z [WARN]  agent: Check is now critical: check=service:project-service-7050
    2024-06-27T08:25:25.370Z [WARN]  agent: Check is now critical: check=service:ent-test-service-7010-management
    2024-06-27T08:25:25.467Z [WARN]  agent: Check is now critical: check=service:grafana-service-7060
    2024-06-27T08:25:26.428Z [WARN]  agent: Check is now critical: check=service:project-service-7050-management
    2024-06-27T08:25:26.536Z [WARN]  agent: Check is now critical: check=service:test-runner-7030
    2024-06-27T08:25:27.046Z [WARN]  agent: Check is now critical: check=service:ent-test-service-7010
    2024-06-27T08:25:28.064Z [INFO]  agent: Newer Consul version available: new_version=1.19.0 current_version=1.8.5
    2024-06-27T08:25:29.334Z [WARN]  agent: Check is now critical: check=service:timescale-service-7070-management
    2024-06-27T08:25:29.766Z [WARN]  agent: Check is now critical: check=service:testplangenerator-service-7020
    2024-06-27T08:25:29.792Z [WARN]  agent: Check is now critical: check=service:testplangenerator-service-7020-management
    2024-06-27T08:25:29.888Z [WARN]  agent: Check is now critical: check=service:import-service-7040
    2024-06-27T08:25:30.065Z [WARN]  agent: Check is now critical: check=service:report-service-7090-management
    2024-06-27T08:25:31.115Z [WARN]  agent: Check is now critical: check=service:authorization-service-7000
    2024-06-27T08:25:31.554Z [INFO]  agent: Synced service: service=import-service-7040
    2024-06-27T08:25:31.632Z [INFO]  agent: Synced service: service=import-service-7040-management
    2024-06-27T08:25:31.698Z [WARN]  agent: Check is now critical: check=service:grafana-service-7060-management
    2024-06-27T08:25:31.824Z [WARN]  agent: Check is now critical: check=service:timescale-service-7070
    2024-06-27T08:25:33.863Z [WARN]  agent: Check is now critical: check=service:report-service-7090
    2024-06-27T08:25:34.564Z [WARN]  agent: Check is now critical: check=service:test-runner-7030-management
    2024-06-27T08:25:34.808Z [WARN]  agent: Check is now critical: check=service:authorization-service-7000-management
    2024-06-27T08:25:35.066Z [WARN]  agent: Check is now critical: check=service:project-service-7050
    2024-06-27T08:25:35.376Z [WARN]  agent: Check is now critical: check=service:ent-test-service-7010-management
    2024-06-27T08:25:35.475Z [WARN]  agent: Check is now critical: check=service:grafana-service-7060
    2024-06-27T08:25:36.431Z [WARN]  agent: Check is now critical: check=service:project-service-7050-management
    2024-06-27T08:25:36.540Z [WARN]  agent: Check is now critical: check=service:test-runner-7030
    2024-06-27T08:25:37.051Z [WARN]  agent: Check is now critical: check=service:ent-test-service-7010
    2024-06-27T08:25:37.408Z [INFO]  agent: Synced check: check=service:import-service-7040
    2024-06-27T08:25:38.861Z [INFO]  agent: Synced check: check=service:import-service-7040-management
    2024-06-27T08:25:39.344Z [WARN]  agent: Check is now critical: check=service:timescale-service-7070-management
    2024-06-27T08:25:39.768Z [WARN]  agent: Check is now critical: check=service:testplangenerator-service-7020
    2024-06-27T08:25:39.802Z [WARN]  agent: Check is now critical: check=service:testplangenerator-service-7020-management
    2024-06-27T08:25:40.073Z [WARN]  agent: Check is now critical: check=service:report-service-7090-management
    2024-06-27T08:25:41.120Z [WARN]  agent: Check is now critical: check=service:authorization-service-7000
    2024-06-27T08:25:41.702Z [WARN]  agent: Check is now critical: check=service:grafana-service-7060-management
    2024-06-27T08:25:41.827Z [WARN]  agent: Check is now critical: check=service:timescale-service-7070
    2024-06-27T08:25:41.850Z [INFO]  agent: Synced service: service=timescale-service-7070
    2024-06-27T08:25:41.887Z [INFO]  agent: Synced service: service=timescale-service-7070-management
    2024-06-27T08:25:43.868Z [WARN]  agent: Check is now critical: check=service:report-service-7090
    2024-06-27T08:25:44.567Z [WARN]  agent: Check is now critical: check=service:test-runner-7030-management
    2024-06-27T08:25:44.770Z [INFO]  agent: Synced check: check=service:timescale-service-7070-management
    2024-06-27T08:25:44.820Z [WARN]  agent: Check is now critical: check=service:authorization-service-7000-management
    2024-06-27T08:25:44.919Z [INFO]  agent: Synced service: service=grafana-service-7060
    2024-06-27T08:25:44.985Z [INFO]  agent: Synced service: service=grafana-service-7060-management
    2024-06-27T08:25:45.067Z [WARN]  agent: Check is now critical: check=service:project-service-7050
    2024-06-27T08:25:45.380Z [WARN]  agent: Check is now critical: check=service:ent-test-service-7010-management
    2024-06-27T08:25:46.432Z [WARN]  agent: Check is now critical: check=service:project-service-7050-management
    2024-06-27T08:25:46.542Z [WARN]  agent: Check is now critical: check=service:test-runner-7030
    2024-06-27T08:25:47.057Z [WARN]  agent: Check is now critical: check=service:ent-test-service-7010
    2024-06-27T08:25:47.729Z [INFO]  agent: Synced check: check=service:grafana-service-7060-management
    2024-06-27T08:25:48.872Z [INFO]  agent: Synced service: service=testplangenerator-service-7020
    2024-06-27T08:25:48.922Z [INFO]  agent: Synced service: service=testplangenerator-service-7020-management
    2024-06-27T08:25:49.936Z [INFO]  agent: Synced check: check=service:grafana-service-7060
    2024-06-27T08:25:50.078Z [WARN]  agent: Check is now critical: check=service:report-service-7090-management
    2024-06-27T08:25:51.033Z [WARN]  agent: Check is now critical: check=service:testplangenerator-service-7020-management
    2024-06-27T08:25:51.125Z [WARN]  agent: Check is now critical: check=service:authorization-service-7000
    2024-06-27T08:25:51.209Z [INFO]  agent: Synced check: check=service:timescale-service-7070
    2024-06-27T08:25:52.074Z [INFO]  agent: Synced service: service=report-service-7090
    2024-06-27T08:25:52.107Z [INFO]  agent: Synced service: service=report-service-7090-management
    2024-06-27T08:25:53.831Z [INFO]  agent: Synced check: check=service:testplangenerator-service-7020
    2024-06-27T08:25:54.573Z [WARN]  agent: Check is now critical: check=service:test-runner-7030-management
    2024-06-27T08:25:54.823Z [WARN]  agent: Check is now critical: check=service:authorization-service-7000-management
    2024-06-27T08:25:55.070Z [WARN]  agent: Check is now critical: check=service:project-service-7050
    2024-06-27T08:25:55.383Z [WARN]  agent: Check is now critical: check=service:ent-test-service-7010-management
    2024-06-27T08:25:56.435Z [WARN]  agent: Check is now critical: check=service:project-service-7050-management
    2024-06-27T08:25:56.545Z [WARN]  agent: Check is now critical: check=service:test-runner-7030
    2024-06-27T08:25:57.064Z [WARN]  agent: Check is now critical: check=service:ent-test-service-7010
    2024-06-27T08:25:57.613Z [INFO]  agent: Synced service: service=project-service-7050
    2024-06-27T08:25:57.720Z [INFO]  agent: Synced service: service=project-service-7050-management
    2024-06-27T08:25:58.423Z [INFO]  agent: Synced service: service=ent-test-service-7010
    2024-06-27T08:25:58.473Z [INFO]  agent: Synced service: service=ent-test-service-7010-management
    2024-06-27T08:25:58.680Z [INFO]  agent: Synced check: check=service:report-service-7090-management
    2024-06-27T08:25:58.817Z [INFO]  agent: Synced service: service=test-runner-7030
    2024-06-27T08:25:59.202Z [INFO]  agent: Synced service: service=test-runner-7030-management
    2024-06-27T08:25:59.609Z [WARN]  agent: Check is now critical: check=service:project-service-7050
    2024-06-27T08:25:59.663Z [WARN]  agent: Check is now critical: check=service:test-runner-7030-management
    2024-06-27T08:26:00.009Z [INFO]  agent: Synced check: check=service:report-service-7090
    2024-06-27T08:26:00.997Z [INFO]  agent: Synced service: service=authorization-service-7000
    2024-06-27T08:26:01.012Z [INFO]  agent: Synced service: service=authorization-service-7000-management
    2024-06-27T08:26:01.074Z [INFO]  agent: Synced check: check=service:testplangenerator-service-7020-management
    2024-06-27T08:26:01.586Z [INFO]  agent: Synced check: check=service:ent-test-service-7010
    2024-06-27T08:26:02.585Z [INFO]  agent: Synced check: check=service:authorization-service-7000
    2024-06-27T08:26:03.859Z [INFO]  agent: Synced check: check=service:ent-test-service-7010-management
    2024-06-27T08:26:04.926Z [INFO]  agent: Synced check: check=service:project-service-7050-management
    2024-06-27T08:26:05.391Z [INFO]  agent: Synced check: check=service:test-runner-7030
    2024-06-27T08:26:06.590Z [INFO]  agent: Synced check: check=service:authorization-service-7000-management
    2024-06-27T08:26:09.630Z [INFO]  agent: Synced check: check=service:project-service-7050
    2024-06-27T08:26:09.677Z [INFO]  agent: Synced check: check=service:test-runner-7030-management
    2024-06-27T08:27:41.334Z [INFO]  agent: Synced check: check=service:testplangenerator-service-7020-management
    2024-06-27T08:27:53.623Z [INFO]  agent: Synced check: check=service:timescale-service-7070
    2024-06-27T08:28:20.425Z [INFO]  agent: Synced check: check=service:ent-test-service-7010
    2024-06-27T08:28:27.364Z [INFO]  agent: Synced check: check=service:timescale-service-7070-management
    2024-06-27T08:28:30.123Z [INFO]  agent: Synced check: check=service:authorization-service-7000-management
    2024-06-27T08:28:47.205Z [INFO]  agent: Synced check: check=service:ent-test-service-7010-management
    2024-06-27T08:28:55.546Z [INFO]  agent: Synced check: check=service:report-service-7090
    2024-06-27T08:29:05.507Z [INFO]  agent: Synced check: check=service:authorization-service-7000
    2024-06-27T08:29:53.606Z [INFO]  agent: Synced check: check=service:import-service-7040-management
    2024-06-27T08:30:03.039Z [INFO]  agent: Synced check: check=service:import-service-7040
    2024-06-27T08:30:07.900Z [INFO]  agent: Synced check: check=service:grafana-service-7060-management
    2024-06-27T08:30:31.959Z [INFO]  agent: Synced check: check=service:test-runner-7030-management
    2024-06-27T08:30:35.173Z [INFO]  agent: Synced check: check=service:project-service-7050
    2024-06-27T08:30:42.819Z [INFO]  agent: Synced check: check=service:project-service-7050-management
    2024-06-27T08:31:06.315Z [INFO]  agent: Synced check: check=service:grafana-service-7060
    2024-06-27T08:31:26.748Z [INFO]  agent: Synced check: check=service:testplangenerator-service-7020
    2024-06-27T08:31:36.714Z [INFO]  agent: Synced check: check=service:report-service-7090-management
    2024-06-27T08:31:52.922Z [INFO]  agent: Synced check: check=service:test-runner-7030
    2024-06-27T08:32:47.042Z [INFO]  agent: Synced check: check=service:timescale/timescale0
    2024-06-27T08:35:56.344Z [INFO]  agent: Synced check: check=service:timescale/timescale0
    2024-06-27T08:41:49.977Z [INFO]  agent: Synced check: check=service:timescale/timescale0
    2024-06-27T08:48:38.553Z [INFO]  agent: Synced check: check=service:timescale/timescale0
    2024-06-27T08:54:00.986Z [INFO]  agent: Synced check: check=service:timescale/timescale0
    2024-06-27T08:58:39.523Z [INFO]  agent: Synced check: check=service:timescale/timescale0
    2024-06-27T09:02:39.788Z [INFO]  agent: Synced check: check=service:timescale/timescale0
    2024-06-27T09:05:43.112Z [INFO]  agent: Synced check: check=service:timescale/timescale0
    2024-06-27T09:11:08.170Z [INFO]  agent: Synced check: check=service:timescale/timescale0
    2024-06-27T09:15:49.864Z [INFO]  agent: Synced check: check=service:timescale/timescale0
    2024-06-27T09:18:45.987Z [INFO]  agent: Synced check: check=service:timescale/timescale0
    2024-06-27T09:25:48.339Z [INFO]  agent: Synced check: check=service:timescale/timescale0
    2024-06-27T09:29:43.041Z [INFO]  agent: Synced check: check=service:timescale/timescale0
    2024-06-27T09:36:04.783Z [INFO]  agent: Synced check: check=service:timescale/timescale0
    2024-06-27T09:38:54.059Z [INFO]  agent: Synced check: check=service:timescale/timescale0
    2024-06-27T09:45:08.418Z [INFO]  agent: Synced check: check=service:timescale/timescale0
    2024-06-27T09:51:25.036Z [INFO]  agent: Synced check: check=service:timescale/timescale0
    2024-06-27T09:57:07.490Z [INFO]  agent: Synced check: check=service:timescale/timescale0
    2024-06-27T10:03:50.799Z [INFO]  agent: Synced check: check=service:timescale/timescale0
    2024-06-27T10:10:43.335Z [INFO]  agent: Synced check: check=service:timescale/timescale0
    2024-06-27T10:14:04.381Z [INFO]  agent: Synced check: check=service:timescale/timescale0
    2024-06-27T10:16:39.399Z [INFO]  agent: Synced check: check=service:timescale/timescale0
    2024-06-27T10:20:26.990Z [INFO]  agent: Synced check: check=service:timescale/timescale0
    2024-06-27T10:23:09.104Z [INFO]  agent: Synced check: check=service:timescale/timescale0
    2024-06-27T10:30:30.716Z [INFO]  agent: Synced check: check=service:timescale/timescale0
    2024-06-27T10:33:05.612Z [INFO]  agent: Synced check: check=service:timescale/timescale0
    2024-06-27T10:35:56.395Z [INFO]  agent: Synced check: check=service:timescale/timescale0
    2024-06-27T10:42:42.699Z [INFO]  agent: Synced check: check=service:timescale/timescale0
    2024-06-27T10:47:58.607Z [INFO]  agent: Synced check: check=service:timescale/timescale0
    2024-06-27T10:54:01.956Z [INFO]  agent: Synced check: check=service:timescale/timescale0
    2024-06-27T10:57:41.570Z [INFO]  agent: Synced check: check=service:timescale/timescale0
    2024-06-27T11:00:31.447Z [INFO]  agent.server.fsm: snapshot created: duration=96.12µs
    2024-06-27T11:00:31.447Z [INFO]  agent.server.raft: starting snapshot up to: index=1803027
    2024-06-27T11:00:31.447Z [INFO]  agent.server.snapshot: creating new snapshot: path=/consul/data/raft/snapshots/10-1803027-1719486031447.tmp
    2024-06-27T11:00:31.460Z [INFO]  agent.server.snapshot: reaping snapshot: path=/consul/data/raft/snapshots/8-1770248-1717502537826
    2024-06-27T11:00:31.486Z [INFO]  agent.server.raft: compacting logs: from=1776401 to=1792787
    2024-06-27T11:00:31.949Z [INFO]  agent.server.raft: snapshot complete up to: index=1803027
    2024-06-27T11:03:16.730Z [INFO]  agent: Synced check: check=service:timescale/timescale0
    2024-06-27T11:06:54.701Z [INFO]  agent: Synced check: check=service:timescale/timescale0
    2024-06-27T11:12:07.321Z [INFO]  agent: Synced check: check=service:timescale/timescale0
    2024-06-27T11:18:39.003Z [INFO]  agent: Synced check: check=service:timescale/timescale0
    2024-06-27T11:23:37.629Z [INFO]  agent: Synced check: check=service:timescale/timescale0
    2024-06-27T11:26:31.724Z [INFO]  agent: Synced check: check=service:timescale/timescale0
    2024-06-27T11:30:40.148Z [INFO]  agent: Synced check: check=service:timescale/timescale0
    2024-06-27T11:34:09.420Z [INFO]  agent: Synced check: check=service:timescale/timescale0
    2024-06-27T11:40:31.524Z [INFO]  agent: Synced check: check=service:timescale/timescale0
    2024-06-27T11:44:32.421Z [INFO]  agent: Synced check: check=service:timescale/timescale0
    2024-06-27T11:49:48.157Z [INFO]  agent: Synced check: check=service:timescale/timescale0
    2024-06-27T11:53:52.570Z [INFO]  agent: Synced check: check=service:timescale/timescale0
    2024-06-27T12:00:19.268Z [INFO]  agent: Synced check: check=service:timescale/timescale0
    2024-06-27T12:03:42.470Z [INFO]  agent: Synced check: check=service:timescale/timescale0
    2024-06-27T12:10:23.639Z [INFO]  agent: Synced check: check=service:timescale/timescale0
    2024-06-27T12:14:08.124Z [INFO]  agent: Synced check: check=service:timescale/timescale0
    2024-06-27T12:18:10.424Z [INFO]  agent: Synced check: check=service:timescale/timescale0
    2024-06-27T12:21:19.315Z [INFO]  agent: Synced check: check=service:timescale/timescale0
    2024-06-27T12:27:00.113Z [INFO]  agent: Synced check: check=service:timescale/timescale0
    2024-06-27T12:32:36.610Z [INFO]  agent: Synced check: check=service:timescale/timescale0
    2024-06-27T12:38:25.780Z [INFO]  agent: Synced check: check=service:timescale/timescale0
    2024-06-27T12:42:08.129Z [INFO]  agent: Synced check: check=service:timescale/timescale0
    2024-06-27T12:44:43.234Z [INFO]  agent: Synced check: check=service:timescale/timescale0
    2024-06-27T12:50:30.698Z [INFO]  agent: Synced check: check=service:timescale/timescale0
    2024-06-27T12:55:01.464Z [INFO]  agent: Synced check: check=service:timescale/timescale0
    2024-06-27T12:57:38.869Z [INFO]  agent: Synced check: check=service:timescale/timescale0
    2024-06-27T13:03:29.764Z [INFO]  agent: Synced check: check=service:timescale/timescale0
    2024-06-27T13:06:44.250Z [INFO]  agent: Synced check: check=service:timescale/timescale0
    2024-06-27T13:11:13.565Z [INFO]  agent: Synced check: check=service:timescale/timescale0
    2024-06-27T13:14:07.943Z [INFO]  agent: Synced check: check=service:timescale/timescale0
    2024-06-27T13:19:56.668Z [INFO]  agent: Synced check: check=service:timescale/timescale0
    2024-06-27T13:23:41.842Z [INFO]  agent: Synced check: check=service:timescale/timescale0
    2024-06-27T13:27:46.620Z [INFO]  agent: Synced check: check=service:timescale/timescale0
    2024-06-27T13:31:00.472Z [INFO]  agent: Synced check: check=service:timescale/timescale0
    2024-06-27T13:34:50.118Z [INFO]  agent: Synced check: check=service:timescale/timescale0
    2024-06-27T13:40:20.243Z [INFO]  agent: Synced check: check=service:timescale/timescale0
    2024-06-27T13:44:31.143Z [INFO]  agent: Synced check: check=service:timescale/timescale0
    2024-06-27T13:50:58.693Z [INFO]  agent: Synced check: check=service:timescale/timescale0
    2024-06-27T13:58:26.391Z [INFO]  agent: Synced check: check=service:timescale/timescale0
    2024-06-27T14:05:07.310Z [INFO]  agent: Synced check: check=service:timescale/timescale0
    2024-06-27T14:09:42.798Z [INFO]  agent: Synced check: check=service:timescale/timescale0
    2024-06-27T14:15:05.299Z [INFO]  agent: Synced check: check=service:timescale/timescale0
    2024-06-27T14:20:14.190Z [INFO]  agent: Synced check: check=service:timescale/timescale0
    2024-06-27T14:25:49.207Z [INFO]  agent: Synced check: check=service:timescale/timescale0
    2024-06-27T14:30:52.522Z [INFO]  agent: Synced check: check=service:timescale/timescale0
    2024-06-27T14:38:14.250Z [INFO]  agent: Synced check: check=service:timescale/timescale0
    2024-06-27T14:40:48.212Z [INFO]  agent: Synced check: check=service:timescale/timescale0
    2024-06-27T14:44:15.838Z [INFO]  agent: Synced check: check=service:timescale/timescale0
    2024-06-27T14:51:12.739Z [INFO]  agent: Synced check: check=service:timescale/timescale0
    2024-06-27T14:56:10.791Z [INFO]  agent: Synced check: check=service:timescale/timescale0
    2024-06-27T15:03:42.367Z [INFO]  agent: Synced check: check=service:timescale/timescale0
    2024-06-27T15:09:07.377Z [INFO]  agent: Synced check: check=service:timescale/timescale0
    2024-06-27T15:12:45.152Z [INFO]  agent: Synced check: check=service:timescale/timescale0
    2024-06-27T15:19:53.632Z [INFO]  agent: Synced check: check=service:timescale/timescale0
    2024-06-27T15:27:10.916Z [INFO]  agent: Synced check: check=service:timescale/timescale0
    2024-06-27T15:32:01.917Z [INFO]  agent: Synced check: check=service:timescale/timescale0
    2024-06-27T15:36:27.416Z [INFO]  agent: Synced check: check=service:timescale/timescale0
    2024-06-27T15:41:11.779Z [INFO]  agent: Synced check: check=service:timescale/timescale0
    2024-06-27T15:46:07.209Z [INFO]  agent: Synced check: check=service:timescale/timescale0
    2024-06-27T15:50:59.435Z [INFO]  agent: Synced check: check=service:timescale/timescale0
    2024-06-27T15:57:15.513Z [INFO]  agent: Synced check: check=service:timescale/timescale0
    2024-06-27T16:01:28.059Z [INFO]  agent: Synced check: check=service:timescale/timescale0
    2024-06-27T16:08:15.664Z [INFO]  agent: Synced check: check=service:timescale/timescale0
    2024-06-27T16:11:02.965Z [INFO]  agent: Synced check: check=service:timescale/timescale0
    2024-06-27T16:16:33.706Z [INFO]  agent: Synced check: check=service:timescale/timescale0
    2024-06-27T16:22:24.419Z [INFO]  agent: Synced check: check=service:timescale/timescale0
    2024-06-27T16:29:45.151Z [INFO]  agent: Synced check: check=service:timescale/timescale0
    2024-06-27T16:33:46.777Z [INFO]  agent: Synced check: check=service:timescale/timescale0
    2024-06-27T16:41:02.328Z [INFO]  agent: Synced check: check=service:timescale/timescale0
    2024-06-27T16:45:57.304Z [INFO]  agent: Synced check: check=service:timescale/timescale0
    2024-06-27T16:50:34.854Z [INFO]  agent: Synced check: check=service:timescale/timescale0
    2024-06-27T16:56:22.248Z [INFO]  agent: Synced check: check=service:timescale/timescale0
    2024-06-27T17:03:43.855Z [INFO]  agent: Synced check: check=service:timescale/timescale0
    2024-06-27T17:10:08.176Z [INFO]  agent: Synced check: check=service:timescale/timescale0
    2024-06-27T17:12:43.018Z [INFO]  agent: Synced check: check=service:timescale/timescale0
    2024-06-27T17:19:47.008Z [INFO]  agent: Synced check: check=service:timescale/timescale0
    2024-06-27T17:24:39.608Z [INFO]  agent: Synced check: check=service:timescale/timescale0
    2024-06-27T17:27:53.563Z [INFO]  agent: Synced check: check=service:timescale/timescale0
    2024-06-27T17:32:17.179Z [INFO]  agent: Synced check: check=service:timescale/timescale0
    2024-06-27T17:37:24.386Z [INFO]  agent: Synced check: check=service:timescale/timescale0
    2024-06-27T17:41:45.156Z [INFO]  agent: Synced check: check=service:timescale/timescale0
    2024-06-27T17:47:51.344Z [INFO]  agent: Synced check: check=service:timescale/timescale0
    2024-06-27T17:54:17.081Z [INFO]  agent: Synced check: check=service:timescale/timescale0
    2024-06-27T18:00:50.245Z [INFO]  agent: Synced check: check=service:timescale/timescale0
    2024-06-27T18:04:23.768Z [INFO]  agent: Synced check: check=service:timescale/timescale0
    2024-06-27T18:07:24.206Z [INFO]  agent: Synced check: check=service:timescale/timescale0
    2024-06-27T18:12:59.478Z [INFO]  agent: Synced check: check=service:timescale/timescale0
    2024-06-27T18:19:13.178Z [INFO]  agent: Synced check: check=service:timescale/timescale0
    2024-06-27T18:22:58.070Z [INFO]  agent: Synced check: check=service:timescale/timescale0
